   1               		.file	"lufa.c"
   2               	__SREG__ = 0x3f
   3               	__SP_H__ = 0x3e
   4               	__SP_L__ = 0x3d
   5               	__CCP__  = 0x34
   6               	__tmp_reg__ = 0
   7               	__zero_reg__ = 1
  15               	.Ltext0:
  16               		.section	.text.EVENT_USB_Device_StartOfFrame,"ax",@progbits
  17               	.global	EVENT_USB_Device_StartOfFrame
  19               	EVENT_USB_Device_StartOfFrame:
  20               	.LFB110:
  21               	.LSM0:
  22               	/* prologue: function */
  23               	/* frame size = 0 */
  24               	.LSM1:
  25 0000 8091 0000 		lds r24,count.4822
  26 0004 8F5F      		subi r24,lo8(-(1))
  27 0006 8093 0000 		sts count.4822,r24
  28 000a 62E3      		ldi r22,lo8(50)
  29 000c 0E94 0000 		call __udivmodqi4
  30 0010 9923      		tst r25
  31 0012 01F4      		brne .L10
  32               	.LSM2:
  33 0014 1092 0000 		sts count.4822,__zero_reg__
  34               	.LSM3:
  35 0018 8091 0000 		lds r24,console_flush
  36 001c 8823      		tst r24
  37 001e 01F0      		breq .L10
  38               	.LBB251:
  39               	.LBB252:
  40               	.LSM4:
  41 0020 8091 0000 		lds r24,USB_DeviceState
  42 0024 8430      		cpi r24,lo8(4)
  43 0026 01F4      		brne .L3
  44               	.LBB253:
  45               	.LBB254:
  46               	.LSM5:
  47 0028 9091 E900 		lds r25,233
  48               	.LBB255:
  49               	.LBB256:
  50               	.LSM6:
  51 002c 8091 EC00 		lds r24,236
  52 0030 80FD      		sbrc r24,0
  53 0032 00C0      		rjmp .L4
  54 0034 80E0      		ldi r24,lo8(0)
  55 0036 00C0      		rjmp .L5
  56               	.L4:
  57 0038 80E8      		ldi r24,lo8(-128)
  58               	.L5:
  59               	.LBE256:
  60               	.LBE255:
  61               	.LSM7:
  62 003a 9F70      		andi r25,lo8(15)
  63               	.LVL0:
  64 003c 982B      		or r25,r24
  65               	.LBE254:
  66               	.LBE253:
  67               	.LBB257:
  68               	.LBB258:
  69               	.LSM8:
  70 003e 84E0      		ldi r24,lo8(4)
  71 0040 8093 E900 		sts 233,r24
  72               	.LBE258:
  73               	.LBE257:
  74               	.LBB259:
  75               	.LBB260:
  76               	.LSM9:
  77 0044 8091 EB00 		lds r24,235
  78               	.LBE260:
  79               	.LBE259:
  80               	.LSM10:
  81 0048 80FF      		sbrs r24,0
  82 004a 00C0      		rjmp .L9
  83               	.LBB261:
  84               	.LBB262:
  85               	.LSM11:
  86 004c 8091 EE00 		lds r24,238
  87               	.LBE262:
  88               	.LBE261:
  89               	.LSM12:
  90 0050 87FD      		sbrc r24,7
  91 0052 00C0      		rjmp .L11
  92 0054 00C0      		rjmp .L9
  93               	.L8:
  94               	.LBB263:
  95               	.LBB264:
  96               	.LSM13:
  97 0056 1092 F100 		sts 241,__zero_reg__
  98               	.L11:
  99               	.LBE264:
 100               	.LBE263:
 101               	.LBB265:
 102               	.LBB266:
 103               	.LSM14:
 104 005a 8091 E800 		lds r24,232
 105               	.LBE266:
 106               	.LBE265:
 107               	.LSM15:
 108 005e 85FD      		sbrc r24,5
 109 0060 00C0      		rjmp .L8
 110               	.LBB267:
 111               	.LBB268:
 112               	.LSM16:
 113 0062 8091 E800 		lds r24,232
 114               	.LBE268:
 115               	.LBE267:
 116               	.LSM17:
 117 0066 80FF      		sbrs r24,0
 118 0068 00C0      		rjmp .L9
 119               	.LBB269:
 120               	.LBB270:
 121               	.LSM18:
 122 006a 8091 E800 		lds r24,232
 123 006e 8E77      		andi r24,lo8(126)
 124 0070 8093 E800 		sts 232,r24
 125               	.L9:
 126               	.LBE270:
 127               	.LBE269:
 128               	.LBB271:
 129               	.LBB272:
 130               	.LSM19:
 131 0074 9F70      		andi r25,lo8(15)
 132 0076 9093 E900 		sts 233,r25
 133               	.L3:
 134               	.LBE272:
 135               	.LBE271:
 136               	.LBE252:
 137               	.LBE251:
 138               	.LSM20:
 139 007a 1092 0000 		sts console_flush,__zero_reg__
 140               	.L10:
 141 007e 0895      		ret
 142               	.LFE110:
 144               		.section	.text.keyboard_leds,"ax",@progbits
 146               	keyboard_leds:
 147               	.LFB113:
 148               	.LSM21:
 149               	/* prologue: function */
 150               	/* frame size = 0 */
 151               	.LSM22:
 152 0000 8091 0000 		lds r24,keyboard_led_stats
 153               	/* epilogue start */
 154 0004 0895      		ret
 155               	.LFE113:
 157               		.section	.text.sendchar,"ax",@progbits
 158               	.global	sendchar
 160               	sendchar:
 161               	.LFB118:
 162               	.LSM23:
 163               	.LVL1:
 164               	/* prologue: function */
 165               	/* frame size = 0 */
 166 0000 682F      		mov r22,r24
 167               	.LBB273:
 168               	.LSM24:
 169 0002 8FB7      		in r24,__SREG__
 170               	.LVL2:
 171               	/* #APP */
 172               	 ;  510 "../../tmk_core/protocol/lufa/lufa.c" 1
 173 0004 F894      		cli
 174               	 ;  0 "" 2
 175               	/* #NOAPP */
 176 0006 1092 0000 		sts console_flush,__zero_reg__
 177 000a 8FBF      		out __SREG__,r24
 178               	.LBE273:
 179               	.LSM25:
 180 000c 8091 0000 		lds r24,USB_DeviceState
 181               	.LVL3:
 182 0010 8430      		cpi r24,lo8(4)
 183 0012 01F0      		breq .L15
 184 0014 8FEF      		ldi r24,lo8(-1)
 185 0016 0895      		ret
 186               	.L15:
 187               	.LBB274:
 188               	.LBB275:
 189               	.LSM26:
 190 0018 9091 E900 		lds r25,233
 191               	.LBB276:
 192               	.LBB277:
 193               	.LSM27:
 194 001c 8091 EC00 		lds r24,236
 195 0020 80FD      		sbrc r24,0
 196 0022 00C0      		rjmp .L17
 197 0024 80E0      		ldi r24,lo8(0)
 198 0026 00C0      		rjmp .L18
 199               	.L17:
 200 0028 80E8      		ldi r24,lo8(-128)
 201               	.L18:
 202               	.LBE277:
 203               	.LBE276:
 204               	.LSM28:
 205 002a 392F      		mov r19,r25
 206               	.LVL4:
 207 002c 3F70      		andi r19,lo8(15)
 208 002e 382B      		or r19,r24
 209               	.LBE275:
 210               	.LBE274:
 211               	.LBB278:
 212               	.LBB279:
 213               	.LSM29:
 214 0030 84E0      		ldi r24,lo8(4)
 215 0032 8093 E900 		sts 233,r24
 216               	.LBE279:
 217               	.LBE278:
 218               	.LBB280:
 219               	.LBB281:
 220               	.LSM30:
 221 0036 8091 EB00 		lds r24,235
 222               	.LBE281:
 223               	.LBE280:
 224               	.LSM31:
 225 003a 80FF      		sbrs r24,0
 226 003c 00C0      		rjmp .L19
 227               	.LBB282:
 228               	.LBB283:
 229               	.LSM32:
 230 003e 8091 EE00 		lds r24,238
 231               	.LBE283:
 232               	.LBE282:
 233               	.LSM33:
 234 0042 87FF      		sbrs r24,7
 235 0044 00C0      		rjmp .L19
 236               	.LSM34:
 237 0046 8091 0000 		lds r24,timeouted.4975
 238 004a 8823      		tst r24
 239 004c 01F0      		breq .L20
 240               	.LBB284:
 241               	.LBB285:
 242               	.LSM35:
 243 004e 8091 E800 		lds r24,232
 244               	.LBE285:
 245               	.LBE284:
 246               	.LSM36:
 247 0052 85FF      		sbrs r24,5
 248 0054 00C0      		rjmp .L19
 249               	.L20:
 250               	.LSM37:
 251 0056 1092 0000 		sts timeouted.4975,__zero_reg__
 252 005a 25E0      		ldi r18,lo8(5)
 253               	.LVL5:
 254               	.LBB286:
 255               	.LBB287:
 256               	.LBB288:
 257               	.LBB289:
 258               	.LSM38:
 259 005c 40EA      		ldi r20,lo8(4000)
 260 005e 5FE0      		ldi r21,hi8(4000)
 261 0060 00C0      		rjmp .L21
 262               	.L23:
 263               	.LBE289:
 264               	.LBE288:
 265               	.LBE287:
 266               	.LBE286:
 267               	.LSM39:
 268 0062 8091 0000 		lds r24,USB_DeviceState
 269 0066 8430      		cpi r24,lo8(4)
 270 0068 01F4      		brne .L19
 271               	.LBB293:
 272               	.LBB294:
 273               	.LSM40:
 274 006a 8091 EB00 		lds r24,235
 275               	.LBE294:
 276               	.LBE293:
 277               	.LSM41:
 278 006e 85FD      		sbrc r24,5
 279 0070 00C0      		rjmp .L19
 280               	.LSM42:
 281 0072 2223      		tst r18
 282 0074 01F4      		brne .L22
 283               	.LSM43:
 284 0076 81E0      		ldi r24,lo8(1)
 285 0078 8093 0000 		sts timeouted.4975,r24
 286 007c 00C0      		rjmp .L19
 287               	.L22:
 288               	.LSM44:
 289 007e 2150      		subi r18,lo8(-(-1))
 290               	.LBB295:
 291               	.LBB292:
 292               	.LBB291:
 293               	.LBB290:
 294               	.LSM45:
 295 0080 CA01      		movw r24,r20
 296               	.LVL6:
 297               	/* #APP */
 298               	 ;  105 "c:/winavr-20100110/lib/gcc/../../avr/include/util/delay_basic.h" 1
 299 0082 0197      		1: sbiw r24,1
 300 0084 01F4      		brne 1b
 301               	 ;  0 "" 2
 302               	/* #NOAPP */
 303               	.L21:
 304               	.LBE290:
 305               	.LBE291:
 306               	.LBE292:
 307               	.LBE295:
 308               	.LBB296:
 309               	.LBB297:
 310               	.LSM46:
 311 0086 8091 E800 		lds r24,232
 312               	.LVL7:
 313               	.LBE297:
 314               	.LBE296:
 315               	.LSM47:
 316 008a 85FF      		sbrs r24,5
 317 008c 00C0      		rjmp .L23
 318               	.LBB298:
 319               	.LBB299:
 320               	.LSM48:
 321 008e 6093 F100 		sts 241,r22
 322               	.LBE299:
 323               	.LBE298:
 324               	.LBB300:
 325               	.LBB301:
 326               	.LSM49:
 327 0092 8091 E800 		lds r24,232
 328               	.LBE301:
 329               	.LBE300:
 330               	.LSM50:
 331 0096 85FD      		sbrc r24,5
 332 0098 00C0      		rjmp .L24
 333               	.L28:
 334               	.LBB302:
 335               	.LBB303:
 336               	.LSM51:
 337 009a 8091 E800 		lds r24,232
 338               	.LBE303:
 339               	.LBE302:
 340               	.LSM52:
 341 009e 80FF      		sbrs r24,0
 342 00a0 00C0      		rjmp .L28
 343               	.LBB304:
 344               	.LBB305:
 345               	.LSM53:
 346 00a2 8091 E800 		lds r24,232
 347 00a6 8E77      		andi r24,lo8(126)
 348 00a8 8093 E800 		sts 232,r24
 349 00ac 00C0      		rjmp .L26
 350               	.L24:
 351               	.LBE305:
 352               	.LBE304:
 353               	.LBB306:
 354               	.LSM54:
 355 00ae 9FB7      		in r25,__SREG__
 356               	.LVL8:
 357               	/* #APP */
 358               	 ;  549 "../../tmk_core/protocol/lufa/lufa.c" 1
 359 00b0 F894      		cli
 360               	 ;  0 "" 2
 361               	/* #NOAPP */
 362 00b2 81E0      		ldi r24,lo8(1)
 363 00b4 8093 0000 		sts console_flush,r24
 364 00b8 9FBF      		out __SREG__,r25
 365               	.L26:
 366               	.LBE306:
 367               	.LBB307:
 368               	.LBB308:
 369               	.LSM55:
 370 00ba 3F70      		andi r19,lo8(15)
 371 00bc 3093 E900 		sts 233,r19
 372 00c0 80E0      		ldi r24,lo8(0)
 373 00c2 0895      		ret
 374               	.LVL9:
 375               	.L19:
 376               	.LBE308:
 377               	.LBE307:
 378               	.LBB309:
 379               	.LBB310:
 380               	.LSM56:
 381 00c4 3F70      		andi r19,lo8(15)
 382               	.LSM57:
 383 00c6 3093 E900 		sts 233,r19
 384 00ca 8FEF      		ldi r24,lo8(-1)
 385               	.LBE310:
 386               	.LBE309:
 387               	.LSM58:
 388 00cc 0895      		ret
 389               	.LFE118:
 391               		.section	.text.send_consumer,"ax",@progbits
 393               	send_consumer:
 394               	.LFB117:
 395               	.LSM59:
 396               	.LVL10:
 397 0000 DF93      		push r29
 398 0002 CF93      		push r28
 399 0004 00D0      		rcall .
 400 0006 0F92      		push __tmp_reg__
 401 0008 CDB7      		in r28,__SP_L__
 402 000a DEB7      		in r29,__SP_H__
 403               	/* prologue: function */
 404               	/* frame size = 3 */
 405 000c AC01      		movw r20,r24
 406               	.LSM60:
 407 000e 8091 0000 		lds r24,USB_DeviceState
 408               	.LVL11:
 409 0012 8430      		cpi r24,lo8(4)
 410 0014 01F4      		brne .L35
 411               	.LBB311:
 412               	.LBB312:
 413               	.LSM61:
 414 0016 83E0      		ldi r24,lo8(3)
 415 0018 8093 E900 		sts 233,r24
 416 001c 2FEF      		ldi r18,lo8(-1)
 417               	.LBE312:
 418               	.LBE311:
 419               	.LBB313:
 420               	.LBB314:
 421               	.LBB315:
 422               	.LBB316:
 423               	.LSM62:
 424 001e 95ED      		ldi r25,lo8(-43)
 425 0020 00C0      		rjmp .L32
 426               	.L34:
 427 0022 892F      		mov r24,r25
 428               	.LVL12:
 429               	/* #APP */
 430               	 ;  83 "c:/winavr-20100110/lib/gcc/../../avr/include/util/delay_basic.h" 1
 431 0024 8A95      		1: dec r24
 432 0026 01F4      		brne 1b
 433               	 ;  0 "" 2
 434               	/* #NOAPP */
 435               	.LBE316:
 436               	.LBE315:
 437               	.LBE314:
 438               	.LBE313:
 439               	.LSM63:
 440 0028 2223      		tst r18
 441 002a 01F0      		breq .L33
 442               	.L32:
 443               	.LBB317:
 444               	.LBB318:
 445               	.LSM64:
 446 002c 8091 E800 		lds r24,232
 447               	.LVL13:
 448 0030 2150      		subi r18,lo8(-(-1))
 449               	.LBE318:
 450               	.LBE317:
 451               	.LSM65:
 452 0032 85FF      		sbrs r24,5
 453 0034 00C0      		rjmp .L34
 454               	.LVL14:
 455               	.L33:
 456               	.LBB319:
 457               	.LBB320:
 458               	.LSM66:
 459 0036 8091 E800 		lds r24,232
 460               	.LVL15:
 461               	.LBE320:
 462               	.LBE319:
 463               	.LSM67:
 464 003a 85FF      		sbrs r24,5
 465 003c 00C0      		rjmp .L35
 466               	.LSM68:
 467 003e 5B83      		std Y+3,r21
 468 0040 4A83      		std Y+2,r20
 469 0042 83E0      		ldi r24,lo8(3)
 470 0044 8983      		std Y+1,r24
 471               	.LSM69:
 472 0046 CE01      		movw r24,r28
 473 0048 0196      		adiw r24,1
 474 004a 63E0      		ldi r22,lo8(3)
 475 004c 70E0      		ldi r23,hi8(3)
 476 004e 40E0      		ldi r20,lo8(0)
 477 0050 50E0      		ldi r21,hi8(0)
 478               	.LVL16:
 479 0052 0E94 0000 		call Endpoint_Write_Stream_LE
 480               	.LBB321:
 481               	.LBB322:
 482               	.LSM70:
 483 0056 8091 E800 		lds r24,232
 484 005a 8E77      		andi r24,lo8(126)
 485 005c 8093 E800 		sts 232,r24
 486               	.LVL17:
 487               	.L35:
 488               	/* epilogue start */
 489               	.LBE322:
 490               	.LBE321:
 491               	.LSM71:
 492 0060 0F90      		pop __tmp_reg__
 493 0062 0F90      		pop __tmp_reg__
 494 0064 0F90      		pop __tmp_reg__
 495 0066 CF91      		pop r28
 496 0068 DF91      		pop r29
 497 006a 0895      		ret
 498               	.LFE117:
 500               		.section	.text.send_system,"ax",@progbits
 502               	send_system:
 503               	.LFB116:
 504               	.LSM72:
 505               	.LVL18:
 506 0000 DF93      		push r29
 507 0002 CF93      		push r28
 508 0004 00D0      		rcall .
 509 0006 0F92      		push __tmp_reg__
 510 0008 CDB7      		in r28,__SP_L__
 511 000a DEB7      		in r29,__SP_H__
 512               	/* prologue: function */
 513               	/* frame size = 3 */
 514 000c AC01      		movw r20,r24
 515               	.LSM73:
 516 000e 8091 0000 		lds r24,USB_DeviceState
 517               	.LVL19:
 518 0012 8430      		cpi r24,lo8(4)
 519 0014 01F4      		brne .L41
 520               	.LBB323:
 521               	.LBB324:
 522               	.LSM74:
 523 0016 83E0      		ldi r24,lo8(3)
 524 0018 8093 E900 		sts 233,r24
 525 001c 2FEF      		ldi r18,lo8(-1)
 526               	.LBE324:
 527               	.LBE323:
 528               	.LBB325:
 529               	.LBB326:
 530               	.LBB327:
 531               	.LBB328:
 532               	.LSM75:
 533 001e 95ED      		ldi r25,lo8(-43)
 534 0020 00C0      		rjmp .L38
 535               	.L40:
 536 0022 892F      		mov r24,r25
 537               	.LVL20:
 538               	/* #APP */
 539               	 ;  83 "c:/winavr-20100110/lib/gcc/../../avr/include/util/delay_basic.h" 1
 540 0024 8A95      		1: dec r24
 541 0026 01F4      		brne 1b
 542               	 ;  0 "" 2
 543               	/* #NOAPP */
 544               	.LBE328:
 545               	.LBE327:
 546               	.LBE326:
 547               	.LBE325:
 548               	.LSM76:
 549 0028 2223      		tst r18
 550 002a 01F0      		breq .L39
 551               	.L38:
 552               	.LBB329:
 553               	.LBB330:
 554               	.LSM77:
 555 002c 8091 E800 		lds r24,232
 556               	.LVL21:
 557 0030 2150      		subi r18,lo8(-(-1))
 558               	.LBE330:
 559               	.LBE329:
 560               	.LSM78:
 561 0032 85FF      		sbrs r24,5
 562 0034 00C0      		rjmp .L40
 563               	.LVL22:
 564               	.L39:
 565               	.LBB331:
 566               	.LBB332:
 567               	.LSM79:
 568 0036 8091 E800 		lds r24,232
 569               	.LVL23:
 570               	.LBE332:
 571               	.LBE331:
 572               	.LSM80:
 573 003a 85FF      		sbrs r24,5
 574 003c 00C0      		rjmp .L41
 575               	.LSM81:
 576 003e 5B83      		std Y+3,r21
 577 0040 4A83      		std Y+2,r20
 578 0042 82E0      		ldi r24,lo8(2)
 579 0044 8983      		std Y+1,r24
 580               	.LSM82:
 581 0046 CE01      		movw r24,r28
 582 0048 0196      		adiw r24,1
 583 004a 63E0      		ldi r22,lo8(3)
 584 004c 70E0      		ldi r23,hi8(3)
 585 004e 40E0      		ldi r20,lo8(0)
 586 0050 50E0      		ldi r21,hi8(0)
 587               	.LVL24:
 588 0052 0E94 0000 		call Endpoint_Write_Stream_LE
 589               	.LBB333:
 590               	.LBB334:
 591               	.LSM83:
 592 0056 8091 E800 		lds r24,232
 593 005a 8E77      		andi r24,lo8(126)
 594 005c 8093 E800 		sts 232,r24
 595               	.LVL25:
 596               	.L41:
 597               	/* epilogue start */
 598               	.LBE334:
 599               	.LBE333:
 600               	.LSM84:
 601 0060 0F90      		pop __tmp_reg__
 602 0062 0F90      		pop __tmp_reg__
 603 0064 0F90      		pop __tmp_reg__
 604 0066 CF91      		pop r28
 605 0068 DF91      		pop r29
 606 006a 0895      		ret
 607               	.LFE116:
 609               		.section	.text.send_mouse,"ax",@progbits
 611               	send_mouse:
 612               	.LFB115:
 613               	.LSM85:
 614               	.LVL26:
 615               	/* prologue: function */
 616               	/* frame size = 0 */
 617 0000 AC01      		movw r20,r24
 618               	.LSM86:
 619 0002 8091 0000 		lds r24,USB_DeviceState
 620               	.LVL27:
 621 0006 8430      		cpi r24,lo8(4)
 622 0008 01F4      		brne .L47
 623               	.LBB335:
 624               	.LBB336:
 625               	.LSM87:
 626 000a 82E0      		ldi r24,lo8(2)
 627 000c 8093 E900 		sts 233,r24
 628 0010 2FEF      		ldi r18,lo8(-1)
 629               	.LBE336:
 630               	.LBE335:
 631               	.LBB337:
 632               	.LBB338:
 633               	.LBB339:
 634               	.LBB340:
 635               	.LSM88:
 636 0012 95ED      		ldi r25,lo8(-43)
 637 0014 00C0      		rjmp .L44
 638               	.L46:
 639 0016 892F      		mov r24,r25
 640               	.LVL28:
 641               	/* #APP */
 642               	 ;  83 "c:/winavr-20100110/lib/gcc/../../avr/include/util/delay_basic.h" 1
 643 0018 8A95      		1: dec r24
 644 001a 01F4      		brne 1b
 645               	 ;  0 "" 2
 646               	/* #NOAPP */
 647               	.LBE340:
 648               	.LBE339:
 649               	.LBE338:
 650               	.LBE337:
 651               	.LSM89:
 652 001c 2223      		tst r18
 653 001e 01F0      		breq .L45
 654               	.L44:
 655               	.LBB341:
 656               	.LBB342:
 657               	.LSM90:
 658 0020 8091 E800 		lds r24,232
 659               	.LVL29:
 660 0024 2150      		subi r18,lo8(-(-1))
 661               	.LBE342:
 662               	.LBE341:
 663               	.LSM91:
 664 0026 85FF      		sbrs r24,5
 665 0028 00C0      		rjmp .L46
 666               	.LVL30:
 667               	.L45:
 668               	.LBB343:
 669               	.LBB344:
 670               	.LSM92:
 671 002a 8091 E800 		lds r24,232
 672               	.LVL31:
 673               	.LBE344:
 674               	.LBE343:
 675               	.LSM93:
 676 002e 85FF      		sbrs r24,5
 677 0030 00C0      		rjmp .L47
 678               	.LSM94:
 679 0032 CA01      		movw r24,r20
 680 0034 65E0      		ldi r22,lo8(5)
 681 0036 70E0      		ldi r23,hi8(5)
 682 0038 40E0      		ldi r20,lo8(0)
 683 003a 50E0      		ldi r21,hi8(0)
 684               	.LVL32:
 685 003c 0E94 0000 		call Endpoint_Write_Stream_LE
 686               	.LBB345:
 687               	.LBB346:
 688               	.LSM95:
 689 0040 8091 E800 		lds r24,232
 690 0044 8E77      		andi r24,lo8(126)
 691 0046 8093 E800 		sts 232,r24
 692               	.LVL33:
 693               	.L47:
 694 004a 0895      		ret
 695               	.LBE346:
 696               	.LBE345:
 697               	.LFE115:
 699               		.section	.text.send_keyboard,"ax",@progbits
 701               	send_keyboard:
 702               	.LFB114:
 703               	.LSM96:
 704               	.LVL34:
 705 0000 0F93      		push r16
 706 0002 1F93      		push r17
 707               	/* prologue: function */
 708               	/* frame size = 0 */
 709 0004 182F      		mov r17,r24
 710 0006 092F      		mov r16,r25
 711               	.LVL35:
 712               	.LSM97:
 713 0008 8091 0000 		lds r24,USB_DeviceState
 714               	.LVL36:
 715 000c 8430      		cpi r24,lo8(4)
 716 000e 01F0      		breq .+2
 717 0010 00C0      		rjmp .L59
 718               	.LVL37:
 719               	.LSM98:
 720 0012 8091 0000 		lds r24,keyboard_protocol
 721 0016 8823      		tst r24
 722 0018 01F0      		breq .L50
 723 001a 8091 0000 		lds r24,keyboard_nkro
 724 001e 8823      		tst r24
 725 0020 01F0      		breq .L50
 726               	.LBB347:
 727               	.LBB348:
 728               	.LSM99:
 729 0022 85E0      		ldi r24,lo8(5)
 730 0024 8093 E900 		sts 233,r24
 731 0028 9FEF      		ldi r25,lo8(-1)
 732               	.LBE348:
 733               	.LBE347:
 734               	.LBB349:
 735               	.LBB350:
 736               	.LBB351:
 737               	.LBB352:
 738               	.LSM100:
 739 002a 25E1      		ldi r18,lo8(21)
 740 002c 00C0      		rjmp .L51
 741               	.L53:
 742 002e 822F      		mov r24,r18
 743               	.LVL38:
 744               	/* #APP */
 745               	 ;  83 "c:/winavr-20100110/lib/gcc/../../avr/include/util/delay_basic.h" 1
 746 0030 8A95      		1: dec r24
 747 0032 01F4      		brne 1b
 748               	 ;  0 "" 2
 749               	/* #NOAPP */
 750               	.LBE352:
 751               	.LBE351:
 752               	.LBE350:
 753               	.LBE349:
 754               	.LSM101:
 755 0034 9923      		tst r25
 756 0036 01F0      		breq .L52
 757               	.L51:
 758               	.LBB353:
 759               	.LBB354:
 760               	.LSM102:
 761 0038 8091 E800 		lds r24,232
 762               	.LVL39:
 763 003c 9150      		subi r25,lo8(-(-1))
 764               	.LBE354:
 765               	.LBE353:
 766               	.LSM103:
 767 003e 85FF      		sbrs r24,5
 768 0040 00C0      		rjmp .L53
 769               	.LVL40:
 770               	.L52:
 771               	.LBB355:
 772               	.LBB356:
 773               	.LSM104:
 774 0042 8091 E800 		lds r24,232
 775               	.LVL41:
 776               	.LBE356:
 777               	.LBE355:
 778               	.LSM105:
 779 0046 85FF      		sbrs r24,5
 780 0048 00C0      		rjmp .L59
 781               	.LSM106:
 782 004a 812F      		mov r24,r17
 783 004c 902F      		mov r25,r16
 784 004e 60E1      		ldi r22,lo8(16)
 785 0050 70E0      		ldi r23,hi8(16)
 786 0052 00C0      		rjmp .L61
 787               	.LVL42:
 788               	.L50:
 789               	.LBB357:
 790               	.LBB358:
 791               	.LSM107:
 792 0054 81E0      		ldi r24,lo8(1)
 793 0056 8093 E900 		sts 233,r24
 794 005a 9FEF      		ldi r25,lo8(-1)
 795               	.LBE358:
 796               	.LBE357:
 797               	.LBB359:
 798               	.LBB360:
 799               	.LBB361:
 800               	.LBB362:
 801               	.LSM108:
 802 005c 25ED      		ldi r18,lo8(-43)
 803 005e 00C0      		rjmp .L55
 804               	.L57:
 805 0060 822F      		mov r24,r18
 806               	.LVL43:
 807               	/* #APP */
 808               	 ;  83 "c:/winavr-20100110/lib/gcc/../../avr/include/util/delay_basic.h" 1
 809 0062 8A95      		1: dec r24
 810 0064 01F4      		brne 1b
 811               	 ;  0 "" 2
 812               	/* #NOAPP */
 813               	.LBE362:
 814               	.LBE361:
 815               	.LBE360:
 816               	.LBE359:
 817               	.LSM109:
 818 0066 9923      		tst r25
 819 0068 01F0      		breq .L56
 820               	.L55:
 821               	.LBB363:
 822               	.LBB364:
 823               	.LSM110:
 824 006a 8091 E800 		lds r24,232
 825               	.LVL44:
 826 006e 9150      		subi r25,lo8(-(-1))
 827               	.LBE364:
 828               	.LBE363:
 829               	.LSM111:
 830 0070 85FF      		sbrs r24,5
 831 0072 00C0      		rjmp .L57
 832               	.LVL45:
 833               	.L56:
 834               	.LBB365:
 835               	.LBB366:
 836               	.LSM112:
 837 0074 8091 E800 		lds r24,232
 838               	.LVL46:
 839               	.LBE366:
 840               	.LBE365:
 841               	.LSM113:
 842 0078 85FF      		sbrs r24,5
 843 007a 00C0      		rjmp .L59
 844               	.LSM114:
 845 007c 812F      		mov r24,r17
 846 007e 902F      		mov r25,r16
 847 0080 68E0      		ldi r22,lo8(8)
 848 0082 70E0      		ldi r23,hi8(8)
 849               	.L61:
 850 0084 40E0      		ldi r20,lo8(0)
 851 0086 50E0      		ldi r21,hi8(0)
 852 0088 0E94 0000 		call Endpoint_Write_Stream_LE
 853               	.LBB367:
 854               	.LBB368:
 855               	.LSM115:
 856 008c 8091 E800 		lds r24,232
 857 0090 8E77      		andi r24,lo8(126)
 858 0092 8093 E800 		sts 232,r24
 859               	.LBE368:
 860               	.LBE367:
 861               	.LSM116:
 862 0096 A0E0      		ldi r26,lo8(keyboard_report_sent)
 863 0098 B0E0      		ldi r27,hi8(keyboard_report_sent)
 864 009a 212F      		mov r18,r17
 865 009c 302F      		mov r19,r16
 866 009e C901      		movw r24,r18
 867 00a0 FC01      		movw r30,r24
 868 00a2 80E1      		ldi r24,lo8(16)
 869               	.LVL47:
 870               	.L58:
 871 00a4 0190      		ld r0,Z+
 872 00a6 0D92      		st X+,r0
 873 00a8 8150      		subi r24,lo8(-(-1))
 874 00aa 01F4      		brne .L58
 875               	.LVL48:
 876               	.L59:
 877               	/* epilogue start */
 878               	.LSM117:
 879 00ac 1F91      		pop r17
 880               	.LVL49:
 881 00ae 0F91      		pop r16
 882               	.LVL50:
 883 00b0 0895      		ret
 884               	.LFE114:
 886               		.section	.text.EVENT_USB_Device_Suspend,"ax",@progbits
 887               	.global	EVENT_USB_Device_Suspend
 889               	EVENT_USB_Device_Suspend:
 890               	.LFB108:
 891               	.LSM118:
 892               	/* prologue: function */
 893               	/* frame size = 0 */
 894               	.LSM119:
 895 0000 80E0      		ldi r24,lo8(__c.4812)
 896 0002 90E0      		ldi r25,hi8(__c.4812)
 897 0004 0E94 0000 		call xputs
 898               	/* epilogue start */
 899               	.LSM120:
 900 0008 0895      		ret
 901               	.LFE108:
 903               		.section	.text.EVENT_USB_Device_Reset,"ax",@progbits
 904               	.global	EVENT_USB_Device_Reset
 906               	EVENT_USB_Device_Reset:
 907               	.LFB107:
 908               	.LSM121:
 909               	/* prologue: function */
 910               	/* frame size = 0 */
 911               	.LSM122:
 912 0000 80E0      		ldi r24,lo8(__c.4808)
 913 0002 90E0      		ldi r25,hi8(__c.4808)
 914 0004 0E94 0000 		call xputs
 915               	/* epilogue start */
 916               	.LSM123:
 917 0008 0895      		ret
 918               	.LFE107:
 920               		.section	.text.EVENT_USB_Device_Disconnect,"ax",@progbits
 921               	.global	EVENT_USB_Device_Disconnect
 923               	EVENT_USB_Device_Disconnect:
 924               	.LFB106:
 925               	.LSM124:
 926               	/* prologue: function */
 927               	/* frame size = 0 */
 928               	.LSM125:
 929 0000 80E0      		ldi r24,lo8(__c.4803)
 930 0002 90E0      		ldi r25,hi8(__c.4803)
 931 0004 0E94 0000 		call xputs
 932               	.LSM126:
 933 0008 1092 0000 		sts USB_IsInitialized,__zero_reg__
 934               	/* epilogue start */
 935               	.LSM127:
 936 000c 0895      		ret
 937               	.LFE106:
 939               		.section	.text.EVENT_USB_Device_Connect,"ax",@progbits
 940               	.global	EVENT_USB_Device_Connect
 942               	EVENT_USB_Device_Connect:
 943               	.LFB105:
 944               	.LSM128:
 945               	/* prologue: function */
 946               	/* frame size = 0 */
 947               	.LSM129:
 948 0000 80E0      		ldi r24,lo8(__c.4796)
 949 0002 90E0      		ldi r25,hi8(__c.4796)
 950 0004 0E94 0000 		call xputs
 951               	.LSM130:
 952 0008 8091 0000 		lds r24,USB_IsInitialized
 953 000c 8823      		tst r24
 954 000e 01F4      		brne .L70
 955               	.LSM131:
 956 0010 0E94 0000 		call USB_Disable
 957               	.LSM132:
 958 0014 0E94 0000 		call USB_Init
 959               	.LBB369:
 960               	.LBB370:
 961               	.LBB371:
 962               	.LBB372:
 963               	.LSM133:
 964 0018 8091 E200 		lds r24,226
 965 001c 8460      		ori r24,lo8(4)
 966 001e 8093 E200 		sts 226,r24
 967               	.L70:
 968 0022 0895      		ret
 969               	.LBE372:
 970               	.LBE371:
 971               	.LBE370:
 972               	.LBE369:
 973               	.LFE105:
 975               		.section	.text.main,"ax",@progbits
 976               		.weak	main
 978               	main:
 979               	.LFB121:
 980               	.LSM134:
 981               	/* prologue: function */
 982               	/* frame size = 0 */
 983               	.LBB385:
 984               	.LBB386:
 985               	.LSM135:
 986 0000 84B7      		in r24,84-32
 987 0002 877F      		andi r24,lo8(-9)
 988 0004 84BF      		out 84-32,r24
 989               	.LSM136:
 990 0006 88E1      		ldi r24,lo8(24)
 991               	/* #APP */
 992               	 ;  573 "../../tmk_core/protocol/lufa/lufa.c" 1
 993 0008 0FB6      		in __tmp_reg__, __SREG__
 994 000a F894      		cli
 995 000c 8093 6000 		sts 96, r24
 996 0010 1092 6000 		sts 96, __zero_reg__
 997 0014 0FBE      		out __SREG__,__tmp_reg__
 998               		
 999               	 ;  0 "" 2
 1000               	/* #NOAPP */
 1001               	.LBB387:
 1002               	.LSM137:
 1003 0016 80E0      		ldi r24,lo8(0)
 1004 0018 90E0      		ldi r25,hi8(0)
 1005 001a 20E8      		ldi r18,lo8(-128)
 1006               	/* #APP */
 1007               	 ;  576 "../../tmk_core/protocol/lufa/lufa.c" 1
 1008 001c 0FB6      		in __tmp_reg__,__SREG__
 1009 001e F894      		cli
 1010 0020 2093 6100 		sts 97, r18
 1011 0024 8093 6100 		sts 97, r24
 1012 0028 0FBE      		out __SREG__, __tmp_reg__
 1013               	 ;  0 "" 2
 1014               	/* #NOAPP */
 1015               	.LBE387:
 1016               	.LBE386:
 1017               	.LBE385:
 1018               	.LSM138:
 1019 002a 0E94 0000 		call keyboard_setup
 1020               	.LBB388:
 1021               	.LBB389:
 1022               	.LSM139:
 1023 002e 0E94 0000 		call USB_Disable
 1024               	.LSM140:
 1025 0032 0E94 0000 		call USB_Init
 1026               	.LBB390:
 1027               	.LBB391:
 1028               	.LBB392:
 1029               	.LBB393:
 1030               	.LSM141:
 1031 0036 8091 E200 		lds r24,226
 1032 003a 8460      		ori r24,lo8(4)
 1033 003c 8093 E200 		sts 226,r24
 1034               	.LBE393:
 1035               	.LBE392:
 1036               	.LBE391:
 1037               	.LBE390:
 1038               	.LSM142:
 1039 0040 80E0      		ldi r24,lo8(gs(sendchar))
 1040 0042 90E0      		ldi r25,hi8(gs(sendchar))
 1041 0044 0E94 0000 		call print_set_sendchar
 1042               	.LBE389:
 1043               	.LBE388:
 1044               	.LSM143:
 1045               	/* #APP */
 1046               	 ;  597 "../../tmk_core/protocol/lufa/lufa.c" 1
 1047 0048 7894      		sei
 1048               	 ;  0 "" 2
 1049               	/* #NOAPP */
 1050               	.L72:
 1051               	.LSM144:
 1052 004a 8091 0000 		lds r24,USB_DeviceState
 1053 004e 8430      		cpi r24,lo8(4)
 1054 0050 01F4      		brne .L72
 1055               	.LSM145:
 1056 0052 80E0      		ldi r24,lo8(__c.5025)
 1057 0054 90E0      		ldi r25,hi8(__c.5025)
 1058 0056 0E94 0000 		call xputs
 1059               	.LSM146:
 1060 005a 0E94 0000 		call keyboard_init
 1061               	.LSM147:
 1062 005e 80E0      		ldi r24,lo8(lufa_driver)
 1063 0060 90E0      		ldi r25,hi8(lufa_driver)
 1064 0062 0E94 0000 		call host_set_driver
 1065               	.LSM148:
 1066 0066 80E0      		ldi r24,lo8(__c.5027)
 1067 0068 90E0      		ldi r25,hi8(__c.5027)
 1068 006a 0E94 0000 		call xputs
 1069 006e 00C0      		rjmp .L79
 1070               	.L74:
 1071               	.LSM149:
 1072 0070 80E0      		ldi r24,lo8(__c.5029)
 1073 0072 90E0      		ldi r25,hi8(__c.5029)
 1074 0074 0E94 0000 		call xputs
 1075               	.LSM150:
 1076 0078 0E94 0000 		call suspend_power_down
 1077               	.LSM151:
 1078 007c 8091 0000 		lds r24,USB_Device_RemoteWakeupEnabled
 1079 0080 8823      		tst r24
 1080 0082 01F0      		breq .L79
 1081 0084 0E94 0000 		call suspend_wakeup_condition
 1082 0088 8823      		tst r24
 1083 008a 01F0      		breq .L79
 1084               	.LSM152:
 1085 008c 0E94 0000 		call USB_Device_SendRemoteWakeup
 1086               	.L79:
 1087               	.LSM153:
 1088 0090 8091 0000 		lds r24,USB_DeviceState
 1089 0094 8530      		cpi r24,lo8(5)
 1090 0096 01F0      		breq .L74
 1091               	.LSM154:
 1092 0098 0E94 0000 		call keyboard_task
 1093 009c 00C0      		rjmp .L79
 1094               	.LFE121:
 1096               		.section	.text.EVENT_USB_Device_ControlRequest,"ax",@progbits
 1097               	.global	EVENT_USB_Device_ControlRequest
 1099               	EVENT_USB_Device_ControlRequest:
 1100               	.LFB112:
 1101               	.LSM155:
 1102               	/* prologue: function */
 1103               	/* frame size = 0 */
 1104               	.LSM156:
 1105 0000 8091 0000 		lds r24,USB_ControlRequest+1
 1106 0004 8330      		cpi r24,lo8(3)
 1107 0006 01F4      		brne .+2
 1108 0008 00C0      		rjmp .L84
 1109 000a 8430      		cpi r24,lo8(4)
 1110 000c 00F4      		brsh .L88
 1111 000e 8130      		cpi r24,lo8(1)
 1112 0010 01F0      		breq .L82
 1113 0012 8230      		cpi r24,lo8(2)
 1114 0014 01F0      		breq .+2
 1115 0016 00C0      		rjmp .L97
 1116 0018 00C0      		rjmp .L102
 1117               	.L88:
 1118 001a 8A30      		cpi r24,lo8(10)
 1119 001c 01F4      		brne .+2
 1120 001e 00C0      		rjmp .L86
 1121 0020 8B30      		cpi r24,lo8(11)
 1122 0022 01F4      		brne .+2
 1123 0024 00C0      		rjmp .L87
 1124 0026 8930      		cpi r24,lo8(9)
 1125 0028 01F0      		breq .+2
 1126 002a 00C0      		rjmp .L97
 1127 002c 00C0      		rjmp .L103
 1128               	.L82:
 1129               	.LSM157:
 1130 002e 8091 0000 		lds r24,USB_ControlRequest
 1131 0032 813A      		cpi r24,lo8(-95)
 1132 0034 01F0      		breq .+2
 1133 0036 00C0      		rjmp .L97
 1134               	.LBB394:
 1135               	.LBB395:
 1136               	.LSM158:
 1137 0038 8091 E800 		lds r24,232
 1138 003c 877F      		andi r24,lo8(-9)
 1139 003e 8093 E800 		sts 232,r24
 1140               	.LBE395:
 1141               	.LBE394:
 1142               	.LSM159:
 1143 0042 8091 0000 		lds r24,USB_ControlRequest+4
 1144 0046 9091 0000 		lds r25,(USB_ControlRequest+4)+1
 1145 004a 892B      		or r24,r25
 1146 004c 01F4      		brne .L100
 1147 004e 80E0      		ldi r24,lo8(keyboard_report_sent)
 1148 0050 90E0      		ldi r25,hi8(keyboard_report_sent)
 1149               	.LVL51:
 1150 0052 60E1      		ldi r22,lo8(16)
 1151               	.LVL52:
 1152 0054 00C0      		rjmp .L91
 1153               	.LVL53:
 1154               	.L100:
 1155 0056 80E0      		ldi r24,lo8(0)
 1156 0058 90E0      		ldi r25,hi8(0)
 1157               	.LVL54:
 1158 005a 60E0      		ldi r22,lo8(0)
 1159               	.LVL55:
 1160               	.L91:
 1161               	.LSM160:
 1162 005c 70E0      		ldi r23,lo8(0)
 1163 005e 0E94 0000 		call Endpoint_Write_Control_Stream_LE
 1164               	.LVL56:
 1165               	.LBB396:
 1166               	.LBB397:
 1167               	.LSM161:
 1168 0062 8091 E800 		lds r24,232
 1169 0066 8B77      		andi r24,lo8(123)
 1170 0068 8093 E800 		sts 232,r24
 1171 006c 0895      		ret
 1172               	.L103:
 1173               	.LBE397:
 1174               	.LBE396:
 1175               	.LSM162:
 1176 006e 8091 0000 		lds r24,USB_ControlRequest
 1177 0072 8132      		cpi r24,lo8(33)
 1178 0074 01F0      		breq .+2
 1179 0076 00C0      		rjmp .L97
 1180               	.LSM163:
 1181 0078 8091 0000 		lds r24,USB_ControlRequest+4
 1182 007c 9091 0000 		lds r25,(USB_ControlRequest+4)+1
 1183 0080 0097      		sbiw r24,0
 1184 0082 01F0      		breq .L92
 1185 0084 0497      		sbiw r24,4
 1186 0086 01F0      		breq .+2
 1187 0088 00C0      		rjmp .L97
 1188               	.L92:
 1189               	.LBB398:
 1190               	.LBB399:
 1191               	.LSM164:
 1192 008a 8091 E800 		lds r24,232
 1193 008e 877F      		andi r24,lo8(-9)
 1194 0090 8093 E800 		sts 232,r24
 1195 0094 00C0      		rjmp .L93
 1196               	.L94:
 1197               	.LBE399:
 1198               	.LBE398:
 1199               	.LSM165:
 1200 0096 8091 0000 		lds r24,USB_DeviceState
 1201 009a 8823      		tst r24
 1202 009c 01F4      		brne .+2
 1203 009e 00C0      		rjmp .L97
 1204               	.L93:
 1205               	.LBB400:
 1206               	.LBB401:
 1207               	.LSM166:
 1208 00a0 8091 E800 		lds r24,232
 1209               	.LBE401:
 1210               	.LBE400:
 1211               	.LSM167:
 1212 00a4 82FF      		sbrs r24,2
 1213 00a6 00C0      		rjmp .L94
 1214               	.LBB402:
 1215               	.LBB403:
 1216               	.LSM168:
 1217 00a8 8091 F100 		lds r24,241
 1218               	.LBE403:
 1219               	.LBE402:
 1220               	.LSM169:
 1221 00ac 8093 0000 		sts keyboard_led_stats,r24
 1222               	.LBB404:
 1223               	.LBB405:
 1224               	.LSM170:
 1225 00b0 8091 E800 		lds r24,232
 1226 00b4 8B77      		andi r24,lo8(123)
 1227 00b6 00C0      		rjmp .L101
 1228               	.L84:
 1229               	.LBE405:
 1230               	.LBE404:
 1231               	.LSM171:
 1232 00b8 8091 0000 		lds r24,USB_ControlRequest
 1233 00bc 813A      		cpi r24,lo8(-95)
 1234 00be 01F0      		breq .+2
 1235 00c0 00C0      		rjmp .L97
 1236               	.LSM172:
 1237 00c2 8091 0000 		lds r24,USB_ControlRequest+4
 1238 00c6 9091 0000 		lds r25,(USB_ControlRequest+4)+1
 1239 00ca 892B      		or r24,r25
 1240 00cc 01F0      		breq .+2
 1241 00ce 00C0      		rjmp .L97
 1242               	.LBB406:
 1243               	.LBB407:
 1244               	.LSM173:
 1245 00d0 8091 E800 		lds r24,232
 1246 00d4 877F      		andi r24,lo8(-9)
 1247 00d6 8093 E800 		sts 232,r24
 1248               	.L95:
 1249               	.LBE407:
 1250               	.LBE406:
 1251               	.LBB408:
 1252               	.LBB409:
 1253               	.LSM174:
 1254 00da 8091 E800 		lds r24,232
 1255               	.LBE409:
 1256               	.LBE408:
 1257               	.LSM175:
 1258 00de 80FF      		sbrs r24,0
 1259 00e0 00C0      		rjmp .L95
 1260               	.LSM176:
 1261 00e2 8091 0000 		lds r24,keyboard_protocol
 1262               	.LBB410:
 1263               	.LBB411:
 1264               	.LSM177:
 1265 00e6 8093 F100 		sts 241,r24
 1266               	.LBE411:
 1267               	.LBE410:
 1268               	.LBB412:
 1269               	.LBB413:
 1270               	.LSM178:
 1271 00ea 8091 E800 		lds r24,232
 1272 00ee 8E77      		andi r24,lo8(126)
 1273               	.L101:
 1274 00f0 8093 E800 		sts 232,r24
 1275               	.LBE413:
 1276               	.LBE412:
 1277               	.LSM179:
 1278 00f4 0E94 0000 		call Endpoint_ClearStatusStage
 1279 00f8 0895      		ret
 1280               	.L87:
 1281               	.LSM180:
 1282 00fa 8091 0000 		lds r24,USB_ControlRequest
 1283 00fe 8132      		cpi r24,lo8(33)
 1284 0100 01F4      		brne .L97
 1285               	.LSM181:
 1286 0102 8091 0000 		lds r24,USB_ControlRequest+4
 1287 0106 9091 0000 		lds r25,(USB_ControlRequest+4)+1
 1288 010a 892B      		or r24,r25
 1289 010c 01F4      		brne .L97
 1290               	.LBB414:
 1291               	.LBB415:
 1292               	.LSM182:
 1293 010e 8091 E800 		lds r24,232
 1294 0112 877F      		andi r24,lo8(-9)
 1295 0114 8093 E800 		sts 232,r24
 1296               	.LBE415:
 1297               	.LBE414:
 1298               	.LSM183:
 1299 0118 0E94 0000 		call Endpoint_ClearStatusStage
 1300               	.LSM184:
 1301 011c 8091 0000 		lds r24,USB_ControlRequest+2
 1302 0120 8093 0000 		sts keyboard_protocol,r24
 1303               	.LSM185:
 1304 0124 0E94 0000 		call clear_keyboard
 1305 0128 0895      		ret
 1306               	.L86:
 1307               	.LSM186:
 1308 012a 8091 0000 		lds r24,USB_ControlRequest
 1309 012e 8132      		cpi r24,lo8(33)
 1310 0130 01F4      		brne .L97
 1311               	.LBB416:
 1312               	.LBB417:
 1313               	.LSM187:
 1314 0132 8091 E800 		lds r24,232
 1315 0136 877F      		andi r24,lo8(-9)
 1316 0138 8093 E800 		sts 232,r24
 1317               	.LBE417:
 1318               	.LBE416:
 1319               	.LSM188:
 1320 013c 0E94 0000 		call Endpoint_ClearStatusStage
 1321               	.LSM189:
 1322 0140 8091 0000 		lds r24,USB_ControlRequest+3
 1323 0144 8093 0000 		sts keyboard_idle,r24
 1324 0148 0895      		ret
 1325               	.L102:
 1326               	.LSM190:
 1327 014a 8091 0000 		lds r24,USB_ControlRequest
 1328 014e 813A      		cpi r24,lo8(-95)
 1329 0150 01F4      		brne .L97
 1330               	.LBB418:
 1331               	.LBB419:
 1332               	.LSM191:
 1333 0152 8091 E800 		lds r24,232
 1334 0156 877F      		andi r24,lo8(-9)
 1335 0158 8093 E800 		sts 232,r24
 1336               	.L96:
 1337               	.LBE419:
 1338               	.LBE418:
 1339               	.LBB420:
 1340               	.LBB421:
 1341               	.LSM192:
 1342 015c 8091 E800 		lds r24,232
 1343               	.LBE421:
 1344               	.LBE420:
 1345               	.LSM193:
 1346 0160 80FF      		sbrs r24,0
 1347 0162 00C0      		rjmp .L96
 1348               	.LSM194:
 1349 0164 8091 0000 		lds r24,keyboard_idle
 1350               	.LBB422:
 1351               	.LBB423:
 1352               	.LSM195:
 1353 0168 8093 F100 		sts 241,r24
 1354               	.LBE423:
 1355               	.LBE422:
 1356               	.LBB424:
 1357               	.LBB425:
 1358               	.LSM196:
 1359 016c 8091 E800 		lds r24,232
 1360 0170 8E77      		andi r24,lo8(126)
 1361 0172 8093 E800 		sts 232,r24
 1362               	.LBE425:
 1363               	.LBE424:
 1364               	.LSM197:
 1365 0176 0E94 0000 		call Endpoint_ClearStatusStage
 1366               	.L97:
 1367 017a 0895      		ret
 1368               	.LFE112:
 1370               		.section	.text.EVENT_USB_Device_ConfigurationChanged,"ax",@progbits
 1371               	.global	EVENT_USB_Device_ConfigurationChanged
 1373               	EVENT_USB_Device_ConfigurationChanged:
 1374               	.LFB111:
 1375               	.LSM198:
 1376               	/* prologue: function */
 1377               	/* frame size = 0 */
 1378               	.LBB426:
 1379               	.LBB427:
 1380               	.LSM199:
 1381 0000 81E0      		ldi r24,lo8(1)
 1382 0002 61EC      		ldi r22,lo8(-63)
 1383 0004 42E0      		ldi r20,lo8(2)
 1384 0006 0E94 0000 		call Endpoint_ConfigureEndpoint_Prv
 1385               	.LBE427:
 1386               	.LBE426:
 1387               	.LBB428:
 1388               	.LBB429:
 1389 000a 82E0      		ldi r24,lo8(2)
 1390 000c 61EC      		ldi r22,lo8(-63)
 1391 000e 42E0      		ldi r20,lo8(2)
 1392 0010 0E94 0000 		call Endpoint_ConfigureEndpoint_Prv
 1393               	.LBE429:
 1394               	.LBE428:
 1395               	.LBB430:
 1396               	.LBB431:
 1397 0014 83E0      		ldi r24,lo8(3)
 1398 0016 61EC      		ldi r22,lo8(-63)
 1399 0018 42E0      		ldi r20,lo8(2)
 1400 001a 0E94 0000 		call Endpoint_ConfigureEndpoint_Prv
 1401               	.LBE431:
 1402               	.LBE430:
 1403               	.LBB432:
 1404               	.LBB433:
 1405 001e 84E0      		ldi r24,lo8(4)
 1406 0020 61EC      		ldi r22,lo8(-63)
 1407 0022 42E2      		ldi r20,lo8(34)
 1408 0024 0E94 0000 		call Endpoint_ConfigureEndpoint_Prv
 1409               	.LBE433:
 1410               	.LBE432:
 1411               	.LBB434:
 1412               	.LBB435:
 1413 0028 85E0      		ldi r24,lo8(5)
 1414 002a 61EC      		ldi r22,lo8(-63)
 1415 002c 42E1      		ldi r20,lo8(18)
 1416 002e 0E94 0000 		call Endpoint_ConfigureEndpoint_Prv
 1417               	/* epilogue start */
 1418               	.LBE435:
 1419               	.LBE434:
 1420               	.LSM200:
 1421 0032 0895      		ret
 1422               	.LFE111:
 1424               		.section	.text.EVENT_USB_Device_WakeUp,"ax",@progbits
 1425               	.global	EVENT_USB_Device_WakeUp
 1427               	EVENT_USB_Device_WakeUp:
 1428               	.LFB109:
 1429               	.LSM201:
 1430               	/* prologue: function */
 1431               	/* frame size = 0 */
 1432               	.LSM202:
 1433 0000 80E0      		ldi r24,lo8(__c.4816)
 1434 0002 90E0      		ldi r25,hi8(__c.4816)
 1435 0004 0E94 0000 		call xputs
 1436               	.LSM203:
 1437 0008 0E94 0000 		call suspend_wakeup_init
 1438               	/* epilogue start */
 1439               	.LSM204:
 1440 000c 0895      		ret
 1441               	.LFE109:
 1443               	.global	keyboard_idle
 1444               		.section	.bss.keyboard_idle,"aw",@nobits
 1447               	keyboard_idle:
 1448 0000 00        		.skip 1,0
 1449               	.global	keyboard_protocol
 1450               		.section	.data.keyboard_protocol,"aw",@progbits
 1453               	keyboard_protocol:
 1454 0000 01        		.byte	1
 1455               	.global	lufa_driver
 1456               		.section	.data.lufa_driver,"aw",@progbits
 1459               	lufa_driver:
 1460 0000 0000      		.word	gs(keyboard_leds)
 1461 0002 0000      		.word	gs(send_keyboard)
 1462 0004 0000      		.word	gs(send_mouse)
 1463 0006 0000      		.word	gs(send_system)
 1464 0008 0000      		.word	gs(send_consumer)
 1465               		.section	.bss.keyboard_led_stats,"aw",@nobits
 1468               	keyboard_led_stats:
 1469 0000 00        		.skip 1,0
 1470               		.section	.progmem.data,"a",@progbits
 1473               	__c.5029:
 1474 0000 5B73 5D00 		.string	"[s]"
 1477               	__c.5027:
 1478 0004 4B65 7962 		.string	"Keyboard start.\n"
 1478      6F61 7264 
 1478      2073 7461 
 1478      7274 2E0A 
 1478      00
 1481               	__c.5025:
 1482 0015 5553 4220 		.string	"USB configured.\n"
 1482      636F 6E66 
 1482      6967 7572 
 1482      6564 2E0A 
 1482      00
 1483               		.section	.bss.console_flush,"aw",@nobits
 1486               	console_flush:
 1487 0000 00        		.skip 1,0
 1488               		.section	.bss.timeouted.4975,"aw",@nobits
 1491               	timeouted.4975:
 1492 0000 00        		.skip 1,0
 1493               		.section	.bss.count.4822,"aw",@nobits
 1496               	count.4822:
 1497 0000 00        		.skip 1,0
 1498               		.section	.progmem.data
 1501               	__c.4816:
 1502 0026 5B57 5D00 		.string	"[W]"
 1505               	__c.4812:
 1506 002a 5B53 5D00 		.string	"[S]"
 1509               	__c.4808:
 1510 002e 5B52 5D00 		.string	"[R]"
 1513               	__c.4803:
 1514 0032 5B44 5D00 		.string	"[D]"
 1517               	__c.4796:
 1518 0036 5B43 5D00 		.string	"[C]"
 1519               		.section	.bss.keyboard_report_sent,"aw",@nobits
 1522               	keyboard_report_sent:
 1523 0000 0000 0000 		.skip 16,0
 1523      0000 0000 
 1523      0000 0000 
 1523      0000 0000 
 1660               	.Letext0:
DEFINED SYMBOLS
                            *ABS*:00000000 lufa.c
C:\Users\User\AppData\Local\Temp/cchn94Vc.s:2      *ABS*:0000003f __SREG__
C:\Users\User\AppData\Local\Temp/cchn94Vc.s:3      *ABS*:0000003e __SP_H__
C:\Users\User\AppData\Local\Temp/cchn94Vc.s:4      *ABS*:0000003d __SP_L__
C:\Users\User\AppData\Local\Temp/cchn94Vc.s:5      *ABS*:00000034 __CCP__
C:\Users\User\AppData\Local\Temp/cchn94Vc.s:6      *ABS*:00000000 __tmp_reg__
C:\Users\User\AppData\Local\Temp/cchn94Vc.s:7      *ABS*:00000001 __zero_reg__
C:\Users\User\AppData\Local\Temp/cchn94Vc.s:19     .text.EVENT_USB_Device_StartOfFrame:00000000 EVENT_USB_Device_StartOfFrame
C:\Users\User\AppData\Local\Temp/cchn94Vc.s:1496   .bss.count.4822:00000000 count.4822
C:\Users\User\AppData\Local\Temp/cchn94Vc.s:1486   .bss.console_flush:00000000 console_flush
C:\Users\User\AppData\Local\Temp/cchn94Vc.s:146    .text.keyboard_leds:00000000 keyboard_leds
C:\Users\User\AppData\Local\Temp/cchn94Vc.s:1468   .bss.keyboard_led_stats:00000000 keyboard_led_stats
C:\Users\User\AppData\Local\Temp/cchn94Vc.s:160    .text.sendchar:00000000 sendchar
C:\Users\User\AppData\Local\Temp/cchn94Vc.s:1491   .bss.timeouted.4975:00000000 timeouted.4975
C:\Users\User\AppData\Local\Temp/cchn94Vc.s:393    .text.send_consumer:00000000 send_consumer
C:\Users\User\AppData\Local\Temp/cchn94Vc.s:502    .text.send_system:00000000 send_system
C:\Users\User\AppData\Local\Temp/cchn94Vc.s:611    .text.send_mouse:00000000 send_mouse
C:\Users\User\AppData\Local\Temp/cchn94Vc.s:701    .text.send_keyboard:00000000 send_keyboard
C:\Users\User\AppData\Local\Temp/cchn94Vc.s:1453   .data.keyboard_protocol:00000000 keyboard_protocol
C:\Users\User\AppData\Local\Temp/cchn94Vc.s:1522   .bss.keyboard_report_sent:00000000 keyboard_report_sent
C:\Users\User\AppData\Local\Temp/cchn94Vc.s:889    .text.EVENT_USB_Device_Suspend:00000000 EVENT_USB_Device_Suspend
C:\Users\User\AppData\Local\Temp/cchn94Vc.s:1505   .progmem.data:0000002a __c.4812
C:\Users\User\AppData\Local\Temp/cchn94Vc.s:906    .text.EVENT_USB_Device_Reset:00000000 EVENT_USB_Device_Reset
C:\Users\User\AppData\Local\Temp/cchn94Vc.s:1509   .progmem.data:0000002e __c.4808
C:\Users\User\AppData\Local\Temp/cchn94Vc.s:923    .text.EVENT_USB_Device_Disconnect:00000000 EVENT_USB_Device_Disconnect
C:\Users\User\AppData\Local\Temp/cchn94Vc.s:1513   .progmem.data:00000032 __c.4803
C:\Users\User\AppData\Local\Temp/cchn94Vc.s:942    .text.EVENT_USB_Device_Connect:00000000 EVENT_USB_Device_Connect
C:\Users\User\AppData\Local\Temp/cchn94Vc.s:1517   .progmem.data:00000036 __c.4796
C:\Users\User\AppData\Local\Temp/cchn94Vc.s:978    .text.main:00000000 main
C:\Users\User\AppData\Local\Temp/cchn94Vc.s:1481   .progmem.data:00000015 __c.5025
C:\Users\User\AppData\Local\Temp/cchn94Vc.s:1459   .data.lufa_driver:00000000 lufa_driver
C:\Users\User\AppData\Local\Temp/cchn94Vc.s:1477   .progmem.data:00000004 __c.5027
C:\Users\User\AppData\Local\Temp/cchn94Vc.s:1473   .progmem.data:00000000 __c.5029
C:\Users\User\AppData\Local\Temp/cchn94Vc.s:1099   .text.EVENT_USB_Device_ControlRequest:00000000 EVENT_USB_Device_ControlRequest
C:\Users\User\AppData\Local\Temp/cchn94Vc.s:1447   .bss.keyboard_idle:00000000 keyboard_idle
C:\Users\User\AppData\Local\Temp/cchn94Vc.s:1373   .text.EVENT_USB_Device_ConfigurationChanged:00000000 EVENT_USB_Device_ConfigurationChanged
C:\Users\User\AppData\Local\Temp/cchn94Vc.s:1427   .text.EVENT_USB_Device_WakeUp:00000000 EVENT_USB_Device_WakeUp
C:\Users\User\AppData\Local\Temp/cchn94Vc.s:1501   .progmem.data:00000026 __c.4816

UNDEFINED SYMBOLS
__udivmodqi4
USB_DeviceState
Endpoint_Write_Stream_LE
keyboard_nkro
xputs
USB_IsInitialized
USB_Disable
USB_Init
keyboard_setup
print_set_sendchar
keyboard_init
host_set_driver
suspend_power_down
USB_Device_RemoteWakeupEnabled
suspend_wakeup_condition
USB_Device_SendRemoteWakeup
keyboard_task
USB_ControlRequest
Endpoint_Write_Control_Stream_LE
Endpoint_ClearStatusStage
clear_keyboard
Endpoint_ConfigureEndpoint_Prv
suspend_wakeup_init
__do_copy_data
__do_clear_bss
