   1               		.file	"action_util.c"
   2               	__SREG__ = 0x3f
   3               	__SP_H__ = 0x3e
   4               	__SP_L__ = 0x3d
   5               	__CCP__  = 0x34
   6               	__tmp_reg__ = 0
   7               	__zero_reg__ = 1
  15               	.Ltext0:
  16               		.section	.text.clear_keys,"ax",@progbits
  17               	.global	clear_keys
  19               	clear_keys:
  20               	.LFB104:
  21               	.LSM0:
  22               	/* prologue: function */
  23               	/* frame size = 0 */
  24               	.LSM1:
  25 0000 81E0      		ldi r24,lo8(1)
  26 0002 90E0      		ldi r25,hi8(1)
  27               	.L2:
  28               	.LBB13:
  29               	.LSM2:
  30 0004 E091 0000 		lds r30,keyboard_report
  31 0008 F091 0000 		lds r31,(keyboard_report)+1
  32 000c E80F      		add r30,r24
  33 000e F91F      		adc r31,r25
  34 0010 1082      		st Z,__zero_reg__
  35 0012 0196      		adiw r24,1
  36               	.LSM3:
  37 0014 8031      		cpi r24,16
  38 0016 9105      		cpc r25,__zero_reg__
  39 0018 01F4      		brne .L2
  40               	/* epilogue start */
  41               	.LBE13:
  42               	.LSM4:
  43 001a 0895      		ret
  44               	.LFE104:
  46               		.section	.text.get_mods,"ax",@progbits
  47               	.global	get_mods
  49               	get_mods:
  50               	.LFB105:
  51               	.LSM5:
  52               	/* prologue: function */
  53               	/* frame size = 0 */
  54               	.LSM6:
  55 0000 8091 0000 		lds r24,real_mods
  56               	/* epilogue start */
  57 0004 0895      		ret
  58               	.LFE105:
  60               		.section	.text.add_mods,"ax",@progbits
  61               	.global	add_mods
  63               	add_mods:
  64               	.LFB106:
  65               	.LSM7:
  66               	.LVL0:
  67               	/* prologue: function */
  68               	/* frame size = 0 */
  69               	.LSM8:
  70 0000 9091 0000 		lds r25,real_mods
  71 0004 982B      		or r25,r24
  72 0006 9093 0000 		sts real_mods,r25
  73               	/* epilogue start */
  74 000a 0895      		ret
  75               	.LFE106:
  77               		.section	.text.del_mods,"ax",@progbits
  78               	.global	del_mods
  80               	del_mods:
  81               	.LFB107:
  82               	.LSM9:
  83               	.LVL1:
  84               	/* prologue: function */
  85               	/* frame size = 0 */
  86               	.LSM10:
  87 0000 8095      		com r24
  88               	.LVL2:
  89 0002 9091 0000 		lds r25,real_mods
  90 0006 9823      		and r25,r24
  91 0008 9093 0000 		sts real_mods,r25
  92               	/* epilogue start */
  93 000c 0895      		ret
  94               	.LFE107:
  96               		.section	.text.set_mods,"ax",@progbits
  97               	.global	set_mods
  99               	set_mods:
 100               	.LFB108:
 101               	.LSM11:
 102               	.LVL3:
 103               	/* prologue: function */
 104               	/* frame size = 0 */
 105               	.LSM12:
 106 0000 8093 0000 		sts real_mods,r24
 107               	/* epilogue start */
 108 0004 0895      		ret
 109               	.LFE108:
 111               		.section	.text.clear_mods,"ax",@progbits
 112               	.global	clear_mods
 114               	clear_mods:
 115               	.LFB109:
 116               	.LSM13:
 117               	/* prologue: function */
 118               	/* frame size = 0 */
 119               	.LSM14:
 120 0000 1092 0000 		sts real_mods,__zero_reg__
 121               	/* epilogue start */
 122 0004 0895      		ret
 123               	.LFE109:
 125               		.section	.text.get_weak_mods,"ax",@progbits
 126               	.global	get_weak_mods
 128               	get_weak_mods:
 129               	.LFB110:
 130               	.LSM15:
 131               	/* prologue: function */
 132               	/* frame size = 0 */
 133               	.LSM16:
 134 0000 8091 0000 		lds r24,weak_mods
 135               	/* epilogue start */
 136 0004 0895      		ret
 137               	.LFE110:
 139               		.section	.text.add_weak_mods,"ax",@progbits
 140               	.global	add_weak_mods
 142               	add_weak_mods:
 143               	.LFB111:
 144               	.LSM17:
 145               	.LVL4:
 146               	/* prologue: function */
 147               	/* frame size = 0 */
 148               	.LSM18:
 149 0000 9091 0000 		lds r25,weak_mods
 150 0004 982B      		or r25,r24
 151 0006 9093 0000 		sts weak_mods,r25
 152               	/* epilogue start */
 153 000a 0895      		ret
 154               	.LFE111:
 156               		.section	.text.del_weak_mods,"ax",@progbits
 157               	.global	del_weak_mods
 159               	del_weak_mods:
 160               	.LFB112:
 161               	.LSM19:
 162               	.LVL5:
 163               	/* prologue: function */
 164               	/* frame size = 0 */
 165               	.LSM20:
 166 0000 8095      		com r24
 167               	.LVL6:
 168 0002 9091 0000 		lds r25,weak_mods
 169 0006 9823      		and r25,r24
 170 0008 9093 0000 		sts weak_mods,r25
 171               	/* epilogue start */
 172 000c 0895      		ret
 173               	.LFE112:
 175               		.section	.text.set_weak_mods,"ax",@progbits
 176               	.global	set_weak_mods
 178               	set_weak_mods:
 179               	.LFB113:
 180               	.LSM21:
 181               	.LVL7:
 182               	/* prologue: function */
 183               	/* frame size = 0 */
 184               	.LSM22:
 185 0000 8093 0000 		sts weak_mods,r24
 186               	/* epilogue start */
 187 0004 0895      		ret
 188               	.LFE113:
 190               		.section	.text.clear_weak_mods,"ax",@progbits
 191               	.global	clear_weak_mods
 193               	clear_weak_mods:
 194               	.LFB114:
 195               	.LSM23:
 196               	/* prologue: function */
 197               	/* frame size = 0 */
 198               	.LSM24:
 199 0000 1092 0000 		sts weak_mods,__zero_reg__
 200               	/* epilogue start */
 201 0004 0895      		ret
 202               	.LFE114:
 204               		.section	.text.set_oneshot_mods,"ax",@progbits
 205               	.global	set_oneshot_mods
 207               	set_oneshot_mods:
 208               	.LFB115:
 209               	.LSM25:
 210               	.LVL8:
 211               	/* prologue: function */
 212               	/* frame size = 0 */
 213               	.LSM26:
 214 0000 8093 0000 		sts oneshot_mods,r24
 215               	/* epilogue start */
 216               	.LSM27:
 217 0004 0895      		ret
 218               	.LFE115:
 220               		.section	.text.clear_oneshot_mods,"ax",@progbits
 221               	.global	clear_oneshot_mods
 223               	clear_oneshot_mods:
 224               	.LFB116:
 225               	.LSM28:
 226               	/* prologue: function */
 227               	/* frame size = 0 */
 228               	.LSM29:
 229 0000 1092 0000 		sts oneshot_mods,__zero_reg__
 230               	/* epilogue start */
 231               	.LSM30:
 232 0004 0895      		ret
 233               	.LFE116:
 235               		.section	.text.has_anykey,"ax",@progbits
 236               	.global	has_anykey
 238               	has_anykey:
 239               	.LFB117:
 240               	.LSM31:
 241               	/* prologue: function */
 242               	/* frame size = 0 */
 243               	.LSM32:
 244 0000 E091 0000 		lds r30,keyboard_report
 245 0004 F091 0000 		lds r31,(keyboard_report)+1
 246 0008 20E0      		ldi r18,lo8(0)
 247               	.LVL9:
 248 000a 91E0      		ldi r25,lo8(1)
 249               	.LVL10:
 250               	.L31:
 251               	.LBB14:
 252               	.LSM33:
 253 000c 8181      		ldd r24,Z+1
 254 000e 8111      		cpse r24,__zero_reg__
 255               	.LSM34:
 256 0010 2F5F      		subi r18,lo8(-(1))
 257               	.L30:
 258               	.LSM35:
 259 0012 9F5F      		subi r25,lo8(-(1))
 260 0014 3196      		adiw r30,1
 261 0016 9031      		cpi r25,lo8(16)
 262 0018 01F4      		brne .L31
 263               	.LBE14:
 264               	.LSM36:
 265 001a 822F      		mov r24,r18
 266               	/* epilogue start */
 267 001c 0895      		ret
 268               	.LFE117:
 270               		.section	.text.get_first_key,"ax",@progbits
 271               	.global	get_first_key
 273               	get_first_key:
 274               	.LFB119:
 275               	.LSM37:
 276 0000 0F93      		push r16
 277 0002 1F93      		push r17
 278               	/* prologue: function */
 279               	/* frame size = 0 */
 280               	.LSM38:
 281 0004 8091 0000 		lds r24,keyboard_protocol
 282 0008 8823      		tst r24
 283 000a 01F0      		breq .L35
 284 000c 8091 0000 		lds r24,keyboard_nkro
 285 0010 8823      		tst r24
 286 0012 01F0      		breq .L35
 287               	.LBB15:
 288               	.LSM39:
 289 0014 A091 0000 		lds r26,keyboard_report
 290 0018 B091 0000 		lds r27,(keyboard_report)+1
 291 001c FD01      		movw r30,r26
 292 001e 00E0      		ldi r16,lo8(0)
 293               	.LVL11:
 294 0020 00C0      		rjmp .L36
 295               	.L38:
 296 0022 0F5F      		subi r16,lo8(-(1))
 297 0024 3196      		adiw r30,1
 298 0026 0F30      		cpi r16,lo8(15)
 299 0028 01F0      		breq .L37
 300               	.L36:
 301 002a 8181      		ldd r24,Z+1
 302 002c 8823      		tst r24
 303 002e 01F0      		breq .L38
 304               	.L37:
 305               	.LSM40:
 306 0030 10E0      		ldi r17,lo8(0)
 307 0032 A00F      		add r26,r16
 308 0034 B11F      		adc r27,r17
 309               	.LVL12:
 310 0036 1196      		adiw r26,1
 311 0038 8C91      		ld r24,X
 312 003a 0E94 0000 		call biton
 313 003e 93E0      		ldi r25,3
 314 0040 000F      	1:	lsl r16
 315 0042 111F      		rol r17
 316 0044 9A95      		dec r25
 317 0046 01F4      		brne 1b
 318 0048 802B      		or r24,r16
 319 004a 00C0      		rjmp .L39
 320               	.L35:
 321               	.LBE15:
 322               	.LSM41:
 323 004c E091 0000 		lds r30,keyboard_report
 324 0050 F091 0000 		lds r31,(keyboard_report)+1
 325 0054 8281      		ldd r24,Z+2
 326               	.L39:
 327               	/* epilogue start */
 328               	.LSM42:
 329 0056 1F91      		pop r17
 330 0058 0F91      		pop r16
 331 005a 0895      		ret
 332               	.LFE119:
 334               		.section	.text.has_anymod,"ax",@progbits
 335               	.global	has_anymod
 337               	has_anymod:
 338               	.LFB118:
 339               	.LSM43:
 340               	/* prologue: function */
 341               	/* frame size = 0 */
 342               	.LSM44:
 343 0000 8091 0000 		lds r24,real_mods
 344 0004 0E94 0000 		call bitpop
 345               	/* epilogue start */
 346               	.LSM45:
 347 0008 0895      		ret
 348               	.LFE118:
 350               		.section	.text.del_key,"ax",@progbits
 351               	.global	del_key
 353               	del_key:
 354               	.LFB103:
 355               	.LSM46:
 356               	.LVL13:
 357               	/* prologue: function */
 358               	/* frame size = 0 */
 359 0000 482F      		mov r20,r24
 360               	.LSM47:
 361 0002 8091 0000 		lds r24,keyboard_protocol
 362               	.LVL14:
 363 0006 8823      		tst r24
 364 0008 01F0      		breq .L44
 365 000a 8091 0000 		lds r24,keyboard_nkro
 366 000e 8823      		tst r24
 367 0010 01F0      		breq .L44
 368               	.LBB16:
 369               	.LBB17:
 370               	.LSM48:
 371 0012 842F      		mov r24,r20
 372 0014 8695      		lsr r24
 373 0016 8695      		lsr r24
 374 0018 8695      		lsr r24
 375 001a 8F30      		cpi r24,lo8(15)
 376 001c 00F4      		brsh .L45
 377               	.LSM49:
 378 001e E091 0000 		lds r30,keyboard_report
 379 0022 F091 0000 		lds r31,(keyboard_report)+1
 380 0026 E80F      		add r30,r24
 381 0028 F11D      		adc r31,__zero_reg__
 382 002a 4770      		andi r20,lo8(7)
 383 002c 81E0      		ldi r24,lo8(1)
 384 002e 90E0      		ldi r25,hi8(1)
 385 0030 00C0      		rjmp 2f
 386 0032 880F      	1:	lsl r24
 387 0034 991F      		rol r25
 388 0036 4A95      	2:	dec r20
 389 0038 02F4      		brpl 1b
 390 003a 8095      		com r24
 391 003c 2181      		ldd r18,Z+1
 392 003e 8223      		and r24,r18
 393 0040 8183      		std Z+1,r24
 394 0042 0895      		ret
 395               	.L45:
 396               	.LSM50:
 397 0044 8091 0000 		lds r24,debug_config
 398 0048 80FF      		sbrs r24,0
 399 004a 00C0      		rjmp .L49
 400 004c 00D0      		rcall .
 401 004e 00D0      		rcall .
 402 0050 EDB7      		in r30,__SP_L__
 403 0052 FEB7      		in r31,__SP_H__
 404 0054 3196      		adiw r30,1
 405               	.LBE17:
 406 0056 80E0      		ldi r24,lo8(__c.4761)
 407 0058 90E0      		ldi r25,hi8(__c.4761)
 408 005a ADB7      		in r26,__SP_L__
 409 005c BEB7      		in r27,__SP_H__
 410 005e 1296      		adiw r26,1+1
 411 0060 9C93      		st X,r25
 412 0062 8E93      		st -X,r24
 413 0064 1197      		sbiw r26,1
 414 0066 4283      		std Z+2,r20
 415 0068 1382      		std Z+3,__zero_reg__
 416 006a 0E94 0000 		call __xprintf
 417               	.LVL15:
 418 006e 0F90      		pop __tmp_reg__
 419 0070 0F90      		pop __tmp_reg__
 420 0072 0F90      		pop __tmp_reg__
 421 0074 0F90      		pop __tmp_reg__
 422 0076 0895      		ret
 423               	.LVL16:
 424               	.L44:
 425 0078 20E0      		ldi r18,lo8(0)
 426 007a 30E0      		ldi r19,hi8(0)
 427               	.L48:
 428               	.LBE16:
 429               	.LBB18:
 430               	.LBB19:
 431               	.LBB20:
 432               	.LSM51:
 433 007c E091 0000 		lds r30,keyboard_report
 434 0080 F091 0000 		lds r31,(keyboard_report)+1
 435 0084 E20F      		add r30,r18
 436 0086 F31F      		adc r31,r19
 437 0088 8281      		ldd r24,Z+2
 438 008a 8417      		cp r24,r20
 439 008c 01F4      		brne .L47
 440               	.LSM52:
 441 008e 1282      		std Z+2,__zero_reg__
 442               	.L47:
 443 0090 2F5F      		subi r18,lo8(-(1))
 444 0092 3F4F      		sbci r19,hi8(-(1))
 445               	.LSM53:
 446 0094 2E30      		cpi r18,14
 447 0096 3105      		cpc r19,__zero_reg__
 448 0098 01F4      		brne .L48
 449               	.L49:
 450 009a 0895      		ret
 451               	.LBE20:
 452               	.LBE19:
 453               	.LBE18:
 454               	.LFE103:
 456               		.section	.text.add_key,"ax",@progbits
 457               	.global	add_key
 459               	add_key:
 460               	.LFB102:
 461               	.LSM54:
 462               	.LVL17:
 463               	/* prologue: function */
 464               	/* frame size = 0 */
 465 0000 382F      		mov r19,r24
 466               	.LSM55:
 467 0002 8091 0000 		lds r24,keyboard_protocol
 468               	.LVL18:
 469 0006 8823      		tst r24
 470 0008 01F0      		breq .L52
 471 000a 8091 0000 		lds r24,keyboard_nkro
 472 000e 8823      		tst r24
 473 0010 01F0      		breq .L52
 474               	.LBB21:
 475               	.LBB22:
 476               	.LSM56:
 477 0012 832F      		mov r24,r19
 478 0014 8695      		lsr r24
 479 0016 8695      		lsr r24
 480 0018 8695      		lsr r24
 481 001a 8F30      		cpi r24,lo8(15)
 482 001c 00F4      		brsh .L53
 483               	.LSM57:
 484 001e E091 0000 		lds r30,keyboard_report
 485 0022 F091 0000 		lds r31,(keyboard_report)+1
 486 0026 E80F      		add r30,r24
 487 0028 F11D      		adc r31,__zero_reg__
 488 002a 3770      		andi r19,lo8(7)
 489 002c 81E0      		ldi r24,lo8(1)
 490 002e 90E0      		ldi r25,hi8(1)
 491 0030 00C0      		rjmp 2f
 492 0032 880F      	1:	lsl r24
 493 0034 991F      		rol r25
 494 0036 3A95      	2:	dec r19
 495 0038 02F4      		brpl 1b
 496 003a 2181      		ldd r18,Z+1
 497 003c 282B      		or r18,r24
 498 003e 2183      		std Z+1,r18
 499 0040 0895      		ret
 500               	.L53:
 501               	.LSM58:
 502 0042 8091 0000 		lds r24,debug_config
 503 0046 80FF      		sbrs r24,0
 504 0048 00C0      		rjmp .L57
 505 004a 00D0      		rcall .
 506 004c 00D0      		rcall .
 507 004e EDB7      		in r30,__SP_L__
 508 0050 FEB7      		in r31,__SP_H__
 509 0052 3196      		adiw r30,1
 510               	.LBE22:
 511 0054 80E0      		ldi r24,lo8(__c.4744)
 512 0056 90E0      		ldi r25,hi8(__c.4744)
 513 0058 ADB7      		in r26,__SP_L__
 514 005a BEB7      		in r27,__SP_H__
 515 005c 1296      		adiw r26,1+1
 516 005e 9C93      		st X,r25
 517 0060 8E93      		st -X,r24
 518 0062 1197      		sbiw r26,1
 519 0064 3283      		std Z+2,r19
 520 0066 1382      		std Z+3,__zero_reg__
 521 0068 0E94 0000 		call __xprintf
 522               	.LVL19:
 523 006c 0F90      		pop __tmp_reg__
 524 006e 0F90      		pop __tmp_reg__
 525 0070 0F90      		pop __tmp_reg__
 526 0072 0F90      		pop __tmp_reg__
 527 0074 0895      		ret
 528               	.LVL20:
 529               	.L52:
 530               	.LBE21:
 531               	.LBB23:
 532               	.LBB24:
 533               	.LSM59:
 534 0076 A091 0000 		lds r26,keyboard_report
 535 007a B091 0000 		lds r27,(keyboard_report)+1
 536 007e FD01      		movw r30,r26
 537 0080 20E0      		ldi r18,lo8(0)
 538               	.LVL21:
 539 0082 8FEF      		ldi r24,lo8(-1)
 540               	.LVL22:
 541               	.L56:
 542 0084 9281      		ldd r25,Z+2
 543 0086 9317      		cp r25,r19
 544 0088 01F0      		breq .L57
 545               	.LSM60:
 546 008a 8F3F      		cpi r24,lo8(-1)
 547 008c 01F4      		brne .L55
 548 008e 9923      		tst r25
 549 0090 01F4      		brne .L55
 550 0092 822F      		mov r24,r18
 551               	.L55:
 552               	.LSM61:
 553 0094 2F5F      		subi r18,lo8(-(1))
 554               	.LVL23:
 555 0096 3196      		adiw r30,1
 556 0098 2E30      		cpi r18,lo8(14)
 557 009a 01F4      		brne .L56
 558               	.LSM62:
 559 009c 8F3F      		cpi r24,lo8(-1)
 560 009e 01F0      		breq .L57
 561               	.LVL24:
 562               	.LSM63:
 563 00a0 9927      		clr r25
 564 00a2 87FD      		sbrc r24,7
 565 00a4 9095      		com r25
 566               	.LVL25:
 567 00a6 A80F      		add r26,r24
 568 00a8 B91F      		adc r27,r25
 569 00aa 1296      		adiw r26,2
 570 00ac 3C93      		st X,r19
 571               	.LVL26:
 572               	.L57:
 573 00ae 0895      		ret
 574               	.LBE24:
 575               	.LBE23:
 576               	.LFE102:
 578               		.section	.text.send_keyboard_report,"ax",@progbits
 579               	.global	send_keyboard_report
 581               	send_keyboard_report:
 582               	.LFB101:
 583               	.LSM64:
 584               	/* prologue: function */
 585               	/* frame size = 0 */
 586               	.LSM65:
 587 0000 E091 0000 		lds r30,keyboard_report
 588 0004 F091 0000 		lds r31,(keyboard_report)+1
 589 0008 8091 0000 		lds r24,real_mods
 590 000c 8083      		st Z,r24
 591               	.LSM66:
 592 000e E091 0000 		lds r30,keyboard_report
 593 0012 F091 0000 		lds r31,(keyboard_report)+1
 594 0016 8081      		ld r24,Z
 595 0018 9091 0000 		lds r25,weak_mods
 596 001c 892B      		or r24,r25
 597 001e 8083      		st Z,r24
 598               	.LSM67:
 599 0020 9091 0000 		lds r25,oneshot_mods
 600 0024 9923      		tst r25
 601 0026 01F0      		breq .L60
 602               	.LSM68:
 603 0028 E091 0000 		lds r30,keyboard_report
 604 002c F091 0000 		lds r31,(keyboard_report)+1
 605 0030 8081      		ld r24,Z
 606 0032 892B      		or r24,r25
 607 0034 8083      		st Z,r24
 608               	.LSM69:
 609 0036 0E94 0000 		call has_anykey
 610 003a 8823      		tst r24
 611 003c 01F0      		breq .L60
 612               	.LSM70:
 613 003e 0E94 0000 		call clear_oneshot_mods
 614               	.L60:
 615               	.LSM71:
 616 0042 8091 0000 		lds r24,keyboard_report
 617 0046 9091 0000 		lds r25,(keyboard_report)+1
 618 004a 0E94 0000 		call host_keyboard_send
 619               	/* epilogue start */
 620               	.LSM72:
 621 004e 0895      		ret
 622               	.LFE101:
 624               	.global	keyboard_report
 625               		.section	.data.keyboard_report,"aw",@progbits
 628               	keyboard_report:
 629 0000 0000      		.word	__compound_literal.0
 630               		.section	.bss.__compound_literal.0,"aw",@nobits
 633               	__compound_literal.0:
 634 0000 0000 0000 		.skip 16,0
 634      0000 0000 
 634      0000 0000 
 634      0000 0000 
 635               		.section	.bss.real_mods,"aw",@nobits
 638               	real_mods:
 639 0000 00        		.skip 1,0
 640               		.section	.bss.oneshot_mods,"aw",@nobits
 643               	oneshot_mods:
 644 0000 00        		.skip 1,0
 645               		.section	.bss.weak_mods,"aw",@nobits
 648               	weak_mods:
 649 0000 00        		.skip 1,0
 650               		.section	.progmem.data,"a",@progbits
 653               	__c.4761:
 654 0000 6465 6C5F 		.string	"del_key_bit: can't del: %02X\n"
 654      6B65 795F 
 654      6269 743A 
 654      2063 616E 
 654      2774 2064 
 657               	__c.4744:
 658 001e 6164 645F 		.string	"add_key_bit: can't add: %02X\n"
 658      6B65 795F 
 658      6269 743A 
 658      2063 616E 
 658      2774 2061 
 827               	.Letext0:
DEFINED SYMBOLS
                            *ABS*:00000000 action_util.c
C:\Users\User\AppData\Local\Temp/ccWbsLQc.s:2      *ABS*:0000003f __SREG__
C:\Users\User\AppData\Local\Temp/ccWbsLQc.s:3      *ABS*:0000003e __SP_H__
C:\Users\User\AppData\Local\Temp/ccWbsLQc.s:4      *ABS*:0000003d __SP_L__
C:\Users\User\AppData\Local\Temp/ccWbsLQc.s:5      *ABS*:00000034 __CCP__
C:\Users\User\AppData\Local\Temp/ccWbsLQc.s:6      *ABS*:00000000 __tmp_reg__
C:\Users\User\AppData\Local\Temp/ccWbsLQc.s:7      *ABS*:00000001 __zero_reg__
C:\Users\User\AppData\Local\Temp/ccWbsLQc.s:19     .text.clear_keys:00000000 clear_keys
C:\Users\User\AppData\Local\Temp/ccWbsLQc.s:628    .data.keyboard_report:00000000 keyboard_report
C:\Users\User\AppData\Local\Temp/ccWbsLQc.s:49     .text.get_mods:00000000 get_mods
C:\Users\User\AppData\Local\Temp/ccWbsLQc.s:638    .bss.real_mods:00000000 real_mods
C:\Users\User\AppData\Local\Temp/ccWbsLQc.s:63     .text.add_mods:00000000 add_mods
C:\Users\User\AppData\Local\Temp/ccWbsLQc.s:80     .text.del_mods:00000000 del_mods
C:\Users\User\AppData\Local\Temp/ccWbsLQc.s:99     .text.set_mods:00000000 set_mods
C:\Users\User\AppData\Local\Temp/ccWbsLQc.s:114    .text.clear_mods:00000000 clear_mods
C:\Users\User\AppData\Local\Temp/ccWbsLQc.s:128    .text.get_weak_mods:00000000 get_weak_mods
C:\Users\User\AppData\Local\Temp/ccWbsLQc.s:648    .bss.weak_mods:00000000 weak_mods
C:\Users\User\AppData\Local\Temp/ccWbsLQc.s:142    .text.add_weak_mods:00000000 add_weak_mods
C:\Users\User\AppData\Local\Temp/ccWbsLQc.s:159    .text.del_weak_mods:00000000 del_weak_mods
C:\Users\User\AppData\Local\Temp/ccWbsLQc.s:178    .text.set_weak_mods:00000000 set_weak_mods
C:\Users\User\AppData\Local\Temp/ccWbsLQc.s:193    .text.clear_weak_mods:00000000 clear_weak_mods
C:\Users\User\AppData\Local\Temp/ccWbsLQc.s:207    .text.set_oneshot_mods:00000000 set_oneshot_mods
C:\Users\User\AppData\Local\Temp/ccWbsLQc.s:643    .bss.oneshot_mods:00000000 oneshot_mods
C:\Users\User\AppData\Local\Temp/ccWbsLQc.s:223    .text.clear_oneshot_mods:00000000 clear_oneshot_mods
C:\Users\User\AppData\Local\Temp/ccWbsLQc.s:238    .text.has_anykey:00000000 has_anykey
C:\Users\User\AppData\Local\Temp/ccWbsLQc.s:273    .text.get_first_key:00000000 get_first_key
C:\Users\User\AppData\Local\Temp/ccWbsLQc.s:337    .text.has_anymod:00000000 has_anymod
C:\Users\User\AppData\Local\Temp/ccWbsLQc.s:353    .text.del_key:00000000 del_key
C:\Users\User\AppData\Local\Temp/ccWbsLQc.s:653    .progmem.data:00000000 __c.4761
C:\Users\User\AppData\Local\Temp/ccWbsLQc.s:459    .text.add_key:00000000 add_key
C:\Users\User\AppData\Local\Temp/ccWbsLQc.s:657    .progmem.data:0000001e __c.4744
C:\Users\User\AppData\Local\Temp/ccWbsLQc.s:581    .text.send_keyboard_report:00000000 send_keyboard_report
C:\Users\User\AppData\Local\Temp/ccWbsLQc.s:633    .bss.__compound_literal.0:00000000 __compound_literal.0

UNDEFINED SYMBOLS
keyboard_protocol
keyboard_nkro
biton
bitpop
debug_config
__xprintf
host_keyboard_send
__do_copy_data
__do_clear_bss
