   1               		.file	"command.c"
   2               	__SREG__ = 0x3f
   3               	__SP_H__ = 0x3e
   4               	__SP_L__ = 0x3d
   5               	__CCP__  = 0x34
   6               	__tmp_reg__ = 0
   7               	__zero_reg__ = 1
  15               	.Ltext0:
  16               		.section	.text.command_extra,"ax",@progbits
  17               		.weak	command_extra
  19               	command_extra:
  20               	.LFB10:
  21               	.LSM0:
  22               	.LVL0:
  23               	/* prologue: function */
  24               	/* frame size = 0 */
  25               	.LSM1:
  26 0000 80E0      		ldi r24,lo8(0)
  27               	.LVL1:
  28               	/* epilogue start */
  29 0002 0895      		ret
  30               	.LFE10:
  32               		.section	.text.command_console_extra,"ax",@progbits
  33               		.weak	command_console_extra
  35               	command_console_extra:
  36               	.LFB11:
  37               	.LSM2:
  38               	.LVL2:
  39               	/* prologue: function */
  40               	/* frame size = 0 */
  41               	.LSM3:
  42 0000 80E0      		ldi r24,lo8(0)
  43               	.LVL3:
  44               	/* epilogue start */
  45 0002 0895      		ret
  46               	.LFE11:
  48               		.section	.text.command_console_help,"ax",@progbits
  50               	command_console_help:
  51               	.LFB15:
  52               	.LSM4:
  53               	/* prologue: function */
  54               	/* frame size = 0 */
  55               	.LSM5:
  56 0000 80E0      		ldi r24,lo8(__c.2360)
  57 0002 90E0      		ldi r25,hi8(__c.2360)
  58 0004 0E94 0000 		call xputs
  59               	/* epilogue start */
  60               	.LSM6:
  61 0008 0895      		ret
  62               	.LFE15:
  64               		.section	.text.switch_default_layer,"ax",@progbits
  66               	switch_default_layer:
  67               	.LFB18:
  68               	.LSM7:
  69               	.LVL4:
  70 0000 1F93      		push r17
  71               	/* prologue: function */
  72               	/* frame size = 0 */
  73 0002 182F      		mov r17,r24
  74               	.LSM8:
  75 0004 00D0      		rcall .
  76 0006 00D0      		rcall .
  77 0008 EDB7      		in r30,__SP_L__
  78 000a FEB7      		in r31,__SP_H__
  79 000c 3196      		adiw r30,1
  80 000e 80E0      		ldi r24,lo8(__c.2396)
  81 0010 90E0      		ldi r25,hi8(__c.2396)
  82               	.LVL5:
  83 0012 ADB7      		in r26,__SP_L__
  84 0014 BEB7      		in r27,__SP_H__
  85 0016 1296      		adiw r26,1+1
  86 0018 9C93      		st X,r25
  87 001a 8E93      		st -X,r24
  88 001c 1197      		sbiw r26,1
  89 001e 1283      		std Z+2,r17
  90 0020 1382      		std Z+3,__zero_reg__
  91 0022 0E94 0000 		call __xprintf
  92               	.LSM9:
  93 0026 0F90      		pop __tmp_reg__
  94 0028 0F90      		pop __tmp_reg__
  95 002a 0F90      		pop __tmp_reg__
  96 002c 0F90      		pop __tmp_reg__
  97 002e 61E0      		ldi r22,lo8(1)
  98 0030 70E0      		ldi r23,hi8(1)
  99 0032 80E0      		ldi r24,hlo8(1)
 100 0034 90E0      		ldi r25,hhi8(1)
 101 0036 00C0      		rjmp 2f
 102 0038 660F      	1:	lsl r22
 103 003a 771F      		rol r23
 104 003c 881F      		rol r24
 105 003e 991F      		rol r25
 106 0040 1A95      	2:	dec r17
 107 0042 02F4      		brpl 1b
 108 0044 0E94 0000 		call default_layer_set
 109               	.LSM10:
 110 0048 0E94 0000 		call clear_keyboard
 111               	/* epilogue start */
 112               	.LSM11:
 113 004c 1F91      		pop r17
 114               	.LVL6:
 115 004e 0895      		ret
 116               	.LFE18:
 118               		.section	.text.command_common,"ax",@progbits
 120               	command_common:
 121               	.LFB14:
 122               	.LSM12:
 123 0000 1F93      		push r17
 124               	/* prologue: function */
 125               	/* frame size = 0 */
 126               	.LSM13:
 127 0002 8732      		cpi r24,lo8(39)
 128 0004 00F4      		brsh .L24
 129 0006 8E31      		cpi r24,lo8(30)
 130 0008 00F0      		brlo .+2
 131 000a 00C0      		rjmp .L20
 132 000c 8E30      		cpi r24,lo8(14)
 133 000e 01F4      		brne .+2
 134 0010 00C0      		rjmp .L15
 135 0012 8F30      		cpi r24,lo8(15)
 136 0014 00F4      		brsh .L25
 137 0016 8730      		cpi r24,lo8(7)
 138 0018 01F4      		brne .+2
 139 001a 00C0      		rjmp .L12
 140 001c 8830      		cpi r24,lo8(8)
 141 001e 00F4      		brsh .L26
 142 0020 8630      		cpi r24,lo8(6)
 143 0022 01F0      		breq .+2
 144 0024 00C0      		rjmp .L10
 145 0026 00C0      		rjmp .L44
 146               	.L26:
 147 0028 8830      		cpi r24,lo8(8)
 148 002a 01F0      		breq .L13
 149 002c 8B30      		cpi r24,lo8(11)
 150 002e 01F0      		breq .+2
 151 0030 00C0      		rjmp .L10
 152 0032 00C0      		rjmp .L14
 153               	.L25:
 154 0034 8631      		cpi r24,lo8(22)
 155 0036 01F4      		brne .+2
 156 0038 00C0      		rjmp .L17
 157 003a 8731      		cpi r24,lo8(23)
 158 003c 00F4      		brsh .L27
 159 003e 8031      		cpi r24,lo8(16)
 160 0040 01F0      		breq .+2
 161 0042 00C0      		rjmp .L10
 162 0044 00C0      		rjmp .L45
 163               	.L27:
 164 0046 8931      		cpi r24,lo8(25)
 165 0048 01F4      		brne .+2
 166 004a 00C0      		rjmp .L18
 167 004c 8B31      		cpi r24,lo8(27)
 168 004e 01F0      		breq .+2
 169 0050 00C0      		rjmp .L10
 170 0052 00C0      		rjmp .L46
 171               	.L24:
 172 0054 8833      		cpi r24,lo8(56)
 173 0056 01F4      		brne .+2
 174 0058 00C0      		rjmp .L14
 175 005a 8933      		cpi r24,lo8(57)
 176 005c 00F4      		brsh .L28
 177 005e 8932      		cpi r24,lo8(41)
 178 0060 01F4      		brne .+2
 179 0062 00C0      		rjmp .L21
 180 0064 8533      		cpi r24,lo8(53)
 181 0066 01F4      		brne .+2
 182 0068 00C0      		rjmp .L21
 183 006a 8732      		cpi r24,lo8(39)
 184 006c 01F0      		breq .+2
 185 006e 00C0      		rjmp .L10
 186 0070 00C0      		rjmp .L21
 187               	.L28:
 188 0072 8334      		cpi r24,lo8(67)
 189 0074 01F4      		brne .+2
 190 0076 00C0      		rjmp .L21
 191 0078 8434      		cpi r24,lo8(68)
 192 007a 00F4      		brsh .L29
 193 007c 8A33      		cpi r24,lo8(58)
 194 007e 00F4      		brsh .+2
 195 0080 00C0      		rjmp .L10
 196 0082 00C0      		rjmp .L47
 197               	.L29:
 198 0084 8834      		cpi r24,lo8(72)
 199 0086 01F0      		breq .+2
 200 0088 00C0      		rjmp .L10
 201 008a 00C0      		rjmp .L48
 202               	.L13:
 203               	.LSM14:
 204 008c 80E0      		ldi r24,lo8(__c.2269)
 205 008e 90E0      		ldi r25,hi8(__c.2269)
 206 0090 0E94 0000 		call xputs
 207               	.LBB113:
 208               	.LSM15:
 209 0094 80E0      		ldi r24,lo8(__c.2140)
 210 0096 90E0      		ldi r25,hi8(__c.2140)
 211 0098 0E94 0000 		call xputs
 212 009c 0E94 0000 		call eeconfig_read_default_layer
 213               	.LBB114:
 214 00a0 00D0      		rcall .
 215 00a2 00D0      		rcall .
 216 00a4 EDB7      		in r30,__SP_L__
 217 00a6 FEB7      		in r31,__SP_H__
 218 00a8 3196      		adiw r30,1
 219               	.LBE114:
 220 00aa 20E0      		ldi r18,lo8(__c.2142)
 221 00ac 30E0      		ldi r19,hi8(__c.2142)
 222 00ae ADB7      		in r26,__SP_L__
 223 00b0 BEB7      		in r27,__SP_H__
 224 00b2 1296      		adiw r26,1+1
 225 00b4 3C93      		st X,r19
 226 00b6 2E93      		st -X,r18
 227 00b8 1197      		sbiw r26,1
 228 00ba 8283      		std Z+2,r24
 229 00bc 1382      		std Z+3,__zero_reg__
 230 00be 0E94 0000 		call __xprintf
 231               	.LBB115:
 232 00c2 0F90      		pop __tmp_reg__
 233 00c4 0F90      		pop __tmp_reg__
 234 00c6 0F90      		pop __tmp_reg__
 235 00c8 0F90      		pop __tmp_reg__
 236               	.LBE115:
 237 00ca 80E0      		ldi r24,lo8(__c.2144)
 238 00cc 90E0      		ldi r25,hi8(__c.2144)
 239 00ce 0E94 0000 		call xputs
 240               	.LSM16:
 241 00d2 0E94 0000 		call eeconfig_read_debug
 242 00d6 182F      		mov r17,r24
 243               	.LSM17:
 244 00d8 80E0      		ldi r24,lo8(__c.2147)
 245 00da 90E0      		ldi r25,hi8(__c.2147)
 246 00dc 0E94 0000 		call xputs
 247               	.LBB116:
 248 00e0 00D0      		rcall .
 249 00e2 00D0      		rcall .
 250 00e4 EDB7      		in r30,__SP_L__
 251 00e6 FEB7      		in r31,__SP_H__
 252 00e8 3196      		adiw r30,1
 253               	.LBE116:
 254 00ea 80E0      		ldi r24,lo8(__c.2149)
 255 00ec 90E0      		ldi r25,hi8(__c.2149)
 256 00ee ADB7      		in r26,__SP_L__
 257 00f0 BEB7      		in r27,__SP_H__
 258 00f2 1296      		adiw r26,1+1
 259 00f4 9C93      		st X,r25
 260 00f6 8E93      		st -X,r24
 261 00f8 1197      		sbiw r26,1
 262 00fa 1283      		std Z+2,r17
 263 00fc 1382      		std Z+3,__zero_reg__
 264 00fe 0E94 0000 		call __xprintf
 265               	.LBB117:
 266 0102 0F90      		pop __tmp_reg__
 267 0104 0F90      		pop __tmp_reg__
 268 0106 0F90      		pop __tmp_reg__
 269 0108 0F90      		pop __tmp_reg__
 270               	.LBE117:
 271 010a 80E0      		ldi r24,lo8(__c.2151)
 272 010c 90E0      		ldi r25,hi8(__c.2151)
 273 010e 0E94 0000 		call xputs
 274               	.LSM18:
 275 0112 80E0      		ldi r24,lo8(__c.2153)
 276 0114 90E0      		ldi r25,hi8(__c.2153)
 277 0116 0E94 0000 		call xputs
 278               	.LBB118:
 279 011a 00D0      		rcall .
 280 011c 00D0      		rcall .
 281 011e EDB7      		in r30,__SP_L__
 282 0120 FEB7      		in r31,__SP_H__
 283 0122 3196      		adiw r30,1
 284               	.LBE118:
 285 0124 80E0      		ldi r24,lo8(__c.2155)
 286 0126 90E0      		ldi r25,hi8(__c.2155)
 287 0128 ADB7      		in r26,__SP_L__
 288 012a BEB7      		in r27,__SP_H__
 289 012c 1296      		adiw r26,1+1
 290 012e 9C93      		st X,r25
 291 0130 8E93      		st -X,r24
 292 0132 1197      		sbiw r26,1
 293 0134 812F      		mov r24,r17
 294 0136 8170      		andi r24,lo8(1)
 295 0138 8283      		std Z+2,r24
 296 013a 1382      		std Z+3,__zero_reg__
 297 013c 0E94 0000 		call __xprintf
 298               	.LBB119:
 299 0140 0F90      		pop __tmp_reg__
 300 0142 0F90      		pop __tmp_reg__
 301 0144 0F90      		pop __tmp_reg__
 302 0146 0F90      		pop __tmp_reg__
 303               	.LBE119:
 304 0148 80E0      		ldi r24,lo8(__c.2157)
 305 014a 90E0      		ldi r25,hi8(__c.2157)
 306 014c 0E94 0000 		call xputs
 307               	.LSM19:
 308 0150 80E0      		ldi r24,lo8(__c.2159)
 309 0152 90E0      		ldi r25,hi8(__c.2159)
 310 0154 0E94 0000 		call xputs
 311               	.LBB120:
 312 0158 00D0      		rcall .
 313 015a 00D0      		rcall .
 314 015c EDB7      		in r30,__SP_L__
 315 015e FEB7      		in r31,__SP_H__
 316 0160 3196      		adiw r30,1
 317               	.LBE120:
 318 0162 80E0      		ldi r24,lo8(__c.2161)
 319 0164 90E0      		ldi r25,hi8(__c.2161)
 320 0166 ADB7      		in r26,__SP_L__
 321 0168 BEB7      		in r27,__SP_H__
 322 016a 1296      		adiw r26,1+1
 323 016c 9C93      		st X,r25
 324 016e 8E93      		st -X,r24
 325 0170 1197      		sbiw r26,1
 326 0172 812F      		mov r24,r17
 327 0174 8695      		lsr r24
 328 0176 8170      		andi r24,lo8(1)
 329 0178 8283      		std Z+2,r24
 330 017a 1382      		std Z+3,__zero_reg__
 331 017c 0E94 0000 		call __xprintf
 332               	.LBB121:
 333 0180 0F90      		pop __tmp_reg__
 334 0182 0F90      		pop __tmp_reg__
 335 0184 0F90      		pop __tmp_reg__
 336 0186 0F90      		pop __tmp_reg__
 337               	.LBE121:
 338 0188 80E0      		ldi r24,lo8(__c.2163)
 339 018a 90E0      		ldi r25,hi8(__c.2163)
 340 018c 0E94 0000 		call xputs
 341               	.LSM20:
 342 0190 80E0      		ldi r24,lo8(__c.2165)
 343 0192 90E0      		ldi r25,hi8(__c.2165)
 344 0194 0E94 0000 		call xputs
 345               	.LBB122:
 346 0198 00D0      		rcall .
 347 019a 00D0      		rcall .
 348 019c EDB7      		in r30,__SP_L__
 349 019e FEB7      		in r31,__SP_H__
 350 01a0 3196      		adiw r30,1
 351               	.LBE122:
 352 01a2 80E0      		ldi r24,lo8(__c.2167)
 353 01a4 90E0      		ldi r25,hi8(__c.2167)
 354 01a6 ADB7      		in r26,__SP_L__
 355 01a8 BEB7      		in r27,__SP_H__
 356 01aa 1296      		adiw r26,1+1
 357 01ac 9C93      		st X,r25
 358 01ae 8E93      		st -X,r24
 359 01b0 1197      		sbiw r26,1
 360 01b2 1695      		lsr r17
 361 01b4 1695      		lsr r17
 362 01b6 812F      		mov r24,r17
 363 01b8 8170      		andi r24,lo8(1)
 364 01ba 8283      		std Z+2,r24
 365 01bc 1382      		std Z+3,__zero_reg__
 366 01be 0E94 0000 		call __xprintf
 367               	.LBB123:
 368 01c2 0F90      		pop __tmp_reg__
 369 01c4 0F90      		pop __tmp_reg__
 370 01c6 0F90      		pop __tmp_reg__
 371 01c8 0F90      		pop __tmp_reg__
 372               	.LBE123:
 373 01ca 80E0      		ldi r24,lo8(__c.2169)
 374 01cc 90E0      		ldi r25,hi8(__c.2169)
 375 01ce 0E94 0000 		call xputs
 376               	.LSM21:
 377 01d2 80E0      		ldi r24,lo8(__c.2171)
 378 01d4 90E0      		ldi r25,hi8(__c.2171)
 379 01d6 0E94 0000 		call xputs
 380               	.LBB124:
 381 01da 00D0      		rcall .
 382 01dc 00D0      		rcall .
 383 01de EDB7      		in r30,__SP_L__
 384 01e0 FEB7      		in r31,__SP_H__
 385 01e2 3196      		adiw r30,1
 386               	.LBE124:
 387 01e4 80E0      		ldi r24,lo8(__c.2173)
 388 01e6 90E0      		ldi r25,hi8(__c.2173)
 389 01e8 ADB7      		in r26,__SP_L__
 390 01ea BEB7      		in r27,__SP_H__
 391 01ec 1296      		adiw r26,1+1
 392 01ee 9C93      		st X,r25
 393 01f0 8E93      		st -X,r24
 394 01f2 1197      		sbiw r26,1
 395 01f4 1695      		lsr r17
 396 01f6 1170      		andi r17,lo8(1)
 397 01f8 1283      		std Z+2,r17
 398 01fa 1382      		std Z+3,__zero_reg__
 399 01fc 0E94 0000 		call __xprintf
 400               	.LBB125:
 401 0200 0F90      		pop __tmp_reg__
 402 0202 0F90      		pop __tmp_reg__
 403 0204 0F90      		pop __tmp_reg__
 404 0206 0F90      		pop __tmp_reg__
 405               	.LBE125:
 406 0208 80E0      		ldi r24,lo8(__c.2175)
 407 020a 90E0      		ldi r25,hi8(__c.2175)
 408 020c 0E94 0000 		call xputs
 409               	.LSM22:
 410 0210 0E94 0000 		call eeconfig_read_keymap
 411 0214 182F      		mov r17,r24
 412               	.LSM23:
 413 0216 80E0      		ldi r24,lo8(__c.2178)
 414 0218 90E0      		ldi r25,hi8(__c.2178)
 415 021a 0E94 0000 		call xputs
 416               	.LBB126:
 417 021e 00D0      		rcall .
 418 0220 00D0      		rcall .
 419 0222 EDB7      		in r30,__SP_L__
 420 0224 FEB7      		in r31,__SP_H__
 421 0226 3196      		adiw r30,1
 422               	.LBE126:
 423 0228 80E0      		ldi r24,lo8(__c.2180)
 424 022a 90E0      		ldi r25,hi8(__c.2180)
 425 022c ADB7      		in r26,__SP_L__
 426 022e BEB7      		in r27,__SP_H__
 427 0230 1296      		adiw r26,1+1
 428 0232 9C93      		st X,r25
 429 0234 8E93      		st -X,r24
 430 0236 1197      		sbiw r26,1
 431 0238 1283      		std Z+2,r17
 432 023a 1382      		std Z+3,__zero_reg__
 433 023c 0E94 0000 		call __xprintf
 434               	.LBB127:
 435 0240 0F90      		pop __tmp_reg__
 436 0242 0F90      		pop __tmp_reg__
 437 0244 0F90      		pop __tmp_reg__
 438 0246 0F90      		pop __tmp_reg__
 439               	.LBE127:
 440 0248 80E0      		ldi r24,lo8(__c.2182)
 441 024a 90E0      		ldi r25,hi8(__c.2182)
 442 024c 0E94 0000 		call xputs
 443               	.LSM24:
 444 0250 80E0      		ldi r24,lo8(__c.2184)
 445 0252 90E0      		ldi r25,hi8(__c.2184)
 446 0254 0E94 0000 		call xputs
 447               	.LBB128:
 448 0258 00D0      		rcall .
 449 025a 00D0      		rcall .
 450 025c EDB7      		in r30,__SP_L__
 451 025e FEB7      		in r31,__SP_H__
 452 0260 3196      		adiw r30,1
 453               	.LBE128:
 454 0262 80E0      		ldi r24,lo8(__c.2186)
 455 0264 90E0      		ldi r25,hi8(__c.2186)
 456 0266 ADB7      		in r26,__SP_L__
 457 0268 BEB7      		in r27,__SP_H__
 458 026a 1296      		adiw r26,1+1
 459 026c 9C93      		st X,r25
 460 026e 8E93      		st -X,r24
 461 0270 1197      		sbiw r26,1
 462 0272 812F      		mov r24,r17
 463 0274 8170      		andi r24,lo8(1)
 464 0276 8283      		std Z+2,r24
 465 0278 1382      		std Z+3,__zero_reg__
 466 027a 0E94 0000 		call __xprintf
 467               	.LBB129:
 468 027e 0F90      		pop __tmp_reg__
 469 0280 0F90      		pop __tmp_reg__
 470 0282 0F90      		pop __tmp_reg__
 471 0284 0F90      		pop __tmp_reg__
 472               	.LBE129:
 473 0286 80E0      		ldi r24,lo8(__c.2188)
 474 0288 90E0      		ldi r25,hi8(__c.2188)
 475 028a 0E94 0000 		call xputs
 476               	.LSM25:
 477 028e 80E0      		ldi r24,lo8(__c.2190)
 478 0290 90E0      		ldi r25,hi8(__c.2190)
 479 0292 0E94 0000 		call xputs
 480               	.LBB130:
 481 0296 00D0      		rcall .
 482 0298 00D0      		rcall .
 483 029a EDB7      		in r30,__SP_L__
 484 029c FEB7      		in r31,__SP_H__
 485 029e 3196      		adiw r30,1
 486               	.LBE130:
 487 02a0 80E0      		ldi r24,lo8(__c.2192)
 488 02a2 90E0      		ldi r25,hi8(__c.2192)
 489 02a4 ADB7      		in r26,__SP_L__
 490 02a6 BEB7      		in r27,__SP_H__
 491 02a8 1296      		adiw r26,1+1
 492 02aa 9C93      		st X,r25
 493 02ac 8E93      		st -X,r24
 494 02ae 1197      		sbiw r26,1
 495 02b0 812F      		mov r24,r17
 496 02b2 8695      		lsr r24
 497 02b4 8170      		andi r24,lo8(1)
 498 02b6 8283      		std Z+2,r24
 499 02b8 1382      		std Z+3,__zero_reg__
 500 02ba 0E94 0000 		call __xprintf
 501               	.LBB131:
 502 02be 0F90      		pop __tmp_reg__
 503 02c0 0F90      		pop __tmp_reg__
 504 02c2 0F90      		pop __tmp_reg__
 505 02c4 0F90      		pop __tmp_reg__
 506               	.LBE131:
 507 02c6 80E0      		ldi r24,lo8(__c.2194)
 508 02c8 90E0      		ldi r25,hi8(__c.2194)
 509 02ca 0E94 0000 		call xputs
 510               	.LSM26:
 511 02ce 80E0      		ldi r24,lo8(__c.2196)
 512 02d0 90E0      		ldi r25,hi8(__c.2196)
 513 02d2 0E94 0000 		call xputs
 514               	.LBB132:
 515 02d6 00D0      		rcall .
 516 02d8 00D0      		rcall .
 517 02da EDB7      		in r30,__SP_L__
 518 02dc FEB7      		in r31,__SP_H__
 519 02de 3196      		adiw r30,1
 520               	.LBE132:
 521 02e0 80E0      		ldi r24,lo8(__c.2198)
 522 02e2 90E0      		ldi r25,hi8(__c.2198)
 523 02e4 ADB7      		in r26,__SP_L__
 524 02e6 BEB7      		in r27,__SP_H__
 525 02e8 1296      		adiw r26,1+1
 526 02ea 9C93      		st X,r25
 527 02ec 8E93      		st -X,r24
 528 02ee 1197      		sbiw r26,1
 529 02f0 812F      		mov r24,r17
 530 02f2 8695      		lsr r24
 531 02f4 8695      		lsr r24
 532 02f6 8170      		andi r24,lo8(1)
 533 02f8 8283      		std Z+2,r24
 534 02fa 1382      		std Z+3,__zero_reg__
 535 02fc 0E94 0000 		call __xprintf
 536               	.LBB133:
 537 0300 0F90      		pop __tmp_reg__
 538 0302 0F90      		pop __tmp_reg__
 539 0304 0F90      		pop __tmp_reg__
 540 0306 0F90      		pop __tmp_reg__
 541               	.LBE133:
 542 0308 80E0      		ldi r24,lo8(__c.2200)
 543 030a 90E0      		ldi r25,hi8(__c.2200)
 544 030c 0E94 0000 		call xputs
 545               	.LSM27:
 546 0310 80E0      		ldi r24,lo8(__c.2202)
 547 0312 90E0      		ldi r25,hi8(__c.2202)
 548 0314 0E94 0000 		call xputs
 549               	.LBB134:
 550 0318 00D0      		rcall .
 551 031a 00D0      		rcall .
 552 031c EDB7      		in r30,__SP_L__
 553 031e FEB7      		in r31,__SP_H__
 554 0320 3196      		adiw r30,1
 555               	.LBE134:
 556 0322 80E0      		ldi r24,lo8(__c.2204)
 557 0324 90E0      		ldi r25,hi8(__c.2204)
 558 0326 ADB7      		in r26,__SP_L__
 559 0328 BEB7      		in r27,__SP_H__
 560 032a 1296      		adiw r26,1+1
 561 032c 9C93      		st X,r25
 562 032e 8E93      		st -X,r24
 563 0330 1197      		sbiw r26,1
 564 0332 812F      		mov r24,r17
 565 0334 8695      		lsr r24
 566 0336 8695      		lsr r24
 567 0338 8695      		lsr r24
 568 033a 8170      		andi r24,lo8(1)
 569 033c 8283      		std Z+2,r24
 570 033e 1382      		std Z+3,__zero_reg__
 571 0340 0E94 0000 		call __xprintf
 572               	.LBB135:
 573 0344 0F90      		pop __tmp_reg__
 574 0346 0F90      		pop __tmp_reg__
 575 0348 0F90      		pop __tmp_reg__
 576 034a 0F90      		pop __tmp_reg__
 577               	.LBE135:
 578 034c 80E0      		ldi r24,lo8(__c.2206)
 579 034e 90E0      		ldi r25,hi8(__c.2206)
 580 0350 0E94 0000 		call xputs
 581               	.LSM28:
 582 0354 80E0      		ldi r24,lo8(__c.2208)
 583 0356 90E0      		ldi r25,hi8(__c.2208)
 584 0358 0E94 0000 		call xputs
 585               	.LBB136:
 586 035c 00D0      		rcall .
 587 035e 00D0      		rcall .
 588 0360 EDB7      		in r30,__SP_L__
 589 0362 FEB7      		in r31,__SP_H__
 590 0364 3196      		adiw r30,1
 591               	.LBE136:
 592 0366 80E0      		ldi r24,lo8(__c.2210)
 593 0368 90E0      		ldi r25,hi8(__c.2210)
 594 036a ADB7      		in r26,__SP_L__
 595 036c BEB7      		in r27,__SP_H__
 596 036e 1296      		adiw r26,1+1
 597 0370 9C93      		st X,r25
 598 0372 8E93      		st -X,r24
 599 0374 1197      		sbiw r26,1
 600 0376 812F      		mov r24,r17
 601 0378 8295      		swap r24
 602 037a 8170      		andi r24,lo8(1)
 603 037c 8283      		std Z+2,r24
 604 037e 1382      		std Z+3,__zero_reg__
 605 0380 0E94 0000 		call __xprintf
 606               	.LBB137:
 607 0384 0F90      		pop __tmp_reg__
 608 0386 0F90      		pop __tmp_reg__
 609 0388 0F90      		pop __tmp_reg__
 610 038a 0F90      		pop __tmp_reg__
 611               	.LBE137:
 612 038c 80E0      		ldi r24,lo8(__c.2212)
 613 038e 90E0      		ldi r25,hi8(__c.2212)
 614 0390 0E94 0000 		call xputs
 615               	.LSM29:
 616 0394 80E0      		ldi r24,lo8(__c.2214)
 617 0396 90E0      		ldi r25,hi8(__c.2214)
 618 0398 0E94 0000 		call xputs
 619               	.LBB138:
 620 039c 00D0      		rcall .
 621 039e 00D0      		rcall .
 622 03a0 EDB7      		in r30,__SP_L__
 623 03a2 FEB7      		in r31,__SP_H__
 624 03a4 3196      		adiw r30,1
 625               	.LBE138:
 626 03a6 80E0      		ldi r24,lo8(__c.2216)
 627 03a8 90E0      		ldi r25,hi8(__c.2216)
 628 03aa ADB7      		in r26,__SP_L__
 629 03ac BEB7      		in r27,__SP_H__
 630 03ae 1296      		adiw r26,1+1
 631 03b0 9C93      		st X,r25
 632 03b2 8E93      		st -X,r24
 633 03b4 1197      		sbiw r26,1
 634 03b6 812F      		mov r24,r17
 635 03b8 8295      		swap r24
 636 03ba 8695      		lsr r24
 637 03bc 8170      		andi r24,lo8(1)
 638 03be 8283      		std Z+2,r24
 639 03c0 1382      		std Z+3,__zero_reg__
 640 03c2 0E94 0000 		call __xprintf
 641               	.LBB139:
 642 03c6 0F90      		pop __tmp_reg__
 643 03c8 0F90      		pop __tmp_reg__
 644 03ca 0F90      		pop __tmp_reg__
 645 03cc 0F90      		pop __tmp_reg__
 646               	.LBE139:
 647 03ce 80E0      		ldi r24,lo8(__c.2218)
 648 03d0 90E0      		ldi r25,hi8(__c.2218)
 649 03d2 0E94 0000 		call xputs
 650               	.LSM30:
 651 03d6 80E0      		ldi r24,lo8(__c.2220)
 652 03d8 90E0      		ldi r25,hi8(__c.2220)
 653 03da 0E94 0000 		call xputs
 654               	.LBB140:
 655 03de 00D0      		rcall .
 656 03e0 00D0      		rcall .
 657 03e2 EDB7      		in r30,__SP_L__
 658 03e4 FEB7      		in r31,__SP_H__
 659 03e6 3196      		adiw r30,1
 660               	.LBE140:
 661 03e8 80E0      		ldi r24,lo8(__c.2222)
 662 03ea 90E0      		ldi r25,hi8(__c.2222)
 663 03ec ADB7      		in r26,__SP_L__
 664 03ee BEB7      		in r27,__SP_H__
 665 03f0 1296      		adiw r26,1+1
 666 03f2 9C93      		st X,r25
 667 03f4 8E93      		st -X,r24
 668 03f6 1197      		sbiw r26,1
 669 03f8 1295      		swap r17
 670 03fa 1695      		lsr r17
 671 03fc 1695      		lsr r17
 672 03fe 1370      		andi r17,lo8(3)
 673 0400 812F      		mov r24,r17
 674 0402 8170      		andi r24,lo8(1)
 675 0404 8283      		std Z+2,r24
 676 0406 1382      		std Z+3,__zero_reg__
 677 0408 0E94 0000 		call __xprintf
 678               	.LBB141:
 679 040c 0F90      		pop __tmp_reg__
 680 040e 0F90      		pop __tmp_reg__
 681 0410 0F90      		pop __tmp_reg__
 682 0412 0F90      		pop __tmp_reg__
 683               	.LBE141:
 684 0414 80E0      		ldi r24,lo8(__c.2224)
 685 0416 90E0      		ldi r25,hi8(__c.2224)
 686 0418 0E94 0000 		call xputs
 687               	.LSM31:
 688 041c 80E0      		ldi r24,lo8(__c.2226)
 689 041e 90E0      		ldi r25,hi8(__c.2226)
 690 0420 0E94 0000 		call xputs
 691               	.LBB142:
 692 0424 00D0      		rcall .
 693 0426 00D0      		rcall .
 694 0428 EDB7      		in r30,__SP_L__
 695 042a FEB7      		in r31,__SP_H__
 696 042c 3196      		adiw r30,1
 697               	.LBE142:
 698 042e 80E0      		ldi r24,lo8(__c.2228)
 699 0430 90E0      		ldi r25,hi8(__c.2228)
 700 0432 ADB7      		in r26,__SP_L__
 701 0434 BEB7      		in r27,__SP_H__
 702 0436 1296      		adiw r26,1+1
 703 0438 9C93      		st X,r25
 704 043a 8E93      		st -X,r24
 705 043c 1197      		sbiw r26,1
 706 043e 1695      		lsr r17
 707 0440 1283      		std Z+2,r17
 708 0442 1382      		std Z+3,__zero_reg__
 709 0444 0E94 0000 		call __xprintf
 710               	.LBB143:
 711 0448 0F90      		pop __tmp_reg__
 712 044a 0F90      		pop __tmp_reg__
 713 044c 0F90      		pop __tmp_reg__
 714 044e 0F90      		pop __tmp_reg__
 715               	.LBE143:
 716 0450 80E0      		ldi r24,lo8(__c.2230)
 717 0452 90E0      		ldi r25,hi8(__c.2230)
 718 0454 00C0      		rjmp .L39
 719               	.L14:
 720               	.LBE113:
 721               	.LBB144:
 722               	.LSM32:
 723 0456 80E0      		ldi r24,lo8(__c.2135)
 724 0458 90E0      		ldi r25,hi8(__c.2135)
 725               	.L39:
 726 045a 0E94 0000 		call xputs
 727               	.L40:
 728 045e 81E0      		ldi r24,lo8(1)
 729 0460 00C0      		rjmp .L30
 730               	.L44:
 731               	.LBE144:
 732               	.LSM33:
 733 0462 8091 0000 		lds r24,debug_config
 734               	.LSM34:
 735 0466 807F      		andi r24,lo8(-16)
 736 0468 8093 0000 		sts debug_config,r24
 737               	.LSM35:
 738 046c 0E94 0000 		call command_console_help
 739               	.LSM36:
 740 0470 80E0      		ldi r24,lo8(__c.2275)
 741 0472 90E0      		ldi r25,hi8(__c.2275)
 742 0474 0E94 0000 		call xputs
 743               	.LSM37:
 744 0478 81E0      		ldi r24,lo8(1)
 745 047a 8093 0000 		sts command_state,r24
 746 047e 00C0      		rjmp .L30
 747               	.L48:
 748               	.LSM38:
 749 0480 0E94 0000 		call clear_keyboard
 750               	.LSM39:
 751 0484 80E0      		ldi r24,lo8(__c.2278)
 752 0486 90E0      		ldi r25,hi8(__c.2278)
 753 0488 0E94 0000 		call xputs
 754 048c 80E1      		ldi r24,lo8(10000)
 755 048e 97E2      		ldi r25,hi8(10000)
 756               	.LBB145:
 757               	.LBB146:
 758               	.LBB147:
 759               	.LBB148:
 760               	.LSM40:
 761 0490 20E9      		ldi r18,lo8(400)
 762 0492 31E0      		ldi r19,hi8(400)
 763               	.L31:
 764 0494 F901      		movw r30,r18
 765               	/* #APP */
 766               	 ;  105 "c:/winavr-20100110/lib/gcc/../../avr/include/util/delay_basic.h" 1
 767 0496 3197      		1: sbiw r30,1
 768 0498 01F4      		brne 1b
 769               	 ;  0 "" 2
 770               	/* #NOAPP */
 771               	.LBE148:
 772               	.LBE147:
 773               	.LSM41:
 774 049a 0197      		sbiw r24,1
 775               	.LSM42:
 776 049c 01F4      		brne .L31
 777               	.LBE146:
 778               	.LBE145:
 779               	.LSM43:
 780 049e 0E94 0000 		call bootloader_jump
 781 04a2 00C0      		rjmp .L40
 782               	.L12:
 783               	.LSM44:
 784 04a4 8091 0000 		lds r24,debug_config
 785 04a8 80FF      		sbrs r24,0
 786 04aa 00C0      		rjmp .L32
 787               	.LSM45:
 788 04ac 80E0      		ldi r24,lo8(__c.2281)
 789 04ae 90E0      		ldi r25,hi8(__c.2281)
 790 04b0 0E94 0000 		call xputs
 791               	.LSM46:
 792 04b4 8091 0000 		lds r24,debug_config
 793               	.LSM47:
 794 04b8 807F      		andi r24,lo8(-16)
 795 04ba 00C0      		rjmp .L42
 796               	.L32:
 797               	.LSM48:
 798 04bc 80E0      		ldi r24,lo8(__c.2283)
 799 04be 90E0      		ldi r25,hi8(__c.2283)
 800 04c0 00C0      		rjmp .L41
 801               	.L46:
 802               	.LSM49:
 803 04c2 8091 0000 		lds r24,debug_config
 804 04c6 982F      		mov r25,r24
 805 04c8 9695      		lsr r25
 806 04ca 9095      		com r25
 807 04cc 9170      		andi r25,lo8(1)
 808 04ce 292F      		mov r18,r25
 809 04d0 220F      		lsl r18
 810 04d2 8D7F      		andi r24,lo8(-3)
 811 04d4 822B      		or r24,r18
 812 04d6 8093 0000 		sts debug_config,r24
 813               	.LSM50:
 814 04da 9923      		tst r25
 815 04dc 01F0      		breq .L33
 816               	.LSM51:
 817 04de 80E0      		ldi r24,lo8(__c.2286)
 818 04e0 90E0      		ldi r25,hi8(__c.2286)
 819               	.L41:
 820 04e2 0E94 0000 		call xputs
 821               	.LSM52:
 822 04e6 8091 0000 		lds r24,debug_config
 823 04ea 8160      		ori r24,lo8(1)
 824               	.L42:
 825 04ec 8093 0000 		sts debug_config,r24
 826 04f0 00C0      		rjmp .L40
 827               	.L33:
 828               	.LSM53:
 829 04f2 80E0      		ldi r24,lo8(__c.2288)
 830 04f4 90E0      		ldi r25,hi8(__c.2288)
 831 04f6 00C0      		rjmp .L39
 832               	.L15:
 833               	.LSM54:
 834 04f8 8091 0000 		lds r24,debug_config
 835 04fc 982F      		mov r25,r24
 836 04fe 9695      		lsr r25
 837 0500 9695      		lsr r25
 838 0502 9095      		com r25
 839 0504 9170      		andi r25,lo8(1)
 840 0506 292F      		mov r18,r25
 841 0508 220F      		lsl r18
 842 050a 220F      		lsl r18
 843 050c 8B7F      		andi r24,lo8(-5)
 844 050e 822B      		or r24,r18
 845 0510 8093 0000 		sts debug_config,r24
 846               	.LSM55:
 847 0514 9923      		tst r25
 848 0516 01F0      		breq .L34
 849               	.LSM56:
 850 0518 80E0      		ldi r24,lo8(__c.2291)
 851 051a 90E0      		ldi r25,hi8(__c.2291)
 852 051c 00C0      		rjmp .L41
 853               	.L34:
 854               	.LSM57:
 855 051e 80E0      		ldi r24,lo8(__c.2293)
 856 0520 90E0      		ldi r25,hi8(__c.2293)
 857 0522 00C0      		rjmp .L39
 858               	.L45:
 859               	.LSM58:
 860 0524 8091 0000 		lds r24,debug_config
 861 0528 982F      		mov r25,r24
 862 052a 9695      		lsr r25
 863 052c 9695      		lsr r25
 864 052e 9695      		lsr r25
 865 0530 9095      		com r25
 866 0532 9170      		andi r25,lo8(1)
 867 0534 292F      		mov r18,r25
 868 0536 220F      		lsl r18
 869 0538 220F      		lsl r18
 870 053a 220F      		lsl r18
 871 053c 877F      		andi r24,lo8(-9)
 872 053e 822B      		or r24,r18
 873 0540 8093 0000 		sts debug_config,r24
 874               	.LSM59:
 875 0544 9923      		tst r25
 876 0546 01F0      		breq .L35
 877               	.LSM60:
 878 0548 80E0      		ldi r24,lo8(__c.2296)
 879 054a 90E0      		ldi r25,hi8(__c.2296)
 880 054c 00C0      		rjmp .L41
 881               	.L35:
 882               	.LSM61:
 883 054e 80E0      		ldi r24,lo8(__c.2298)
 884 0550 90E0      		ldi r25,hi8(__c.2298)
 885 0552 00C0      		rjmp .L39
 886               	.L18:
 887               	.LSM62:
 888 0554 80E0      		ldi r24,lo8(__c.2301)
 889 0556 90E0      		ldi r25,hi8(__c.2301)
 890 0558 0E94 0000 		call xputs
 891               	.LSM63:
 892 055c 80E0      		ldi r24,lo8(__c.2303)
 893 055e 90E0      		ldi r25,hi8(__c.2303)
 894 0560 0E94 0000 		call xputs
 895               	.LSM64:
 896 0564 80E0      		ldi r24,lo8(__c.2305)
 897 0566 90E0      		ldi r25,hi8(__c.2305)
 898 0568 0E94 0000 		call xputs
 899               	.LSM65:
 900 056c 80E0      		ldi r24,lo8(__c.2307)
 901 056e 90E0      		ldi r25,hi8(__c.2307)
 902 0570 0E94 0000 		call xputs
 903               	.LSM66:
 904 0574 80E0      		ldi r24,lo8(__c.2309)
 905 0576 90E0      		ldi r25,hi8(__c.2309)
 906 0578 0E94 0000 		call xputs
 907               	.LSM67:
 908 057c 80E0      		ldi r24,lo8(__c.2311)
 909 057e 90E0      		ldi r25,hi8(__c.2311)
 910 0580 00C0      		rjmp .L39
 911               	.L17:
 912               	.LSM68:
 913 0582 80E0      		ldi r24,lo8(__c.2314)
 914 0584 90E0      		ldi r25,hi8(__c.2314)
 915 0586 0E94 0000 		call xputs
 916               	.LSM69:
 917 058a 0E94 0000 		call host_keyboard_leds
 918 058e 00D0      		rcall .
 919 0590 00D0      		rcall .
 920 0592 EDB7      		in r30,__SP_L__
 921 0594 FEB7      		in r31,__SP_H__
 922 0596 3196      		adiw r30,1
 923 0598 20E0      		ldi r18,lo8(__c.2316)
 924 059a 30E0      		ldi r19,hi8(__c.2316)
 925 059c ADB7      		in r26,__SP_L__
 926 059e BEB7      		in r27,__SP_H__
 927 05a0 1296      		adiw r26,1+1
 928 05a2 3C93      		st X,r19
 929 05a4 2E93      		st -X,r18
 930 05a6 1197      		sbiw r26,1
 931 05a8 8283      		std Z+2,r24
 932 05aa 1382      		std Z+3,__zero_reg__
 933 05ac 0E94 0000 		call __xprintf
 934               	.LSM70:
 935 05b0 EDB7      		in r30,__SP_L__
 936 05b2 FEB7      		in r31,__SP_H__
 937 05b4 3196      		adiw r30,1
 938 05b6 80E0      		ldi r24,lo8(__c.2318)
 939 05b8 90E0      		ldi r25,hi8(__c.2318)
 940 05ba ADB7      		in r26,__SP_L__
 941 05bc BEB7      		in r27,__SP_H__
 942 05be 1296      		adiw r26,1+1
 943 05c0 9C93      		st X,r25
 944 05c2 8E93      		st -X,r24
 945 05c4 1197      		sbiw r26,1
 946 05c6 8091 0000 		lds r24,keyboard_protocol
 947 05ca 8283      		std Z+2,r24
 948 05cc 1382      		std Z+3,__zero_reg__
 949 05ce 0E94 0000 		call __xprintf
 950               	.LSM71:
 951 05d2 EDB7      		in r30,__SP_L__
 952 05d4 FEB7      		in r31,__SP_H__
 953 05d6 3196      		adiw r30,1
 954 05d8 80E0      		ldi r24,lo8(__c.2320)
 955 05da 90E0      		ldi r25,hi8(__c.2320)
 956 05dc ADB7      		in r26,__SP_L__
 957 05de BEB7      		in r27,__SP_H__
 958 05e0 1296      		adiw r26,1+1
 959 05e2 9C93      		st X,r25
 960 05e4 8E93      		st -X,r24
 961 05e6 1197      		sbiw r26,1
 962 05e8 8091 0000 		lds r24,keyboard_idle
 963 05ec 8283      		std Z+2,r24
 964 05ee 1382      		std Z+3,__zero_reg__
 965 05f0 0E94 0000 		call __xprintf
 966               	.LSM72:
 967 05f4 2091 0000 		lds r18,timer_count
 968 05f8 3091 0000 		lds r19,(timer_count)+1
 969 05fc 4091 0000 		lds r20,(timer_count)+2
 970 0600 5091 0000 		lds r21,(timer_count)+3
 971 0604 00D0      		rcall .
 972 0606 80E0      		ldi r24,lo8(__c.2322)
 973 0608 90E0      		ldi r25,hi8(__c.2322)
 974 060a EDB7      		in r30,__SP_L__
 975 060c FEB7      		in r31,__SP_H__
 976 060e 9283      		std Z+2,r25
 977 0610 8183      		std Z+1,r24
 978 0612 ADB7      		in r26,__SP_L__
 979 0614 BEB7      		in r27,__SP_H__
 980 0616 1396      		adiw r26,3
 981 0618 2D93      		st X+,r18
 982 061a 3D93      		st X+,r19
 983 061c 4D93      		st X+,r20
 984 061e 5C93      		st X,r21
 985 0620 1697      		sbiw r26,3+3
 986 0622 0E94 0000 		call __xprintf
 987 0626 81E0      		ldi r24,lo8(1)
 988 0628 EDB7      		in r30,__SP_L__
 989 062a FEB7      		in r31,__SP_H__
 990 062c 3696      		adiw r30,6
 991 062e 0FB6      		in __tmp_reg__,__SREG__
 992 0630 F894      		cli
 993 0632 FEBF      		out __SP_H__,r31
 994 0634 0FBE      		out __SREG__,__tmp_reg__
 995 0636 EDBF      		out __SP_L__,r30
 996 0638 00C0      		rjmp .L30
 997               	.L21:
 998               	.LSM73:
 999 063a 80E0      		ldi r24,lo8(0)
 1000 063c 00C0      		rjmp .L43
 1001               	.L20:
 1002               	.LSM74:
 1003 063e 8D51      		subi r24,lo8(-(-29))
 1004 0640 00C0      		rjmp .L43
 1005               	.L47:
 1006               	.LSM75:
 1007 0642 8953      		subi r24,lo8(-(-57))
 1008               	.L43:
 1009 0644 0E94 0000 		call switch_default_layer
 1010 0648 00C0      		rjmp .L40
 1011               	.L10:
 1012               	.LSM76:
 1013 064a 80E0      		ldi r24,lo8(__c.2331)
 1014 064c 90E0      		ldi r25,hi8(__c.2331)
 1015 064e 0E94 0000 		call xputs
 1016 0652 80E0      		ldi r24,lo8(0)
 1017               	.L30:
 1018               	/* epilogue start */
 1019               	.LSM77:
 1020 0654 1F91      		pop r17
 1021 0656 0895      		ret
 1022               	.LFE14:
 1024               		.section	.text.command_proc,"ax",@progbits
 1025               	.global	command_proc
 1027               	command_proc:
 1028               	.LFB9:
 1029               	.LSM78:
 1030               	.LVL7:
 1031 0000 1F93      		push r17
 1032               	/* prologue: function */
 1033               	/* frame size = 0 */
 1034 0002 182F      		mov r17,r24
 1035               	.LSM79:
 1036 0004 8091 0000 		lds r24,command_state
 1037               	.LVL8:
 1038 0008 8823      		tst r24
 1039 000a 01F0      		breq .L51
 1040 000c 8130      		cpi r24,lo8(1)
 1041 000e 01F4      		brne .L67
 1042 0010 00C0      		rjmp .L73
 1043               	.L51:
 1044               	.LSM80:
 1045 0012 E091 0000 		lds r30,keyboard_report
 1046 0016 F091 0000 		lds r31,(keyboard_report)+1
 1047 001a 8081      		ld r24,Z
 1048 001c 8232      		cpi r24,lo8(34)
 1049 001e 01F4      		brne .L68
 1050 0020 00C0      		rjmp .L72
 1051               	.L73:
 1052               	.LSM81:
 1053 0022 E091 0000 		lds r30,keyboard_report
 1054 0026 F091 0000 		lds r31,(keyboard_report)+1
 1055 002a 8081      		ld r24,Z
 1056 002c 8232      		cpi r24,lo8(34)
 1057 002e 01F4      		brne .L57
 1058               	.L72:
 1059               	.LSM82:
 1060 0030 812F      		mov r24,r17
 1061 0032 0E94 0000 		call command_extra
 1062 0036 8823      		tst r24
 1063 0038 01F4      		brne .L70
 1064               	.L58:
 1065 003a 812F      		mov r24,r17
 1066 003c 0E94 0000 		call command_common
 1067 0040 00C0      		rjmp .L54
 1068               	.L57:
 1069               	.LSM83:
 1070 0042 812F      		mov r24,r17
 1071 0044 0E94 0000 		call command_console_extra
 1072 0048 8823      		tst r24
 1073 004a 01F4      		brne .L70
 1074               	.L60:
 1075               	.LBB153:
 1076               	.LBB154:
 1077               	.LSM84:
 1078 004c 1431      		cpi r17,lo8(20)
 1079 004e 01F0      		breq .L64
 1080 0050 1531      		cpi r17,lo8(21)
 1081 0052 00F4      		brsh .L65
 1082 0054 1B30      		cpi r17,lo8(11)
 1083 0056 01F4      		brne .L62
 1084 0058 00C0      		rjmp .L63
 1085               	.L65:
 1086 005a 1932      		cpi r17,lo8(41)
 1087 005c 01F0      		breq .L64
 1088 005e 1833      		cpi r17,lo8(56)
 1089 0060 01F4      		brne .L62
 1090               	.L63:
 1091               	.LSM85:
 1092 0062 0E94 0000 		call command_console_help
 1093               	.LBE154:
 1094               	.LSM86:
 1095 0066 80E0      		ldi r24,lo8(__c.2373)
 1096 0068 90E0      		ldi r25,hi8(__c.2373)
 1097 006a 0E94 0000 		call xputs
 1098               	.L70:
 1099 006e 81E0      		ldi r24,lo8(1)
 1100 0070 90E0      		ldi r25,hi8(1)
 1101 0072 00C0      		rjmp .L54
 1102               	.L64:
 1103               	.LBB155:
 1104               	.LSM87:
 1105 0074 1092 0000 		sts command_state,__zero_reg__
 1106 0078 00C0      		rjmp .L69
 1107               	.L62:
 1108               	.LBE155:
 1109               	.LSM88:
 1110 007a 80E0      		ldi r24,lo8(__c.2371)
 1111 007c 90E0      		ldi r25,hi8(__c.2371)
 1112 007e 0E94 0000 		call xputs
 1113               	.L69:
 1114 0082 80E0      		ldi r24,lo8(0)
 1115 0084 90E0      		ldi r25,hi8(0)
 1116 0086 00C0      		rjmp .L54
 1117               	.L67:
 1118               	.LBE153:
 1119               	.LSM89:
 1120 0088 1092 0000 		sts command_state,__zero_reg__
 1121               	.L68:
 1122 008c 80E0      		ldi r24,lo8(0)
 1123               	.L54:
 1124               	/* epilogue start */
 1125               	.LSM90:
 1126 008e 1F91      		pop r17
 1127               	.LVL9:
 1128 0090 0895      		ret
 1129               	.LFE9:
 1131               	.global	command_state
 1132               		.section	.bss.command_state,"aw",@nobits
 1135               	command_state:
 1136 0000 00        		.skip 1,0
 1137               		.section	.progmem.data,"a",@progbits
 1140               	__c.2331:
 1141 0000 3F00      		.string	"?"
 1144               	__c.2322:
 1145 0002 7469 6D65 		.string	"timer_count: %04lX\n"
 1145      725F 636F 
 1145      756E 743A 
 1145      2025 3034 
 1145      6C58 0A00 
 1148               	__c.2320:
 1149 0016 6B65 7962 		.string	"keyboard_idle: %X\n"
 1149      6F61 7264 
 1149      5F69 646C 
 1149      653A 2025 
 1149      580A 00
 1152               	__c.2318:
 1153 0029 6B65 7962 		.string	"keyboard_protocol: %X\n"
 1153      6F61 7264 
 1153      5F70 726F 
 1153      746F 636F 
 1153      6C3A 2025 
 1156               	__c.2316:
 1157 0040 686F 7374 		.string	"host_keyboard_leds(): %X\n"
 1157      5F6B 6579 
 1157      626F 6172 
 1157      645F 6C65 
 1157      6473 2829 
 1160               	__c.2314:
 1161 005a 0A09 2D20 		.string	"\n\t- Status -\n"
 1161      5374 6174 
 1161      7573 202D 
 1161      0A00 
 1164               	__c.2311:
 1165 0068 4743 433A 		.string	"GCC: 4.3.3 AVR-LIBC: 1.6.7 AVR_ARCH: avr5\n"
 1165      2034 2E33 
 1165      2E33 2041 
 1165      5652 2D4C 
 1165      4942 433A 
 1168               	__c.2309:
 1169 0093 4F50 5449 		.string	"OPTIONS: LUFA BOOTMAGIC EXTRAKEY CONSOLE COMMAND 512\n"
 1169      4F4E 533A 
 1169      204C 5546 
 1169      4120 424F 
 1169      4F54 4D41 
 1172               	__c.2307:
 1173 00c9 4255 494C 		.string	"BUILD: unknown (16:08:00 Dec 11 2015)\n"
 1173      443A 2075 
 1173      6E6B 6E6F 
 1173      776E 2028 
 1173      3136 3A30 
 1176               	__c.2305:
 1177 00f0 5649 443A 		.string	"VID: 0xFEED(t.m.k.) PID: 0x6057(Phantom) VER: 0x0001\n"
 1177      2030 7846 
 1177      4545 4428 
 1177      742E 6D2E 
 1177      6B2E 2920 
 1180               	__c.2303:
 1181 0126 4445 5343 		.string	"DESC: t.m.k. keyboard firmware for Phantom\n"
 1181      3A20 742E 
 1181      6D2E 6B2E 
 1181      206B 6579 
 1181      626F 6172 
 1184               	__c.2301:
 1185 0152 0A09 2D20 		.string	"\n\t- Version -\n"
 1185      5665 7273 
 1185      696F 6E20 
 1185      2D0A 00
 1188               	__c.2298:
 1189 0161 0A6D 6F75 		.string	"\nmouse: off\n"
 1189      7365 3A20 
 1189      6F66 660A 
 1189      00
 1192               	__c.2296:
 1193 016e 0A6D 6F75 		.string	"\nmouse: on\n"
 1193      7365 3A20 
 1193      6F6E 0A00 
 1196               	__c.2293:
 1197 017a 0A6B 6579 		.string	"\nkeyboard: off\n"
 1197      626F 6172 
 1197      643A 206F 
 1197      6666 0A00 
 1200               	__c.2291:
 1201 018a 0A6B 6579 		.string	"\nkeyboard: on\n"
 1201      626F 6172 
 1201      643A 206F 
 1201      6E0A 00
 1204               	__c.2288:
 1205 0199 0A6D 6174 		.string	"\nmatrix: off\n"
 1205      7269 783A 
 1205      206F 6666 
 1205      0A00 
 1208               	__c.2286:
 1209 01a7 0A6D 6174 		.string	"\nmatrix: on\n"
 1209      7269 783A 
 1209      206F 6E0A 
 1209      00
 1212               	__c.2283:
 1213 01b4 0A64 6562 		.string	"\ndebug: on\n"
 1213      7567 3A20 
 1213      6F6E 0A00 
 1216               	__c.2281:
 1217 01c0 0A64 6562 		.string	"\ndebug: off\n"
 1217      7567 3A20 
 1217      6F66 660A 
 1217      00
 1220               	__c.2278:
 1221 01cd 0A0A 626F 		.string	"\n\nbootloader... "
 1221      6F74 6C6F 
 1221      6164 6572 
 1221      2E2E 2E20 
 1221      00
 1224               	__c.2275:
 1225 01de 433E 2000 		.string	"C> "
 1228               	__c.2269:
 1229 01e2 6565 636F 		.string	"eeconfig:\n"
 1229      6E66 6967 
 1229      3A0A 00
 1232               	__c.2230:
 1233 01ed 0A00      		.string	"\n"
 1236               	__c.2228:
 1237 01ef 2575 00   		.string	"%u"
 1240               	__c.2226:
 1241 01f2 2E6E 6B72 		.string	".nkro: "
 1241      6F3A 2000 
 1244               	__c.2224:
 1245 01fa 0A00      		.string	"\n"
 1248               	__c.2222:
 1249 01fc 2575 00   		.string	"%u"
 1252               	__c.2220:
 1253 01ff 2E73 7761 		.string	".swap_backslash_backspace: "
 1253      705F 6261 
 1253      636B 736C 
 1253      6173 685F 
 1253      6261 636B 
 1256               	__c.2218:
 1257 021b 0A00      		.string	"\n"
 1260               	__c.2216:
 1261 021d 2575 00   		.string	"%u"
 1264               	__c.2214:
 1265 0220 2E73 7761 		.string	".swap_grave_esc: "
 1265      705F 6772 
 1265      6176 655F 
 1265      6573 633A 
 1265      2000 
 1268               	__c.2212:
 1269 0232 0A00      		.string	"\n"
 1272               	__c.2210:
 1273 0234 2575 00   		.string	"%u"
 1276               	__c.2208:
 1277 0237 2E6E 6F5F 		.string	".no_gui: "
 1277      6775 693A 
 1277      2000 
 1280               	__c.2206:
 1281 0241 0A00      		.string	"\n"
 1284               	__c.2204:
 1285 0243 2575 00   		.string	"%u"
 1288               	__c.2202:
 1289 0246 2E73 7761 		.string	".swap_ralt_rgui: "
 1289      705F 7261 
 1289      6C74 5F72 
 1289      6775 693A 
 1289      2000 
 1292               	__c.2200:
 1293 0258 0A00      		.string	"\n"
 1296               	__c.2198:
 1297 025a 2575 00   		.string	"%u"
 1300               	__c.2196:
 1301 025d 2E73 7761 		.string	".swap_lalt_lgui: "
 1301      705F 6C61 
 1301      6C74 5F6C 
 1301      6775 693A 
 1301      2000 
 1304               	__c.2194:
 1305 026f 0A00      		.string	"\n"
 1308               	__c.2192:
 1309 0271 2575 00   		.string	"%u"
 1312               	__c.2190:
 1313 0274 2E63 6170 		.string	".capslock_to_control: "
 1313      736C 6F63 
 1313      6B5F 746F 
 1313      5F63 6F6E 
 1313      7472 6F6C 
 1316               	__c.2188:
 1317 028b 0A00      		.string	"\n"
 1320               	__c.2186:
 1321 028d 2575 00   		.string	"%u"
 1324               	__c.2184:
 1325 0290 2E73 7761 		.string	".swap_control_capslock: "
 1325      705F 636F 
 1325      6E74 726F 
 1325      6C5F 6361 
 1325      7073 6C6F 
 1328               	__c.2182:
 1329 02a9 0A00      		.string	"\n"
 1332               	__c.2180:
 1333 02ab 2530 3258 		.string	"%02X"
 1333      00
 1336               	__c.2178:
 1337 02b0 6B65 796D 		.string	"keymap_config.raw: "
 1337      6170 5F63 
 1337      6F6E 6669 
 1337      672E 7261 
 1337      773A 2000 
 1340               	__c.2175:
 1341 02c4 0A00      		.string	"\n"
 1344               	__c.2173:
 1345 02c6 2575 00   		.string	"%u"
 1348               	__c.2171:
 1349 02c9 2E6D 6F75 		.string	".mouse: "
 1349      7365 3A20 
 1349      00
 1352               	__c.2169:
 1353 02d2 0A00      		.string	"\n"
 1356               	__c.2167:
 1357 02d4 2575 00   		.string	"%u"
 1360               	__c.2165:
 1361 02d7 2E6B 6579 		.string	".keyboard: "
 1361      626F 6172 
 1361      643A 2000 
 1364               	__c.2163:
 1365 02e3 0A00      		.string	"\n"
 1368               	__c.2161:
 1369 02e5 2575 00   		.string	"%u"
 1372               	__c.2159:
 1373 02e8 2E6D 6174 		.string	".matrix: "
 1373      7269 783A 
 1373      2000 
 1376               	__c.2157:
 1377 02f2 0A00      		.string	"\n"
 1380               	__c.2155:
 1381 02f4 2575 00   		.string	"%u"
 1384               	__c.2153:
 1385 02f7 2E65 6E61 		.string	".enable: "
 1385      626C 653A 
 1385      2000 
 1388               	__c.2151:
 1389 0301 0A00      		.string	"\n"
 1392               	__c.2149:
 1393 0303 2530 3258 		.string	"%02X"
 1393      00
 1396               	__c.2147:
 1397 0308 6465 6275 		.string	"debug_config.raw: "
 1397      675F 636F 
 1397      6E66 6967 
 1397      2E72 6177 
 1397      3A20 00
 1400               	__c.2144:
 1401 031b 0A00      		.string	"\n"
 1404               	__c.2142:
 1405 031d 2575 00   		.string	"%u"
 1408               	__c.2140:
 1409 0320 6465 6661 		.string	"default_layer: "
 1409      756C 745F 
 1409      6C61 7965 
 1409      723A 2000 
 1412               	__c.2135:
 1413 0330 0A09 2D20 		.ascii	"\n\t- Magic -\nd:\tdebug\nx:\tdebug matrix\nk:\tdebug keyboa"
 1413      4D61 6769 
 1413      6320 2D0A 
 1413      643A 0964 
 1413      6562 7567 
 1414 0364 7264 0A6D 		.ascii	"rd\nm:\tdebug mouse\nv:\tversion\ns:\tstatus\nc"
 1414      3A09 6465 
 1414      6275 6720 
 1414      6D6F 7573 
 1414      650A 763A 
 1415 038c 3A09 636F 		.string	":\tconsole mode\n0-4:\tlayer0-4(F10-F4)\nPaus:\tbootloader\ne:\teeprom\n"
 1415      6E73 6F6C 
 1415      6520 6D6F 
 1415      6465 0A30 
 1415      2D34 3A09 
 1418               	__c.2360:
 1419 03cd 0A09 2D20 		.string	"\n\t- Console -\nESC/q:\tquit\n"
 1419      436F 6E73 
 1419      6F6C 6520 
 1419      2D0A 4553 
 1419      432F 713A 
 1422               	__c.2396:
 1423 03e8 4C25 640A 		.string	"L%d\n"
 1423      00
 1426               	__c.2373:
 1427 03ed 433E 2000 		.string	"C> "
 1430               	__c.2371:
 1431 03f1 3F00      		.string	"?"
 1432               		.comm keymap_config,1,1
 1497               	.Letext0:
DEFINED SYMBOLS
                            *ABS*:00000000 command.c
C:\Users\User\AppData\Local\Temp/cc86QnGV.s:2      *ABS*:0000003f __SREG__
C:\Users\User\AppData\Local\Temp/cc86QnGV.s:3      *ABS*:0000003e __SP_H__
C:\Users\User\AppData\Local\Temp/cc86QnGV.s:4      *ABS*:0000003d __SP_L__
C:\Users\User\AppData\Local\Temp/cc86QnGV.s:5      *ABS*:00000034 __CCP__
C:\Users\User\AppData\Local\Temp/cc86QnGV.s:6      *ABS*:00000000 __tmp_reg__
C:\Users\User\AppData\Local\Temp/cc86QnGV.s:7      *ABS*:00000001 __zero_reg__
C:\Users\User\AppData\Local\Temp/cc86QnGV.s:19     .text.command_extra:00000000 command_extra
C:\Users\User\AppData\Local\Temp/cc86QnGV.s:35     .text.command_console_extra:00000000 command_console_extra
C:\Users\User\AppData\Local\Temp/cc86QnGV.s:50     .text.command_console_help:00000000 command_console_help
C:\Users\User\AppData\Local\Temp/cc86QnGV.s:1418   .progmem.data:000003cd __c.2360
C:\Users\User\AppData\Local\Temp/cc86QnGV.s:66     .text.switch_default_layer:00000000 switch_default_layer
C:\Users\User\AppData\Local\Temp/cc86QnGV.s:1422   .progmem.data:000003e8 __c.2396
C:\Users\User\AppData\Local\Temp/cc86QnGV.s:120    .text.command_common:00000000 command_common
C:\Users\User\AppData\Local\Temp/cc86QnGV.s:1228   .progmem.data:000001e2 __c.2269
C:\Users\User\AppData\Local\Temp/cc86QnGV.s:1408   .progmem.data:00000320 __c.2140
C:\Users\User\AppData\Local\Temp/cc86QnGV.s:1404   .progmem.data:0000031d __c.2142
C:\Users\User\AppData\Local\Temp/cc86QnGV.s:1400   .progmem.data:0000031b __c.2144
C:\Users\User\AppData\Local\Temp/cc86QnGV.s:1396   .progmem.data:00000308 __c.2147
C:\Users\User\AppData\Local\Temp/cc86QnGV.s:1392   .progmem.data:00000303 __c.2149
C:\Users\User\AppData\Local\Temp/cc86QnGV.s:1388   .progmem.data:00000301 __c.2151
C:\Users\User\AppData\Local\Temp/cc86QnGV.s:1384   .progmem.data:000002f7 __c.2153
C:\Users\User\AppData\Local\Temp/cc86QnGV.s:1380   .progmem.data:000002f4 __c.2155
C:\Users\User\AppData\Local\Temp/cc86QnGV.s:1376   .progmem.data:000002f2 __c.2157
C:\Users\User\AppData\Local\Temp/cc86QnGV.s:1372   .progmem.data:000002e8 __c.2159
C:\Users\User\AppData\Local\Temp/cc86QnGV.s:1368   .progmem.data:000002e5 __c.2161
C:\Users\User\AppData\Local\Temp/cc86QnGV.s:1364   .progmem.data:000002e3 __c.2163
C:\Users\User\AppData\Local\Temp/cc86QnGV.s:1360   .progmem.data:000002d7 __c.2165
C:\Users\User\AppData\Local\Temp/cc86QnGV.s:1356   .progmem.data:000002d4 __c.2167
C:\Users\User\AppData\Local\Temp/cc86QnGV.s:1352   .progmem.data:000002d2 __c.2169
C:\Users\User\AppData\Local\Temp/cc86QnGV.s:1348   .progmem.data:000002c9 __c.2171
C:\Users\User\AppData\Local\Temp/cc86QnGV.s:1344   .progmem.data:000002c6 __c.2173
C:\Users\User\AppData\Local\Temp/cc86QnGV.s:1340   .progmem.data:000002c4 __c.2175
C:\Users\User\AppData\Local\Temp/cc86QnGV.s:1336   .progmem.data:000002b0 __c.2178
C:\Users\User\AppData\Local\Temp/cc86QnGV.s:1332   .progmem.data:000002ab __c.2180
C:\Users\User\AppData\Local\Temp/cc86QnGV.s:1328   .progmem.data:000002a9 __c.2182
C:\Users\User\AppData\Local\Temp/cc86QnGV.s:1324   .progmem.data:00000290 __c.2184
C:\Users\User\AppData\Local\Temp/cc86QnGV.s:1320   .progmem.data:0000028d __c.2186
C:\Users\User\AppData\Local\Temp/cc86QnGV.s:1316   .progmem.data:0000028b __c.2188
C:\Users\User\AppData\Local\Temp/cc86QnGV.s:1312   .progmem.data:00000274 __c.2190
C:\Users\User\AppData\Local\Temp/cc86QnGV.s:1308   .progmem.data:00000271 __c.2192
C:\Users\User\AppData\Local\Temp/cc86QnGV.s:1304   .progmem.data:0000026f __c.2194
C:\Users\User\AppData\Local\Temp/cc86QnGV.s:1300   .progmem.data:0000025d __c.2196
C:\Users\User\AppData\Local\Temp/cc86QnGV.s:1296   .progmem.data:0000025a __c.2198
C:\Users\User\AppData\Local\Temp/cc86QnGV.s:1292   .progmem.data:00000258 __c.2200
C:\Users\User\AppData\Local\Temp/cc86QnGV.s:1288   .progmem.data:00000246 __c.2202
C:\Users\User\AppData\Local\Temp/cc86QnGV.s:1284   .progmem.data:00000243 __c.2204
C:\Users\User\AppData\Local\Temp/cc86QnGV.s:1280   .progmem.data:00000241 __c.2206
C:\Users\User\AppData\Local\Temp/cc86QnGV.s:1276   .progmem.data:00000237 __c.2208
C:\Users\User\AppData\Local\Temp/cc86QnGV.s:1272   .progmem.data:00000234 __c.2210
C:\Users\User\AppData\Local\Temp/cc86QnGV.s:1268   .progmem.data:00000232 __c.2212
C:\Users\User\AppData\Local\Temp/cc86QnGV.s:1264   .progmem.data:00000220 __c.2214
C:\Users\User\AppData\Local\Temp/cc86QnGV.s:1260   .progmem.data:0000021d __c.2216
C:\Users\User\AppData\Local\Temp/cc86QnGV.s:1256   .progmem.data:0000021b __c.2218
C:\Users\User\AppData\Local\Temp/cc86QnGV.s:1252   .progmem.data:000001ff __c.2220
C:\Users\User\AppData\Local\Temp/cc86QnGV.s:1248   .progmem.data:000001fc __c.2222
C:\Users\User\AppData\Local\Temp/cc86QnGV.s:1244   .progmem.data:000001fa __c.2224
C:\Users\User\AppData\Local\Temp/cc86QnGV.s:1240   .progmem.data:000001f2 __c.2226
C:\Users\User\AppData\Local\Temp/cc86QnGV.s:1236   .progmem.data:000001ef __c.2228
C:\Users\User\AppData\Local\Temp/cc86QnGV.s:1232   .progmem.data:000001ed __c.2230
C:\Users\User\AppData\Local\Temp/cc86QnGV.s:1412   .progmem.data:00000330 __c.2135
C:\Users\User\AppData\Local\Temp/cc86QnGV.s:1224   .progmem.data:000001de __c.2275
C:\Users\User\AppData\Local\Temp/cc86QnGV.s:1135   .bss.command_state:00000000 command_state
C:\Users\User\AppData\Local\Temp/cc86QnGV.s:1220   .progmem.data:000001cd __c.2278
C:\Users\User\AppData\Local\Temp/cc86QnGV.s:1216   .progmem.data:000001c0 __c.2281
C:\Users\User\AppData\Local\Temp/cc86QnGV.s:1212   .progmem.data:000001b4 __c.2283
C:\Users\User\AppData\Local\Temp/cc86QnGV.s:1208   .progmem.data:000001a7 __c.2286
C:\Users\User\AppData\Local\Temp/cc86QnGV.s:1204   .progmem.data:00000199 __c.2288
C:\Users\User\AppData\Local\Temp/cc86QnGV.s:1200   .progmem.data:0000018a __c.2291
C:\Users\User\AppData\Local\Temp/cc86QnGV.s:1196   .progmem.data:0000017a __c.2293
C:\Users\User\AppData\Local\Temp/cc86QnGV.s:1192   .progmem.data:0000016e __c.2296
C:\Users\User\AppData\Local\Temp/cc86QnGV.s:1188   .progmem.data:00000161 __c.2298
C:\Users\User\AppData\Local\Temp/cc86QnGV.s:1184   .progmem.data:00000152 __c.2301
C:\Users\User\AppData\Local\Temp/cc86QnGV.s:1180   .progmem.data:00000126 __c.2303
C:\Users\User\AppData\Local\Temp/cc86QnGV.s:1176   .progmem.data:000000f0 __c.2305
C:\Users\User\AppData\Local\Temp/cc86QnGV.s:1172   .progmem.data:000000c9 __c.2307
C:\Users\User\AppData\Local\Temp/cc86QnGV.s:1168   .progmem.data:00000093 __c.2309
C:\Users\User\AppData\Local\Temp/cc86QnGV.s:1164   .progmem.data:00000068 __c.2311
C:\Users\User\AppData\Local\Temp/cc86QnGV.s:1160   .progmem.data:0000005a __c.2314
C:\Users\User\AppData\Local\Temp/cc86QnGV.s:1156   .progmem.data:00000040 __c.2316
C:\Users\User\AppData\Local\Temp/cc86QnGV.s:1152   .progmem.data:00000029 __c.2318
C:\Users\User\AppData\Local\Temp/cc86QnGV.s:1148   .progmem.data:00000016 __c.2320
C:\Users\User\AppData\Local\Temp/cc86QnGV.s:1144   .progmem.data:00000002 __c.2322
C:\Users\User\AppData\Local\Temp/cc86QnGV.s:1140   .progmem.data:00000000 __c.2331
C:\Users\User\AppData\Local\Temp/cc86QnGV.s:1027   .text.command_proc:00000000 command_proc
C:\Users\User\AppData\Local\Temp/cc86QnGV.s:1426   .progmem.data:000003ed __c.2373
C:\Users\User\AppData\Local\Temp/cc86QnGV.s:1430   .progmem.data:000003f1 __c.2371
                            *COM*:00000001 keymap_config

UNDEFINED SYMBOLS
xputs
__xprintf
default_layer_set
clear_keyboard
eeconfig_read_default_layer
eeconfig_read_debug
eeconfig_read_keymap
debug_config
bootloader_jump
host_keyboard_leds
keyboard_protocol
keyboard_idle
timer_count
keyboard_report
__do_clear_bss
