   1               		.file	"lufa.c"
   2               	__SREG__ = 0x3f
   3               	__SP_H__ = 0x3e
   4               	__SP_L__ = 0x3d
   5               	__CCP__  = 0x34
   6               	__tmp_reg__ = 0
   7               	__zero_reg__ = 1
  15               	.Ltext0:
  16               		.section	.text.EVENT_USB_Device_StartOfFrame,"ax",@progbits
  17               	.global	EVENT_USB_Device_StartOfFrame
  19               	EVENT_USB_Device_StartOfFrame:
  20               	.LFB110:
  21               	.LSM0:
  22               	/* prologue: function */
  23               	/* frame size = 0 */
  24               	.LSM1:
  25 0000 8091 0000 		lds r24,count.4811
  26 0004 8F5F      		subi r24,lo8(-(1))
  27 0006 8093 0000 		sts count.4811,r24
  28 000a 62E3      		ldi r22,lo8(50)
  29 000c 0E94 0000 		call __udivmodqi4
  30 0010 9923      		tst r25
  31 0012 01F4      		brne .L10
  32               	.LSM2:
  33 0014 1092 0000 		sts count.4811,__zero_reg__
  34               	.LSM3:
  35 0018 8091 0000 		lds r24,console_flush
  36 001c 8823      		tst r24
  37 001e 01F0      		breq .L10
  38               	.LBB209:
  39               	.LBB210:
  40               	.LSM4:
  41 0020 8091 0000 		lds r24,USB_DeviceState
  42 0024 8430      		cpi r24,lo8(4)
  43 0026 01F4      		brne .L3
  44               	.LBB211:
  45               	.LBB212:
  46               	.LSM5:
  47 0028 9091 E900 		lds r25,233
  48               	.LBB213:
  49               	.LBB214:
  50               	.LSM6:
  51 002c 8091 EC00 		lds r24,236
  52 0030 80FD      		sbrc r24,0
  53 0032 00C0      		rjmp .L4
  54 0034 80E0      		ldi r24,lo8(0)
  55 0036 00C0      		rjmp .L5
  56               	.L4:
  57 0038 80E8      		ldi r24,lo8(-128)
  58               	.L5:
  59               	.LBE214:
  60               	.LBE213:
  61               	.LSM7:
  62 003a 9F70      		andi r25,lo8(15)
  63               	.LVL0:
  64 003c 982B      		or r25,r24
  65               	.LBE212:
  66               	.LBE211:
  67               	.LBB215:
  68               	.LBB216:
  69               	.LSM8:
  70 003e 83E0      		ldi r24,lo8(3)
  71 0040 8093 E900 		sts 233,r24
  72               	.LBE216:
  73               	.LBE215:
  74               	.LBB217:
  75               	.LBB218:
  76               	.LSM9:
  77 0044 8091 EB00 		lds r24,235
  78               	.LBE218:
  79               	.LBE217:
  80               	.LSM10:
  81 0048 80FF      		sbrs r24,0
  82 004a 00C0      		rjmp .L9
  83               	.LBB219:
  84               	.LBB220:
  85               	.LSM11:
  86 004c 8091 EE00 		lds r24,238
  87               	.LBE220:
  88               	.LBE219:
  89               	.LSM12:
  90 0050 87FD      		sbrc r24,7
  91 0052 00C0      		rjmp .L11
  92 0054 00C0      		rjmp .L9
  93               	.L8:
  94               	.LBB221:
  95               	.LBB222:
  96               	.LSM13:
  97 0056 1092 F100 		sts 241,__zero_reg__
  98               	.L11:
  99               	.LBE222:
 100               	.LBE221:
 101               	.LBB223:
 102               	.LBB224:
 103               	.LSM14:
 104 005a 8091 E800 		lds r24,232
 105               	.LBE224:
 106               	.LBE223:
 107               	.LSM15:
 108 005e 85FD      		sbrc r24,5
 109 0060 00C0      		rjmp .L8
 110               	.LBB225:
 111               	.LBB226:
 112               	.LSM16:
 113 0062 8091 E800 		lds r24,232
 114               	.LBE226:
 115               	.LBE225:
 116               	.LSM17:
 117 0066 80FF      		sbrs r24,0
 118 0068 00C0      		rjmp .L9
 119               	.LBB227:
 120               	.LBB228:
 121               	.LSM18:
 122 006a 8091 E800 		lds r24,232
 123 006e 8E77      		andi r24,lo8(126)
 124 0070 8093 E800 		sts 232,r24
 125               	.L9:
 126               	.LBE228:
 127               	.LBE227:
 128               	.LBB229:
 129               	.LBB230:
 130               	.LSM19:
 131 0074 9F70      		andi r25,lo8(15)
 132 0076 9093 E900 		sts 233,r25
 133               	.L3:
 134               	.LBE230:
 135               	.LBE229:
 136               	.LBE210:
 137               	.LBE209:
 138               	.LSM20:
 139 007a 1092 0000 		sts console_flush,__zero_reg__
 140               	.L10:
 141 007e 0895      		ret
 142               	.LFE110:
 144               		.section	.text.keyboard_leds,"ax",@progbits
 146               	keyboard_leds:
 147               	.LFB113:
 148               	.LSM21:
 149               	/* prologue: function */
 150               	/* frame size = 0 */
 151               	.LSM22:
 152 0000 8091 0000 		lds r24,keyboard_led_stats
 153               	/* epilogue start */
 154 0004 0895      		ret
 155               	.LFE113:
 157               		.section	.text.send_mouse,"ax",@progbits
 159               	send_mouse:
 160               	.LFB115:
 161               	.LSM23:
 162               	.LVL1:
 163               	/* prologue: function */
 164               	/* frame size = 0 */
 165               	/* epilogue start */
 166               	.LSM24:
 167 0000 0895      		ret
 168               	.LFE115:
 170               		.section	.text.sendchar,"ax",@progbits
 171               	.global	sendchar
 173               	sendchar:
 174               	.LFB118:
 175               	.LSM25:
 176               	.LVL2:
 177               	/* prologue: function */
 178               	/* frame size = 0 */
 179 0000 682F      		mov r22,r24
 180               	.LBB231:
 181               	.LSM26:
 182 0002 8FB7      		in r24,__SREG__
 183               	.LVL3:
 184               	/* #APP */
 185               	 ;  510 "../../tmk_core/protocol/lufa/lufa.c" 1
 186 0004 F894      		cli
 187               	 ;  0 "" 2
 188               	/* #NOAPP */
 189 0006 1092 0000 		sts console_flush,__zero_reg__
 190 000a 8FBF      		out __SREG__,r24
 191               	.LBE231:
 192               	.LSM27:
 193 000c 8091 0000 		lds r24,USB_DeviceState
 194               	.LVL4:
 195 0010 8430      		cpi r24,lo8(4)
 196 0012 01F0      		breq .L17
 197 0014 8FEF      		ldi r24,lo8(-1)
 198 0016 0895      		ret
 199               	.L17:
 200               	.LBB232:
 201               	.LBB233:
 202               	.LSM28:
 203 0018 9091 E900 		lds r25,233
 204               	.LBB234:
 205               	.LBB235:
 206               	.LSM29:
 207 001c 8091 EC00 		lds r24,236
 208 0020 80FD      		sbrc r24,0
 209 0022 00C0      		rjmp .L19
 210 0024 80E0      		ldi r24,lo8(0)
 211 0026 00C0      		rjmp .L20
 212               	.L19:
 213 0028 80E8      		ldi r24,lo8(-128)
 214               	.L20:
 215               	.LBE235:
 216               	.LBE234:
 217               	.LSM30:
 218 002a 392F      		mov r19,r25
 219               	.LVL5:
 220 002c 3F70      		andi r19,lo8(15)
 221 002e 382B      		or r19,r24
 222               	.LBE233:
 223               	.LBE232:
 224               	.LBB236:
 225               	.LBB237:
 226               	.LSM31:
 227 0030 83E0      		ldi r24,lo8(3)
 228 0032 8093 E900 		sts 233,r24
 229               	.LBE237:
 230               	.LBE236:
 231               	.LBB238:
 232               	.LBB239:
 233               	.LSM32:
 234 0036 8091 EB00 		lds r24,235
 235               	.LBE239:
 236               	.LBE238:
 237               	.LSM33:
 238 003a 80FF      		sbrs r24,0
 239 003c 00C0      		rjmp .L21
 240               	.LBB240:
 241               	.LBB241:
 242               	.LSM34:
 243 003e 8091 EE00 		lds r24,238
 244               	.LBE241:
 245               	.LBE240:
 246               	.LSM35:
 247 0042 87FF      		sbrs r24,7
 248 0044 00C0      		rjmp .L21
 249               	.LSM36:
 250 0046 8091 0000 		lds r24,timeouted.4932
 251 004a 8823      		tst r24
 252 004c 01F0      		breq .L22
 253               	.LBB242:
 254               	.LBB243:
 255               	.LSM37:
 256 004e 8091 E800 		lds r24,232
 257               	.LBE243:
 258               	.LBE242:
 259               	.LSM38:
 260 0052 85FF      		sbrs r24,5
 261 0054 00C0      		rjmp .L21
 262               	.L22:
 263               	.LSM39:
 264 0056 1092 0000 		sts timeouted.4932,__zero_reg__
 265 005a 25E0      		ldi r18,lo8(5)
 266               	.LVL6:
 267               	.LBB244:
 268               	.LBB245:
 269               	.LBB246:
 270               	.LBB247:
 271               	.LSM40:
 272 005c 40EA      		ldi r20,lo8(4000)
 273 005e 5FE0      		ldi r21,hi8(4000)
 274 0060 00C0      		rjmp .L23
 275               	.L25:
 276               	.LBE247:
 277               	.LBE246:
 278               	.LBE245:
 279               	.LBE244:
 280               	.LSM41:
 281 0062 8091 0000 		lds r24,USB_DeviceState
 282 0066 8430      		cpi r24,lo8(4)
 283 0068 01F4      		brne .L21
 284               	.LBB251:
 285               	.LBB252:
 286               	.LSM42:
 287 006a 8091 EB00 		lds r24,235
 288               	.LBE252:
 289               	.LBE251:
 290               	.LSM43:
 291 006e 85FD      		sbrc r24,5
 292 0070 00C0      		rjmp .L21
 293               	.LSM44:
 294 0072 2223      		tst r18
 295 0074 01F4      		brne .L24
 296               	.LSM45:
 297 0076 81E0      		ldi r24,lo8(1)
 298 0078 8093 0000 		sts timeouted.4932,r24
 299 007c 00C0      		rjmp .L21
 300               	.L24:
 301               	.LSM46:
 302 007e 2150      		subi r18,lo8(-(-1))
 303               	.LBB253:
 304               	.LBB250:
 305               	.LBB249:
 306               	.LBB248:
 307               	.LSM47:
 308 0080 CA01      		movw r24,r20
 309               	.LVL7:
 310               	/* #APP */
 311               	 ;  105 "c:/winavr-20100110/lib/gcc/../../avr/include/util/delay_basic.h" 1
 312 0082 0197      		1: sbiw r24,1
 313 0084 01F4      		brne 1b
 314               	 ;  0 "" 2
 315               	/* #NOAPP */
 316               	.L23:
 317               	.LBE248:
 318               	.LBE249:
 319               	.LBE250:
 320               	.LBE253:
 321               	.LBB254:
 322               	.LBB255:
 323               	.LSM48:
 324 0086 8091 E800 		lds r24,232
 325               	.LVL8:
 326               	.LBE255:
 327               	.LBE254:
 328               	.LSM49:
 329 008a 85FF      		sbrs r24,5
 330 008c 00C0      		rjmp .L25
 331               	.LBB256:
 332               	.LBB257:
 333               	.LSM50:
 334 008e 6093 F100 		sts 241,r22
 335               	.LBE257:
 336               	.LBE256:
 337               	.LBB258:
 338               	.LBB259:
 339               	.LSM51:
 340 0092 8091 E800 		lds r24,232
 341               	.LBE259:
 342               	.LBE258:
 343               	.LSM52:
 344 0096 85FD      		sbrc r24,5
 345 0098 00C0      		rjmp .L26
 346               	.L30:
 347               	.LBB260:
 348               	.LBB261:
 349               	.LSM53:
 350 009a 8091 E800 		lds r24,232
 351               	.LBE261:
 352               	.LBE260:
 353               	.LSM54:
 354 009e 80FF      		sbrs r24,0
 355 00a0 00C0      		rjmp .L30
 356               	.LBB262:
 357               	.LBB263:
 358               	.LSM55:
 359 00a2 8091 E800 		lds r24,232
 360 00a6 8E77      		andi r24,lo8(126)
 361 00a8 8093 E800 		sts 232,r24
 362 00ac 00C0      		rjmp .L28
 363               	.L26:
 364               	.LBE263:
 365               	.LBE262:
 366               	.LBB264:
 367               	.LSM56:
 368 00ae 9FB7      		in r25,__SREG__
 369               	.LVL9:
 370               	/* #APP */
 371               	 ;  549 "../../tmk_core/protocol/lufa/lufa.c" 1
 372 00b0 F894      		cli
 373               	 ;  0 "" 2
 374               	/* #NOAPP */
 375 00b2 81E0      		ldi r24,lo8(1)
 376 00b4 8093 0000 		sts console_flush,r24
 377 00b8 9FBF      		out __SREG__,r25
 378               	.L28:
 379               	.LBE264:
 380               	.LBB265:
 381               	.LBB266:
 382               	.LSM57:
 383 00ba 3F70      		andi r19,lo8(15)
 384 00bc 3093 E900 		sts 233,r19
 385 00c0 80E0      		ldi r24,lo8(0)
 386 00c2 0895      		ret
 387               	.LVL10:
 388               	.L21:
 389               	.LBE266:
 390               	.LBE265:
 391               	.LBB267:
 392               	.LBB268:
 393               	.LSM58:
 394 00c4 3F70      		andi r19,lo8(15)
 395               	.LSM59:
 396 00c6 3093 E900 		sts 233,r19
 397 00ca 8FEF      		ldi r24,lo8(-1)
 398               	.LBE268:
 399               	.LBE267:
 400               	.LSM60:
 401 00cc 0895      		ret
 402               	.LFE118:
 404               		.section	.text.send_consumer,"ax",@progbits
 406               	send_consumer:
 407               	.LFB117:
 408               	.LSM61:
 409               	.LVL11:
 410 0000 DF93      		push r29
 411 0002 CF93      		push r28
 412 0004 00D0      		rcall .
 413 0006 0F92      		push __tmp_reg__
 414 0008 CDB7      		in r28,__SP_L__
 415 000a DEB7      		in r29,__SP_H__
 416               	/* prologue: function */
 417               	/* frame size = 3 */
 418 000c AC01      		movw r20,r24
 419               	.LSM62:
 420 000e 8091 0000 		lds r24,USB_DeviceState
 421               	.LVL12:
 422 0012 8430      		cpi r24,lo8(4)
 423 0014 01F4      		brne .L37
 424               	.LBB269:
 425               	.LBB270:
 426               	.LSM63:
 427 0016 82E0      		ldi r24,lo8(2)
 428 0018 8093 E900 		sts 233,r24
 429 001c 2FEF      		ldi r18,lo8(-1)
 430               	.LBE270:
 431               	.LBE269:
 432               	.LBB271:
 433               	.LBB272:
 434               	.LBB273:
 435               	.LBB274:
 436               	.LSM64:
 437 001e 95ED      		ldi r25,lo8(-43)
 438 0020 00C0      		rjmp .L34
 439               	.L36:
 440 0022 892F      		mov r24,r25
 441               	.LVL13:
 442               	/* #APP */
 443               	 ;  83 "c:/winavr-20100110/lib/gcc/../../avr/include/util/delay_basic.h" 1
 444 0024 8A95      		1: dec r24
 445 0026 01F4      		brne 1b
 446               	 ;  0 "" 2
 447               	/* #NOAPP */
 448               	.LBE274:
 449               	.LBE273:
 450               	.LBE272:
 451               	.LBE271:
 452               	.LSM65:
 453 0028 2223      		tst r18
 454 002a 01F0      		breq .L35
 455               	.L34:
 456               	.LBB275:
 457               	.LBB276:
 458               	.LSM66:
 459 002c 8091 E800 		lds r24,232
 460               	.LVL14:
 461 0030 2150      		subi r18,lo8(-(-1))
 462               	.LBE276:
 463               	.LBE275:
 464               	.LSM67:
 465 0032 85FF      		sbrs r24,5
 466 0034 00C0      		rjmp .L36
 467               	.LVL15:
 468               	.L35:
 469               	.LBB277:
 470               	.LBB278:
 471               	.LSM68:
 472 0036 8091 E800 		lds r24,232
 473               	.LVL16:
 474               	.LBE278:
 475               	.LBE277:
 476               	.LSM69:
 477 003a 85FF      		sbrs r24,5
 478 003c 00C0      		rjmp .L37
 479               	.LSM70:
 480 003e 5B83      		std Y+3,r21
 481 0040 4A83      		std Y+2,r20
 482 0042 83E0      		ldi r24,lo8(3)
 483 0044 8983      		std Y+1,r24
 484               	.LSM71:
 485 0046 CE01      		movw r24,r28
 486 0048 0196      		adiw r24,1
 487 004a 63E0      		ldi r22,lo8(3)
 488 004c 70E0      		ldi r23,hi8(3)
 489 004e 40E0      		ldi r20,lo8(0)
 490 0050 50E0      		ldi r21,hi8(0)
 491               	.LVL17:
 492 0052 0E94 0000 		call Endpoint_Write_Stream_LE
 493               	.LBB279:
 494               	.LBB280:
 495               	.LSM72:
 496 0056 8091 E800 		lds r24,232
 497 005a 8E77      		andi r24,lo8(126)
 498 005c 8093 E800 		sts 232,r24
 499               	.LVL18:
 500               	.L37:
 501               	/* epilogue start */
 502               	.LBE280:
 503               	.LBE279:
 504               	.LSM73:
 505 0060 0F90      		pop __tmp_reg__
 506 0062 0F90      		pop __tmp_reg__
 507 0064 0F90      		pop __tmp_reg__
 508 0066 CF91      		pop r28
 509 0068 DF91      		pop r29
 510 006a 0895      		ret
 511               	.LFE117:
 513               		.section	.text.send_system,"ax",@progbits
 515               	send_system:
 516               	.LFB116:
 517               	.LSM74:
 518               	.LVL19:
 519 0000 DF93      		push r29
 520 0002 CF93      		push r28
 521 0004 00D0      		rcall .
 522 0006 0F92      		push __tmp_reg__
 523 0008 CDB7      		in r28,__SP_L__
 524 000a DEB7      		in r29,__SP_H__
 525               	/* prologue: function */
 526               	/* frame size = 3 */
 527 000c AC01      		movw r20,r24
 528               	.LSM75:
 529 000e 8091 0000 		lds r24,USB_DeviceState
 530               	.LVL20:
 531 0012 8430      		cpi r24,lo8(4)
 532 0014 01F4      		brne .L43
 533               	.LBB281:
 534               	.LBB282:
 535               	.LSM76:
 536 0016 82E0      		ldi r24,lo8(2)
 537 0018 8093 E900 		sts 233,r24
 538 001c 2FEF      		ldi r18,lo8(-1)
 539               	.LBE282:
 540               	.LBE281:
 541               	.LBB283:
 542               	.LBB284:
 543               	.LBB285:
 544               	.LBB286:
 545               	.LSM77:
 546 001e 95ED      		ldi r25,lo8(-43)
 547 0020 00C0      		rjmp .L40
 548               	.L42:
 549 0022 892F      		mov r24,r25
 550               	.LVL21:
 551               	/* #APP */
 552               	 ;  83 "c:/winavr-20100110/lib/gcc/../../avr/include/util/delay_basic.h" 1
 553 0024 8A95      		1: dec r24
 554 0026 01F4      		brne 1b
 555               	 ;  0 "" 2
 556               	/* #NOAPP */
 557               	.LBE286:
 558               	.LBE285:
 559               	.LBE284:
 560               	.LBE283:
 561               	.LSM78:
 562 0028 2223      		tst r18
 563 002a 01F0      		breq .L41
 564               	.L40:
 565               	.LBB287:
 566               	.LBB288:
 567               	.LSM79:
 568 002c 8091 E800 		lds r24,232
 569               	.LVL22:
 570 0030 2150      		subi r18,lo8(-(-1))
 571               	.LBE288:
 572               	.LBE287:
 573               	.LSM80:
 574 0032 85FF      		sbrs r24,5
 575 0034 00C0      		rjmp .L42
 576               	.LVL23:
 577               	.L41:
 578               	.LBB289:
 579               	.LBB290:
 580               	.LSM81:
 581 0036 8091 E800 		lds r24,232
 582               	.LVL24:
 583               	.LBE290:
 584               	.LBE289:
 585               	.LSM82:
 586 003a 85FF      		sbrs r24,5
 587 003c 00C0      		rjmp .L43
 588               	.LSM83:
 589 003e 5B83      		std Y+3,r21
 590 0040 4A83      		std Y+2,r20
 591 0042 82E0      		ldi r24,lo8(2)
 592 0044 8983      		std Y+1,r24
 593               	.LSM84:
 594 0046 CE01      		movw r24,r28
 595 0048 0196      		adiw r24,1
 596 004a 63E0      		ldi r22,lo8(3)
 597 004c 70E0      		ldi r23,hi8(3)
 598 004e 40E0      		ldi r20,lo8(0)
 599 0050 50E0      		ldi r21,hi8(0)
 600               	.LVL25:
 601 0052 0E94 0000 		call Endpoint_Write_Stream_LE
 602               	.LBB291:
 603               	.LBB292:
 604               	.LSM85:
 605 0056 8091 E800 		lds r24,232
 606 005a 8E77      		andi r24,lo8(126)
 607 005c 8093 E800 		sts 232,r24
 608               	.LVL26:
 609               	.L43:
 610               	/* epilogue start */
 611               	.LBE292:
 612               	.LBE291:
 613               	.LSM86:
 614 0060 0F90      		pop __tmp_reg__
 615 0062 0F90      		pop __tmp_reg__
 616 0064 0F90      		pop __tmp_reg__
 617 0066 CF91      		pop r28
 618 0068 DF91      		pop r29
 619 006a 0895      		ret
 620               	.LFE116:
 622               		.section	.text.send_keyboard,"ax",@progbits
 624               	send_keyboard:
 625               	.LFB114:
 626               	.LSM87:
 627               	.LVL27:
 628 0000 0F93      		push r16
 629 0002 1F93      		push r17
 630               	/* prologue: function */
 631               	/* frame size = 0 */
 632 0004 182F      		mov r17,r24
 633 0006 092F      		mov r16,r25
 634               	.LVL28:
 635               	.LSM88:
 636 0008 8091 0000 		lds r24,USB_DeviceState
 637               	.LVL29:
 638 000c 8430      		cpi r24,lo8(4)
 639 000e 01F4      		brne .L50
 640               	.LVL30:
 641               	.LBB293:
 642               	.LBB294:
 643               	.LSM89:
 644 0010 81E0      		ldi r24,lo8(1)
 645 0012 8093 E900 		sts 233,r24
 646 0016 9FEF      		ldi r25,lo8(-1)
 647               	.LBE294:
 648               	.LBE293:
 649               	.LBB295:
 650               	.LBB296:
 651               	.LBB297:
 652               	.LBB298:
 653               	.LSM90:
 654 0018 25ED      		ldi r18,lo8(-43)
 655 001a 00C0      		rjmp .L46
 656               	.L48:
 657 001c 822F      		mov r24,r18
 658               	.LVL31:
 659               	/* #APP */
 660               	 ;  83 "c:/winavr-20100110/lib/gcc/../../avr/include/util/delay_basic.h" 1
 661 001e 8A95      		1: dec r24
 662 0020 01F4      		brne 1b
 663               	 ;  0 "" 2
 664               	/* #NOAPP */
 665               	.LBE298:
 666               	.LBE297:
 667               	.LBE296:
 668               	.LBE295:
 669               	.LSM91:
 670 0022 9923      		tst r25
 671 0024 01F0      		breq .L47
 672               	.L46:
 673               	.LBB299:
 674               	.LBB300:
 675               	.LSM92:
 676 0026 8091 E800 		lds r24,232
 677               	.LVL32:
 678 002a 9150      		subi r25,lo8(-(-1))
 679               	.LBE300:
 680               	.LBE299:
 681               	.LSM93:
 682 002c 85FF      		sbrs r24,5
 683 002e 00C0      		rjmp .L48
 684               	.LVL33:
 685               	.L47:
 686               	.LBB301:
 687               	.LBB302:
 688               	.LSM94:
 689 0030 8091 E800 		lds r24,232
 690               	.LVL34:
 691               	.LBE302:
 692               	.LBE301:
 693               	.LSM95:
 694 0034 85FF      		sbrs r24,5
 695 0036 00C0      		rjmp .L50
 696               	.LSM96:
 697 0038 812F      		mov r24,r17
 698 003a 902F      		mov r25,r16
 699 003c 68E0      		ldi r22,lo8(8)
 700 003e 70E0      		ldi r23,hi8(8)
 701 0040 40E0      		ldi r20,lo8(0)
 702 0042 50E0      		ldi r21,hi8(0)
 703 0044 0E94 0000 		call Endpoint_Write_Stream_LE
 704               	.LBB303:
 705               	.LBB304:
 706               	.LSM97:
 707 0048 8091 E800 		lds r24,232
 708 004c 8E77      		andi r24,lo8(126)
 709 004e 8093 E800 		sts 232,r24
 710               	.LBE304:
 711               	.LBE303:
 712               	.LSM98:
 713 0052 A0E0      		ldi r26,lo8(keyboard_report_sent)
 714 0054 B0E0      		ldi r27,hi8(keyboard_report_sent)
 715 0056 212F      		mov r18,r17
 716 0058 302F      		mov r19,r16
 717 005a C901      		movw r24,r18
 718 005c FC01      		movw r30,r24
 719 005e 88E0      		ldi r24,lo8(8)
 720               	.LVL35:
 721               	.L49:
 722 0060 0190      		ld r0,Z+
 723 0062 0D92      		st X+,r0
 724 0064 8150      		subi r24,lo8(-(-1))
 725 0066 01F4      		brne .L49
 726               	.LVL36:
 727               	.L50:
 728               	/* epilogue start */
 729               	.LSM99:
 730 0068 1F91      		pop r17
 731               	.LVL37:
 732 006a 0F91      		pop r16
 733               	.LVL38:
 734 006c 0895      		ret
 735               	.LFE114:
 737               		.section	.text.EVENT_USB_Device_Suspend,"ax",@progbits
 738               	.global	EVENT_USB_Device_Suspend
 740               	EVENT_USB_Device_Suspend:
 741               	.LFB108:
 742               	.LSM100:
 743               	/* prologue: function */
 744               	/* frame size = 0 */
 745               	.LSM101:
 746 0000 80E0      		ldi r24,lo8(__c.4801)
 747 0002 90E0      		ldi r25,hi8(__c.4801)
 748 0004 0E94 0000 		call xputs
 749               	/* epilogue start */
 750               	.LSM102:
 751 0008 0895      		ret
 752               	.LFE108:
 754               		.section	.text.EVENT_USB_Device_Reset,"ax",@progbits
 755               	.global	EVENT_USB_Device_Reset
 757               	EVENT_USB_Device_Reset:
 758               	.LFB107:
 759               	.LSM103:
 760               	/* prologue: function */
 761               	/* frame size = 0 */
 762               	.LSM104:
 763 0000 80E0      		ldi r24,lo8(__c.4797)
 764 0002 90E0      		ldi r25,hi8(__c.4797)
 765 0004 0E94 0000 		call xputs
 766               	/* epilogue start */
 767               	.LSM105:
 768 0008 0895      		ret
 769               	.LFE107:
 771               		.section	.text.EVENT_USB_Device_Disconnect,"ax",@progbits
 772               	.global	EVENT_USB_Device_Disconnect
 774               	EVENT_USB_Device_Disconnect:
 775               	.LFB106:
 776               	.LSM106:
 777               	/* prologue: function */
 778               	/* frame size = 0 */
 779               	.LSM107:
 780 0000 80E0      		ldi r24,lo8(__c.4792)
 781 0002 90E0      		ldi r25,hi8(__c.4792)
 782 0004 0E94 0000 		call xputs
 783               	.LSM108:
 784 0008 1092 0000 		sts USB_IsInitialized,__zero_reg__
 785               	/* epilogue start */
 786               	.LSM109:
 787 000c 0895      		ret
 788               	.LFE106:
 790               		.section	.text.EVENT_USB_Device_Connect,"ax",@progbits
 791               	.global	EVENT_USB_Device_Connect
 793               	EVENT_USB_Device_Connect:
 794               	.LFB105:
 795               	.LSM110:
 796               	/* prologue: function */
 797               	/* frame size = 0 */
 798               	.LSM111:
 799 0000 80E0      		ldi r24,lo8(__c.4785)
 800 0002 90E0      		ldi r25,hi8(__c.4785)
 801 0004 0E94 0000 		call xputs
 802               	.LSM112:
 803 0008 8091 0000 		lds r24,USB_IsInitialized
 804 000c 8823      		tst r24
 805 000e 01F4      		brne .L60
 806               	.LSM113:
 807 0010 0E94 0000 		call USB_Disable
 808               	.LSM114:
 809 0014 0E94 0000 		call USB_Init
 810               	.LBB305:
 811               	.LBB306:
 812               	.LBB307:
 813               	.LBB308:
 814               	.LSM115:
 815 0018 8091 E200 		lds r24,226
 816 001c 8460      		ori r24,lo8(4)
 817 001e 8093 E200 		sts 226,r24
 818               	.L60:
 819 0022 0895      		ret
 820               	.LBE308:
 821               	.LBE307:
 822               	.LBE306:
 823               	.LBE305:
 824               	.LFE105:
 826               		.section	.text.main,"ax",@progbits
 827               		.weak	main
 829               	main:
 830               	.LFB121:
 831               	.LSM116:
 832               	/* prologue: function */
 833               	/* frame size = 0 */
 834               	.LBB321:
 835               	.LBB322:
 836               	.LSM117:
 837 0000 84B7      		in r24,84-32
 838 0002 877F      		andi r24,lo8(-9)
 839 0004 84BF      		out 84-32,r24
 840               	.LSM118:
 841 0006 88E1      		ldi r24,lo8(24)
 842               	/* #APP */
 843               	 ;  573 "../../tmk_core/protocol/lufa/lufa.c" 1
 844 0008 0FB6      		in __tmp_reg__, __SREG__
 845 000a F894      		cli
 846 000c 8093 6000 		sts 96, r24
 847 0010 1092 6000 		sts 96, __zero_reg__
 848 0014 0FBE      		out __SREG__,__tmp_reg__
 849               		
 850               	 ;  0 "" 2
 851               	/* #NOAPP */
 852               	.LBB323:
 853               	.LSM119:
 854 0016 80E0      		ldi r24,lo8(0)
 855 0018 90E0      		ldi r25,hi8(0)
 856 001a 20E8      		ldi r18,lo8(-128)
 857               	/* #APP */
 858               	 ;  576 "../../tmk_core/protocol/lufa/lufa.c" 1
 859 001c 0FB6      		in __tmp_reg__,__SREG__
 860 001e F894      		cli
 861 0020 2093 6100 		sts 97, r18
 862 0024 8093 6100 		sts 97, r24
 863 0028 0FBE      		out __SREG__, __tmp_reg__
 864               	 ;  0 "" 2
 865               	/* #NOAPP */
 866               	.LBE323:
 867               	.LBE322:
 868               	.LBE321:
 869               	.LSM120:
 870 002a 0E94 0000 		call keyboard_setup
 871               	.LBB324:
 872               	.LBB325:
 873               	.LSM121:
 874 002e 0E94 0000 		call USB_Disable
 875               	.LSM122:
 876 0032 0E94 0000 		call USB_Init
 877               	.LBB326:
 878               	.LBB327:
 879               	.LBB328:
 880               	.LBB329:
 881               	.LSM123:
 882 0036 8091 E200 		lds r24,226
 883 003a 8460      		ori r24,lo8(4)
 884 003c 8093 E200 		sts 226,r24
 885               	.LBE329:
 886               	.LBE328:
 887               	.LBE327:
 888               	.LBE326:
 889               	.LSM124:
 890 0040 80E0      		ldi r24,lo8(gs(sendchar))
 891 0042 90E0      		ldi r25,hi8(gs(sendchar))
 892 0044 0E94 0000 		call print_set_sendchar
 893               	.LBE325:
 894               	.LBE324:
 895               	.LSM125:
 896               	/* #APP */
 897               	 ;  597 "../../tmk_core/protocol/lufa/lufa.c" 1
 898 0048 7894      		sei
 899               	 ;  0 "" 2
 900               	/* #NOAPP */
 901 004a 00C0      		rjmp .L62
 902               	.L63:
 903               	.LSM126:
 904 004c 0E94 0000 		call USB_USBTask
 905               	.L62:
 906               	.LSM127:
 907 0050 8091 0000 		lds r24,USB_DeviceState
 908 0054 8430      		cpi r24,lo8(4)
 909 0056 01F4      		brne .L63
 910               	.LSM128:
 911 0058 80E0      		ldi r24,lo8(__c.4982)
 912 005a 90E0      		ldi r25,hi8(__c.4982)
 913 005c 0E94 0000 		call xputs
 914               	.LSM129:
 915 0060 0E94 0000 		call keyboard_init
 916               	.LSM130:
 917 0064 80E0      		ldi r24,lo8(lufa_driver)
 918 0066 90E0      		ldi r25,hi8(lufa_driver)
 919 0068 0E94 0000 		call host_set_driver
 920               	.LSM131:
 921 006c 80E0      		ldi r24,lo8(__c.4984)
 922 006e 90E0      		ldi r25,hi8(__c.4984)
 923 0070 0E94 0000 		call xputs
 924 0074 00C0      		rjmp .L69
 925               	.L65:
 926               	.LSM132:
 927 0076 80E0      		ldi r24,lo8(__c.4986)
 928 0078 90E0      		ldi r25,hi8(__c.4986)
 929 007a 0E94 0000 		call xputs
 930               	.LSM133:
 931 007e 0E94 0000 		call suspend_power_down
 932               	.LSM134:
 933 0082 8091 0000 		lds r24,USB_Device_RemoteWakeupEnabled
 934 0086 8823      		tst r24
 935 0088 01F0      		breq .L69
 936 008a 0E94 0000 		call suspend_wakeup_condition
 937 008e 8823      		tst r24
 938 0090 01F0      		breq .L69
 939               	.LSM135:
 940 0092 0E94 0000 		call USB_Device_SendRemoteWakeup
 941               	.L69:
 942               	.LSM136:
 943 0096 8091 0000 		lds r24,USB_DeviceState
 944 009a 8530      		cpi r24,lo8(5)
 945 009c 01F0      		breq .L65
 946               	.LSM137:
 947 009e 0E94 0000 		call keyboard_task
 948               	.LSM138:
 949 00a2 0E94 0000 		call USB_USBTask
 950 00a6 00C0      		rjmp .L69
 951               	.LFE121:
 953               		.section	.text.EVENT_USB_Device_ControlRequest,"ax",@progbits
 954               	.global	EVENT_USB_Device_ControlRequest
 956               	EVENT_USB_Device_ControlRequest:
 957               	.LFB112:
 958               	.LSM139:
 959               	/* prologue: function */
 960               	/* frame size = 0 */
 961               	.LSM140:
 962 0000 8091 0000 		lds r24,USB_ControlRequest+1
 963 0004 8330      		cpi r24,lo8(3)
 964 0006 01F4      		brne .+2
 965 0008 00C0      		rjmp .L74
 966 000a 8430      		cpi r24,lo8(4)
 967 000c 00F4      		brsh .L78
 968 000e 8130      		cpi r24,lo8(1)
 969 0010 01F0      		breq .L72
 970 0012 8230      		cpi r24,lo8(2)
 971 0014 01F0      		breq .+2
 972 0016 00C0      		rjmp .L87
 973 0018 00C0      		rjmp .L92
 974               	.L78:
 975 001a 8A30      		cpi r24,lo8(10)
 976 001c 01F4      		brne .+2
 977 001e 00C0      		rjmp .L76
 978 0020 8B30      		cpi r24,lo8(11)
 979 0022 01F4      		brne .+2
 980 0024 00C0      		rjmp .L77
 981 0026 8930      		cpi r24,lo8(9)
 982 0028 01F0      		breq .+2
 983 002a 00C0      		rjmp .L87
 984 002c 00C0      		rjmp .L93
 985               	.L72:
 986               	.LSM141:
 987 002e 8091 0000 		lds r24,USB_ControlRequest
 988 0032 813A      		cpi r24,lo8(-95)
 989 0034 01F0      		breq .+2
 990 0036 00C0      		rjmp .L87
 991               	.LBB330:
 992               	.LBB331:
 993               	.LSM142:
 994 0038 8091 E800 		lds r24,232
 995 003c 877F      		andi r24,lo8(-9)
 996 003e 8093 E800 		sts 232,r24
 997               	.LBE331:
 998               	.LBE330:
 999               	.LSM143:
 1000 0042 8091 0000 		lds r24,USB_ControlRequest+4
 1001 0046 9091 0000 		lds r25,(USB_ControlRequest+4)+1
 1002 004a 892B      		or r24,r25
 1003 004c 01F4      		brne .L90
 1004 004e 80E0      		ldi r24,lo8(keyboard_report_sent)
 1005 0050 90E0      		ldi r25,hi8(keyboard_report_sent)
 1006               	.LVL39:
 1007 0052 68E0      		ldi r22,lo8(8)
 1008               	.LVL40:
 1009 0054 00C0      		rjmp .L81
 1010               	.LVL41:
 1011               	.L90:
 1012 0056 80E0      		ldi r24,lo8(0)
 1013 0058 90E0      		ldi r25,hi8(0)
 1014               	.LVL42:
 1015 005a 60E0      		ldi r22,lo8(0)
 1016               	.LVL43:
 1017               	.L81:
 1018               	.LSM144:
 1019 005c 70E0      		ldi r23,lo8(0)
 1020 005e 0E94 0000 		call Endpoint_Write_Control_Stream_LE
 1021               	.LVL44:
 1022               	.LBB332:
 1023               	.LBB333:
 1024               	.LSM145:
 1025 0062 8091 E800 		lds r24,232
 1026 0066 8B77      		andi r24,lo8(123)
 1027 0068 8093 E800 		sts 232,r24
 1028 006c 0895      		ret
 1029               	.L93:
 1030               	.LBE333:
 1031               	.LBE332:
 1032               	.LSM146:
 1033 006e 8091 0000 		lds r24,USB_ControlRequest
 1034 0072 8132      		cpi r24,lo8(33)
 1035 0074 01F0      		breq .+2
 1036 0076 00C0      		rjmp .L87
 1037               	.LSM147:
 1038 0078 8091 0000 		lds r24,USB_ControlRequest+4
 1039 007c 9091 0000 		lds r25,(USB_ControlRequest+4)+1
 1040 0080 892B      		or r24,r25
 1041 0082 01F0      		breq .+2
 1042 0084 00C0      		rjmp .L87
 1043               	.LBB334:
 1044               	.LBB335:
 1045               	.LSM148:
 1046 0086 8091 E800 		lds r24,232
 1047 008a 877F      		andi r24,lo8(-9)
 1048 008c 8093 E800 		sts 232,r24
 1049 0090 00C0      		rjmp .L83
 1050               	.L84:
 1051               	.LBE335:
 1052               	.LBE334:
 1053               	.LSM149:
 1054 0092 8091 0000 		lds r24,USB_DeviceState
 1055 0096 8823      		tst r24
 1056 0098 01F4      		brne .+2
 1057 009a 00C0      		rjmp .L87
 1058               	.L83:
 1059               	.LBB336:
 1060               	.LBB337:
 1061               	.LSM150:
 1062 009c 8091 E800 		lds r24,232
 1063               	.LBE337:
 1064               	.LBE336:
 1065               	.LSM151:
 1066 00a0 82FF      		sbrs r24,2
 1067 00a2 00C0      		rjmp .L84
 1068               	.LBB338:
 1069               	.LBB339:
 1070               	.LSM152:
 1071 00a4 8091 F100 		lds r24,241
 1072               	.LBE339:
 1073               	.LBE338:
 1074               	.LSM153:
 1075 00a8 8093 0000 		sts keyboard_led_stats,r24
 1076               	.LBB340:
 1077               	.LBB341:
 1078               	.LSM154:
 1079 00ac 8091 E800 		lds r24,232
 1080 00b0 8B77      		andi r24,lo8(123)
 1081 00b2 00C0      		rjmp .L91
 1082               	.L74:
 1083               	.LBE341:
 1084               	.LBE340:
 1085               	.LSM155:
 1086 00b4 8091 0000 		lds r24,USB_ControlRequest
 1087 00b8 813A      		cpi r24,lo8(-95)
 1088 00ba 01F0      		breq .+2
 1089 00bc 00C0      		rjmp .L87
 1090               	.LSM156:
 1091 00be 8091 0000 		lds r24,USB_ControlRequest+4
 1092 00c2 9091 0000 		lds r25,(USB_ControlRequest+4)+1
 1093 00c6 892B      		or r24,r25
 1094 00c8 01F0      		breq .+2
 1095 00ca 00C0      		rjmp .L87
 1096               	.LBB342:
 1097               	.LBB343:
 1098               	.LSM157:
 1099 00cc 8091 E800 		lds r24,232
 1100 00d0 877F      		andi r24,lo8(-9)
 1101 00d2 8093 E800 		sts 232,r24
 1102               	.L85:
 1103               	.LBE343:
 1104               	.LBE342:
 1105               	.LBB344:
 1106               	.LBB345:
 1107               	.LSM158:
 1108 00d6 8091 E800 		lds r24,232
 1109               	.LBE345:
 1110               	.LBE344:
 1111               	.LSM159:
 1112 00da 80FF      		sbrs r24,0
 1113 00dc 00C0      		rjmp .L85
 1114               	.LSM160:
 1115 00de 8091 0000 		lds r24,keyboard_protocol
 1116               	.LBB346:
 1117               	.LBB347:
 1118               	.LSM161:
 1119 00e2 8093 F100 		sts 241,r24
 1120               	.LBE347:
 1121               	.LBE346:
 1122               	.LBB348:
 1123               	.LBB349:
 1124               	.LSM162:
 1125 00e6 8091 E800 		lds r24,232
 1126 00ea 8E77      		andi r24,lo8(126)
 1127               	.L91:
 1128 00ec 8093 E800 		sts 232,r24
 1129               	.LBE349:
 1130               	.LBE348:
 1131               	.LSM163:
 1132 00f0 0E94 0000 		call Endpoint_ClearStatusStage
 1133 00f4 0895      		ret
 1134               	.L77:
 1135               	.LSM164:
 1136 00f6 8091 0000 		lds r24,USB_ControlRequest
 1137 00fa 8132      		cpi r24,lo8(33)
 1138 00fc 01F4      		brne .L87
 1139               	.LSM165:
 1140 00fe 8091 0000 		lds r24,USB_ControlRequest+4
 1141 0102 9091 0000 		lds r25,(USB_ControlRequest+4)+1
 1142 0106 892B      		or r24,r25
 1143 0108 01F4      		brne .L87
 1144               	.LBB350:
 1145               	.LBB351:
 1146               	.LSM166:
 1147 010a 8091 E800 		lds r24,232
 1148 010e 877F      		andi r24,lo8(-9)
 1149 0110 8093 E800 		sts 232,r24
 1150               	.LBE351:
 1151               	.LBE350:
 1152               	.LSM167:
 1153 0114 0E94 0000 		call Endpoint_ClearStatusStage
 1154               	.LSM168:
 1155 0118 8091 0000 		lds r24,USB_ControlRequest+2
 1156 011c 8093 0000 		sts keyboard_protocol,r24
 1157               	.LSM169:
 1158 0120 0E94 0000 		call clear_keyboard
 1159 0124 0895      		ret
 1160               	.L76:
 1161               	.LSM170:
 1162 0126 8091 0000 		lds r24,USB_ControlRequest
 1163 012a 8132      		cpi r24,lo8(33)
 1164 012c 01F4      		brne .L87
 1165               	.LBB352:
 1166               	.LBB353:
 1167               	.LSM171:
 1168 012e 8091 E800 		lds r24,232
 1169 0132 877F      		andi r24,lo8(-9)
 1170 0134 8093 E800 		sts 232,r24
 1171               	.LBE353:
 1172               	.LBE352:
 1173               	.LSM172:
 1174 0138 0E94 0000 		call Endpoint_ClearStatusStage
 1175               	.LSM173:
 1176 013c 8091 0000 		lds r24,USB_ControlRequest+3
 1177 0140 8093 0000 		sts keyboard_idle,r24
 1178 0144 0895      		ret
 1179               	.L92:
 1180               	.LSM174:
 1181 0146 8091 0000 		lds r24,USB_ControlRequest
 1182 014a 813A      		cpi r24,lo8(-95)
 1183 014c 01F4      		brne .L87
 1184               	.LBB354:
 1185               	.LBB355:
 1186               	.LSM175:
 1187 014e 8091 E800 		lds r24,232
 1188 0152 877F      		andi r24,lo8(-9)
 1189 0154 8093 E800 		sts 232,r24
 1190               	.L86:
 1191               	.LBE355:
 1192               	.LBE354:
 1193               	.LBB356:
 1194               	.LBB357:
 1195               	.LSM176:
 1196 0158 8091 E800 		lds r24,232
 1197               	.LBE357:
 1198               	.LBE356:
 1199               	.LSM177:
 1200 015c 80FF      		sbrs r24,0
 1201 015e 00C0      		rjmp .L86
 1202               	.LSM178:
 1203 0160 8091 0000 		lds r24,keyboard_idle
 1204               	.LBB358:
 1205               	.LBB359:
 1206               	.LSM179:
 1207 0164 8093 F100 		sts 241,r24
 1208               	.LBE359:
 1209               	.LBE358:
 1210               	.LBB360:
 1211               	.LBB361:
 1212               	.LSM180:
 1213 0168 8091 E800 		lds r24,232
 1214 016c 8E77      		andi r24,lo8(126)
 1215 016e 8093 E800 		sts 232,r24
 1216               	.LBE361:
 1217               	.LBE360:
 1218               	.LSM181:
 1219 0172 0E94 0000 		call Endpoint_ClearStatusStage
 1220               	.L87:
 1221 0176 0895      		ret
 1222               	.LFE112:
 1224               		.section	.text.EVENT_USB_Device_ConfigurationChanged,"ax",@progbits
 1225               	.global	EVENT_USB_Device_ConfigurationChanged
 1227               	EVENT_USB_Device_ConfigurationChanged:
 1228               	.LFB111:
 1229               	.LSM182:
 1230               	/* prologue: function */
 1231               	/* frame size = 0 */
 1232               	.LBB362:
 1233               	.LBB363:
 1234               	.LSM183:
 1235 0000 81E0      		ldi r24,lo8(1)
 1236 0002 61EC      		ldi r22,lo8(-63)
 1237 0004 42E0      		ldi r20,lo8(2)
 1238 0006 0E94 0000 		call Endpoint_ConfigureEndpoint_Prv
 1239               	.LBE363:
 1240               	.LBE362:
 1241               	.LBB364:
 1242               	.LBB365:
 1243 000a 82E0      		ldi r24,lo8(2)
 1244 000c 61EC      		ldi r22,lo8(-63)
 1245 000e 42E0      		ldi r20,lo8(2)
 1246 0010 0E94 0000 		call Endpoint_ConfigureEndpoint_Prv
 1247               	.LBE365:
 1248               	.LBE364:
 1249               	.LBB366:
 1250               	.LBB367:
 1251 0014 83E0      		ldi r24,lo8(3)
 1252 0016 61EC      		ldi r22,lo8(-63)
 1253 0018 42E2      		ldi r20,lo8(34)
 1254 001a 0E94 0000 		call Endpoint_ConfigureEndpoint_Prv
 1255               	/* epilogue start */
 1256               	.LBE367:
 1257               	.LBE366:
 1258               	.LSM184:
 1259 001e 0895      		ret
 1260               	.LFE111:
 1262               		.section	.text.EVENT_USB_Device_WakeUp,"ax",@progbits
 1263               	.global	EVENT_USB_Device_WakeUp
 1265               	EVENT_USB_Device_WakeUp:
 1266               	.LFB109:
 1267               	.LSM185:
 1268               	/* prologue: function */
 1269               	/* frame size = 0 */
 1270               	.LSM186:
 1271 0000 80E0      		ldi r24,lo8(__c.4805)
 1272 0002 90E0      		ldi r25,hi8(__c.4805)
 1273 0004 0E94 0000 		call xputs
 1274               	.LSM187:
 1275 0008 0E94 0000 		call suspend_wakeup_init
 1276               	/* epilogue start */
 1277               	.LSM188:
 1278 000c 0895      		ret
 1279               	.LFE109:
 1281               	.global	keyboard_idle
 1282               		.section	.bss.keyboard_idle,"aw",@nobits
 1285               	keyboard_idle:
 1286 0000 00        		.skip 1,0
 1287               	.global	keyboard_protocol
 1288               		.section	.data.keyboard_protocol,"aw",@progbits
 1291               	keyboard_protocol:
 1292 0000 01        		.byte	1
 1293               	.global	lufa_driver
 1294               		.section	.data.lufa_driver,"aw",@progbits
 1297               	lufa_driver:
 1298 0000 0000      		.word	gs(keyboard_leds)
 1299 0002 0000      		.word	gs(send_keyboard)
 1300 0004 0000      		.word	gs(send_mouse)
 1301 0006 0000      		.word	gs(send_system)
 1302 0008 0000      		.word	gs(send_consumer)
 1303               		.section	.bss.keyboard_led_stats,"aw",@nobits
 1306               	keyboard_led_stats:
 1307 0000 00        		.skip 1,0
 1308               		.section	.progmem.data,"a",@progbits
 1311               	__c.4986:
 1312 0000 5B73 5D00 		.string	"[s]"
 1315               	__c.4984:
 1316 0004 4B65 7962 		.string	"Keyboard start.\n"
 1316      6F61 7264 
 1316      2073 7461 
 1316      7274 2E0A 
 1316      00
 1319               	__c.4982:
 1320 0015 5553 4220 		.string	"USB configured.\n"
 1320      636F 6E66 
 1320      6967 7572 
 1320      6564 2E0A 
 1320      00
 1321               		.section	.bss.console_flush,"aw",@nobits
 1324               	console_flush:
 1325 0000 00        		.skip 1,0
 1326               		.section	.bss.timeouted.4932,"aw",@nobits
 1329               	timeouted.4932:
 1330 0000 00        		.skip 1,0
 1331               		.section	.bss.count.4811,"aw",@nobits
 1334               	count.4811:
 1335 0000 00        		.skip 1,0
 1336               		.section	.progmem.data
 1339               	__c.4805:
 1340 0026 5B57 5D00 		.string	"[W]"
 1343               	__c.4801:
 1344 002a 5B53 5D00 		.string	"[S]"
 1347               	__c.4797:
 1348 002e 5B52 5D00 		.string	"[R]"
 1351               	__c.4792:
 1352 0032 5B44 5D00 		.string	"[D]"
 1355               	__c.4785:
 1356 0036 5B43 5D00 		.string	"[C]"
 1357               		.section	.bss.keyboard_report_sent,"aw",@nobits
 1360               	keyboard_report_sent:
 1361 0000 0000 0000 		.skip 8,0
 1361      0000 0000 
 1498               	.Letext0:
DEFINED SYMBOLS
                            *ABS*:00000000 lufa.c
C:\Users\User\AppData\Local\Temp/cck3MszM.s:2      *ABS*:0000003f __SREG__
C:\Users\User\AppData\Local\Temp/cck3MszM.s:3      *ABS*:0000003e __SP_H__
C:\Users\User\AppData\Local\Temp/cck3MszM.s:4      *ABS*:0000003d __SP_L__
C:\Users\User\AppData\Local\Temp/cck3MszM.s:5      *ABS*:00000034 __CCP__
C:\Users\User\AppData\Local\Temp/cck3MszM.s:6      *ABS*:00000000 __tmp_reg__
C:\Users\User\AppData\Local\Temp/cck3MszM.s:7      *ABS*:00000001 __zero_reg__
C:\Users\User\AppData\Local\Temp/cck3MszM.s:19     .text.EVENT_USB_Device_StartOfFrame:00000000 EVENT_USB_Device_StartOfFrame
C:\Users\User\AppData\Local\Temp/cck3MszM.s:1334   .bss.count.4811:00000000 count.4811
C:\Users\User\AppData\Local\Temp/cck3MszM.s:1324   .bss.console_flush:00000000 console_flush
C:\Users\User\AppData\Local\Temp/cck3MszM.s:146    .text.keyboard_leds:00000000 keyboard_leds
C:\Users\User\AppData\Local\Temp/cck3MszM.s:1306   .bss.keyboard_led_stats:00000000 keyboard_led_stats
C:\Users\User\AppData\Local\Temp/cck3MszM.s:159    .text.send_mouse:00000000 send_mouse
C:\Users\User\AppData\Local\Temp/cck3MszM.s:173    .text.sendchar:00000000 sendchar
C:\Users\User\AppData\Local\Temp/cck3MszM.s:1329   .bss.timeouted.4932:00000000 timeouted.4932
C:\Users\User\AppData\Local\Temp/cck3MszM.s:406    .text.send_consumer:00000000 send_consumer
C:\Users\User\AppData\Local\Temp/cck3MszM.s:515    .text.send_system:00000000 send_system
C:\Users\User\AppData\Local\Temp/cck3MszM.s:624    .text.send_keyboard:00000000 send_keyboard
C:\Users\User\AppData\Local\Temp/cck3MszM.s:1360   .bss.keyboard_report_sent:00000000 keyboard_report_sent
C:\Users\User\AppData\Local\Temp/cck3MszM.s:740    .text.EVENT_USB_Device_Suspend:00000000 EVENT_USB_Device_Suspend
C:\Users\User\AppData\Local\Temp/cck3MszM.s:1343   .progmem.data:0000002a __c.4801
C:\Users\User\AppData\Local\Temp/cck3MszM.s:757    .text.EVENT_USB_Device_Reset:00000000 EVENT_USB_Device_Reset
C:\Users\User\AppData\Local\Temp/cck3MszM.s:1347   .progmem.data:0000002e __c.4797
C:\Users\User\AppData\Local\Temp/cck3MszM.s:774    .text.EVENT_USB_Device_Disconnect:00000000 EVENT_USB_Device_Disconnect
C:\Users\User\AppData\Local\Temp/cck3MszM.s:1351   .progmem.data:00000032 __c.4792
C:\Users\User\AppData\Local\Temp/cck3MszM.s:793    .text.EVENT_USB_Device_Connect:00000000 EVENT_USB_Device_Connect
C:\Users\User\AppData\Local\Temp/cck3MszM.s:1355   .progmem.data:00000036 __c.4785
C:\Users\User\AppData\Local\Temp/cck3MszM.s:829    .text.main:00000000 main
C:\Users\User\AppData\Local\Temp/cck3MszM.s:1319   .progmem.data:00000015 __c.4982
C:\Users\User\AppData\Local\Temp/cck3MszM.s:1297   .data.lufa_driver:00000000 lufa_driver
C:\Users\User\AppData\Local\Temp/cck3MszM.s:1315   .progmem.data:00000004 __c.4984
C:\Users\User\AppData\Local\Temp/cck3MszM.s:1311   .progmem.data:00000000 __c.4986
C:\Users\User\AppData\Local\Temp/cck3MszM.s:956    .text.EVENT_USB_Device_ControlRequest:00000000 EVENT_USB_Device_ControlRequest
C:\Users\User\AppData\Local\Temp/cck3MszM.s:1291   .data.keyboard_protocol:00000000 keyboard_protocol
C:\Users\User\AppData\Local\Temp/cck3MszM.s:1285   .bss.keyboard_idle:00000000 keyboard_idle
C:\Users\User\AppData\Local\Temp/cck3MszM.s:1227   .text.EVENT_USB_Device_ConfigurationChanged:00000000 EVENT_USB_Device_ConfigurationChanged
C:\Users\User\AppData\Local\Temp/cck3MszM.s:1265   .text.EVENT_USB_Device_WakeUp:00000000 EVENT_USB_Device_WakeUp
C:\Users\User\AppData\Local\Temp/cck3MszM.s:1339   .progmem.data:00000026 __c.4805

UNDEFINED SYMBOLS
__udivmodqi4
USB_DeviceState
Endpoint_Write_Stream_LE
xputs
USB_IsInitialized
USB_Disable
USB_Init
keyboard_setup
print_set_sendchar
USB_USBTask
keyboard_init
host_set_driver
suspend_power_down
USB_Device_RemoteWakeupEnabled
suspend_wakeup_condition
USB_Device_SendRemoteWakeup
keyboard_task
USB_ControlRequest
Endpoint_Write_Control_Stream_LE
Endpoint_ClearStatusStage
clear_keyboard
Endpoint_ConfigureEndpoint_Prv
suspend_wakeup_init
__do_copy_data
__do_clear_bss
