   1               		.file	"keymap_common.c"
   2               	__SREG__ = 0x3f
   3               	__SP_H__ = 0x3e
   4               	__SP_L__ = 0x3d
   5               	__CCP__  = 0x34
   6               	__tmp_reg__ = 0
   7               	__zero_reg__ = 1
  15               	.Ltext0:
  16               		.section	.text.keymap_key_to_keycode,"ax",@progbits
  17               	.global	keymap_key_to_keycode
  19               	keymap_key_to_keycode:
  20               	.LFB104:
  21               	.LSM0:
  22               	.LVL0:
  23               	/* prologue: function */
  24               	/* frame size = 0 */
  25               	.LBB2:
  26               	.LSM1:
  27 0000 9EE0      		ldi r25,lo8(14)
  28 0002 799F      		mul r23,r25
  29 0004 F001      		movw r30,r0
  30 0006 1124      		clr r1
  31               	.LVL1:
  32 0008 E60F      		add r30,r22
  33 000a F11D      		adc r31,__zero_reg__
  34 000c 96E4      		ldi r25,lo8(70)
  35 000e 899F      		mul r24,r25
  36 0010 C001      		movw r24,r0
  37 0012 1124      		clr r1
  38               	.LVL2:
  39 0014 E80F      		add r30,r24
  40 0016 F91F      		adc r31,r25
  41 0018 E050      		subi r30,lo8(-(keymaps))
  42 001a F040      		sbci r31,hi8(-(keymaps))
  43               	/* #APP */
  44               	 ;  23 "keymap_common.c" 1
  45 001c E491      		lpm r30, Z
  46               		
  47               	 ;  0 "" 2
  48               	.LVL3:
  49               	/* #NOAPP */
  50               	.LBE2:
  51               	.LSM2:
  52 001e 8E2F      		mov r24,r30
  53               	/* epilogue start */
  54 0020 0895      		ret
  55               	.LFE104:
  57               		.section	.text.keymap_fn_to_action,"ax",@progbits
  58               	.global	keymap_fn_to_action
  60               	keymap_fn_to_action:
  61               	.LFB105:
  62               	.LSM3:
  63               	.LVL4:
  64               	/* prologue: function */
  65               	/* frame size = 0 */
  66               	.LBB3:
  67               	.LSM4:
  68 0000 E82F      		mov r30,r24
  69               	.LVL5:
  70 0002 F0E0      		ldi r31,lo8(0)
  71               	.LVL6:
  72 0004 EE0F      		lsl r30
  73 0006 FF1F      		rol r31
  74               	.LVL7:
  75 0008 E050      		subi r30,lo8(-(fn_actions-384))
  76 000a F040      		sbci r31,hi8(-(fn_actions-384))
  77               	/* #APP */
  78               	 ;  29 "keymap_common.c" 1
  79 000c 2591      		lpm r18, Z+
  80 000e 3491      		lpm r19, Z
  81               		
  82               	 ;  0 "" 2
  83               	.LVL8:
  84               	/* #NOAPP */
  85               	.LBE3:
  86               	.LSM5:
  87 0010 C901      		movw r24,r18
  88               	.LVL9:
  89               	/* epilogue start */
  90 0012 0895      		ret
  91               	.LFE105:
  93               		.comm keymap_config,1,1
 126               	.Letext0:
DEFINED SYMBOLS
                            *ABS*:00000000 keymap_common.c
C:\Users\User\AppData\Local\Temp/ccZ2fhwQ.s:2      *ABS*:0000003f __SREG__
C:\Users\User\AppData\Local\Temp/ccZ2fhwQ.s:3      *ABS*:0000003e __SP_H__
C:\Users\User\AppData\Local\Temp/ccZ2fhwQ.s:4      *ABS*:0000003d __SP_L__
C:\Users\User\AppData\Local\Temp/ccZ2fhwQ.s:5      *ABS*:00000034 __CCP__
C:\Users\User\AppData\Local\Temp/ccZ2fhwQ.s:6      *ABS*:00000000 __tmp_reg__
C:\Users\User\AppData\Local\Temp/ccZ2fhwQ.s:7      *ABS*:00000001 __zero_reg__
C:\Users\User\AppData\Local\Temp/ccZ2fhwQ.s:19     .text.keymap_key_to_keycode:00000000 keymap_key_to_keycode
C:\Users\User\AppData\Local\Temp/ccZ2fhwQ.s:60     .text.keymap_fn_to_action:00000000 keymap_fn_to_action
                            *COM*:00000001 keymap_config

UNDEFINED SYMBOLS
keymaps
fn_actions
__do_clear_bss
