   1               		.file	"keymap_poker.c"
   2               	__SREG__ = 0x3f
   3               	__SP_H__ = 0x3e
   4               	__SP_L__ = 0x3d
   5               	__CCP__  = 0x34
   6               	__tmp_reg__ = 0
   7               	__zero_reg__ = 1
  15               	.Ltext0:
  16               	.global	keymaps
  17               		.section	.progmem.data,"a",@progbits
  20               	keymaps:
  21 0000 35        		.byte	53
  22 0001 1E        		.byte	30
  23 0002 1F        		.byte	31
  24 0003 20        		.byte	32
  25 0004 21        		.byte	33
  26 0005 22        		.byte	34
  27 0006 23        		.byte	35
  28 0007 24        		.byte	36
  29 0008 25        		.byte	37
  30 0009 26        		.byte	38
  31 000a 27        		.byte	39
  32 000b 2D        		.byte	45
  33 000c 2E        		.byte	46
  34 000d 2A        		.byte	42
  35 000e 2B        		.byte	43
  36 000f 14        		.byte	20
  37 0010 1A        		.byte	26
  38 0011 08        		.byte	8
  39 0012 15        		.byte	21
  40 0013 17        		.byte	23
  41 0014 1C        		.byte	28
  42 0015 18        		.byte	24
  43 0016 0C        		.byte	12
  44 0017 12        		.byte	18
  45 0018 13        		.byte	19
  46 0019 2F        		.byte	47
  47 001a 30        		.byte	48
  48 001b 31        		.byte	49
  49 001c 39        		.byte	57
  50 001d 04        		.byte	4
  51 001e 16        		.byte	22
  52 001f 07        		.byte	7
  53 0020 09        		.byte	9
  54 0021 0A        		.byte	10
  55 0022 0B        		.byte	11
  56 0023 0D        		.byte	13
  57 0024 0E        		.byte	14
  58 0025 0F        		.byte	15
  59 0026 33        		.byte	51
  60 0027 34        		.byte	52
  61 0028 00        		.byte	0
  62 0029 28        		.byte	40
  63 002a E1        		.byte	-31
  64 002b 00        		.byte	0
  65 002c 1D        		.byte	29
  66 002d 1B        		.byte	27
  67 002e 06        		.byte	6
  68 002f 19        		.byte	25
  69 0030 05        		.byte	5
  70 0031 11        		.byte	17
  71 0032 10        		.byte	16
  72 0033 36        		.byte	54
  73 0034 37        		.byte	55
  74 0035 38        		.byte	56
  75 0036 00        		.byte	0
  76 0037 E5        		.byte	-27
  77 0038 E0        		.byte	-32
  78 0039 E3        		.byte	-29
  79 003a E2        		.byte	-30
  80 003b 00        		.byte	0
  81 003c 00        		.byte	0
  82 003d 2C        		.byte	44
  83 003e 00        		.byte	0
  84 003f 00        		.byte	0
  85 0040 00        		.byte	0
  86 0041 00        		.byte	0
  87 0042 C0        		.byte	-64
  88 0043 E7        		.byte	-25
  89 0044 65        		.byte	101
  90 0045 E4        		.byte	-28
  91 0046 35        		.byte	53
  92 0047 1E        		.byte	30
  93 0048 1F        		.byte	31
  94 0049 20        		.byte	32
  95 004a 21        		.byte	33
  96 004b 22        		.byte	34
  97 004c 23        		.byte	35
  98 004d 24        		.byte	36
  99 004e 25        		.byte	37
 100 004f 26        		.byte	38
 101 0050 27        		.byte	39
 102 0051 2D        		.byte	45
 103 0052 2E        		.byte	46
 104 0053 2A        		.byte	42
 105 0054 2B        		.byte	43
 106 0055 14        		.byte	20
 107 0056 1A        		.byte	26
 108 0057 09        		.byte	9
 109 0058 13        		.byte	19
 110 0059 0A        		.byte	10
 111 005a 0D        		.byte	13
 112 005b 0F        		.byte	15
 113 005c 18        		.byte	24
 114 005d 1C        		.byte	28
 115 005e 33        		.byte	51
 116 005f 2F        		.byte	47
 117 0060 30        		.byte	48
 118 0061 31        		.byte	49
 119 0062 2A        		.byte	42
 120 0063 04        		.byte	4
 121 0064 15        		.byte	21
 122 0065 16        		.byte	22
 123 0066 17        		.byte	23
 124 0067 07        		.byte	7
 125 0068 0B        		.byte	11
 126 0069 11        		.byte	17
 127 006a 08        		.byte	8
 128 006b 0C        		.byte	12
 129 006c 12        		.byte	18
 130 006d 34        		.byte	52
 131 006e 00        		.byte	0
 132 006f 28        		.byte	40
 133 0070 E1        		.byte	-31
 134 0071 00        		.byte	0
 135 0072 1D        		.byte	29
 136 0073 1B        		.byte	27
 137 0074 06        		.byte	6
 138 0075 19        		.byte	25
 139 0076 05        		.byte	5
 140 0077 0E        		.byte	14
 141 0078 10        		.byte	16
 142 0079 36        		.byte	54
 143 007a 37        		.byte	55
 144 007b 38        		.byte	56
 145 007c 00        		.byte	0
 146 007d E5        		.byte	-27
 147 007e E0        		.byte	-32
 148 007f E3        		.byte	-29
 149 0080 E2        		.byte	-30
 150 0081 00        		.byte	0
 151 0082 00        		.byte	0
 152 0083 2C        		.byte	44
 153 0084 00        		.byte	0
 154 0085 00        		.byte	0
 155 0086 00        		.byte	0
 156 0087 00        		.byte	0
 157 0088 C0        		.byte	-64
 158 0089 E7        		.byte	-25
 159 008a 65        		.byte	101
 160 008b E4        		.byte	-28
 161 008c 35        		.byte	53
 162 008d 1E        		.byte	30
 163 008e 1F        		.byte	31
 164 008f 20        		.byte	32
 165 0090 21        		.byte	33
 166 0091 22        		.byte	34
 167 0092 23        		.byte	35
 168 0093 24        		.byte	36
 169 0094 25        		.byte	37
 170 0095 26        		.byte	38
 171 0096 27        		.byte	39
 172 0097 2F        		.byte	47
 173 0098 30        		.byte	48
 174 0099 2A        		.byte	42
 175 009a 2B        		.byte	43
 176 009b 34        		.byte	52
 177 009c 36        		.byte	54
 178 009d 37        		.byte	55
 179 009e 13        		.byte	19
 180 009f 1C        		.byte	28
 181 00a0 09        		.byte	9
 182 00a1 0A        		.byte	10
 183 00a2 06        		.byte	6
 184 00a3 15        		.byte	21
 185 00a4 0F        		.byte	15
 186 00a5 38        		.byte	56
 187 00a6 2E        		.byte	46
 188 00a7 31        		.byte	49
 189 00a8 39        		.byte	57
 190 00a9 04        		.byte	4
 191 00aa 12        		.byte	18
 192 00ab 08        		.byte	8
 193 00ac 18        		.byte	24
 194 00ad 0C        		.byte	12
 195 00ae 07        		.byte	7
 196 00af 0B        		.byte	11
 197 00b0 17        		.byte	23
 198 00b1 11        		.byte	17
 199 00b2 16        		.byte	22
 200 00b3 2D        		.byte	45
 201 00b4 00        		.byte	0
 202 00b5 28        		.byte	40
 203 00b6 E1        		.byte	-31
 204 00b7 00        		.byte	0
 205 00b8 33        		.byte	51
 206 00b9 14        		.byte	20
 207 00ba 0D        		.byte	13
 208 00bb 0E        		.byte	14
 209 00bc 1B        		.byte	27
 210 00bd 05        		.byte	5
 211 00be 10        		.byte	16
 212 00bf 1A        		.byte	26
 213 00c0 19        		.byte	25
 214 00c1 1D        		.byte	29
 215 00c2 00        		.byte	0
 216 00c3 E5        		.byte	-27
 217 00c4 E0        		.byte	-32
 218 00c5 E3        		.byte	-29
 219 00c6 E2        		.byte	-30
 220 00c7 00        		.byte	0
 221 00c8 00        		.byte	0
 222 00c9 2C        		.byte	44
 223 00ca 00        		.byte	0
 224 00cb 00        		.byte	0
 225 00cc 00        		.byte	0
 226 00cd 00        		.byte	0
 227 00ce C0        		.byte	-64
 228 00cf E7        		.byte	-25
 229 00d0 65        		.byte	101
 230 00d1 E4        		.byte	-28
 231 00d2 35        		.byte	53
 232 00d3 1E        		.byte	30
 233 00d4 1F        		.byte	31
 234 00d5 20        		.byte	32
 235 00d6 21        		.byte	33
 236 00d7 22        		.byte	34
 237 00d8 23        		.byte	35
 238 00d9 24        		.byte	36
 239 00da 25        		.byte	37
 240 00db 26        		.byte	38
 241 00dc 27        		.byte	39
 242 00dd 2D        		.byte	45
 243 00de 2E        		.byte	46
 244 00df 2A        		.byte	42
 245 00e0 2B        		.byte	43
 246 00e1 14        		.byte	20
 247 00e2 07        		.byte	7
 248 00e3 15        		.byte	21
 249 00e4 1A        		.byte	26
 250 00e5 05        		.byte	5
 251 00e6 0D        		.byte	13
 252 00e7 09        		.byte	9
 253 00e8 18        		.byte	24
 254 00e9 13        		.byte	19
 255 00ea 33        		.byte	51
 256 00eb 2F        		.byte	47
 257 00ec 30        		.byte	48
 258 00ed 31        		.byte	49
 259 00ee 2A        		.byte	42
 260 00ef 04        		.byte	4
 261 00f0 16        		.byte	22
 262 00f1 0B        		.byte	11
 263 00f2 17        		.byte	23
 264 00f3 0A        		.byte	10
 265 00f4 1C        		.byte	28
 266 00f5 11        		.byte	17
 267 00f6 08        		.byte	8
 268 00f7 12        		.byte	18
 269 00f8 0C        		.byte	12
 270 00f9 34        		.byte	52
 271 00fa 00        		.byte	0
 272 00fb 28        		.byte	40
 273 00fc E1        		.byte	-31
 274 00fd 00        		.byte	0
 275 00fe 1D        		.byte	29
 276 00ff 1B        		.byte	27
 277 0100 10        		.byte	16
 278 0101 06        		.byte	6
 279 0102 19        		.byte	25
 280 0103 0E        		.byte	14
 281 0104 0F        		.byte	15
 282 0105 36        		.byte	54
 283 0106 37        		.byte	55
 284 0107 38        		.byte	56
 285 0108 00        		.byte	0
 286 0109 E5        		.byte	-27
 287 010a E0        		.byte	-32
 288 010b E3        		.byte	-29
 289 010c E2        		.byte	-30
 290 010d 00        		.byte	0
 291 010e 00        		.byte	0
 292 010f 2C        		.byte	44
 293 0110 00        		.byte	0
 294 0111 00        		.byte	0
 295 0112 00        		.byte	0
 296 0113 00        		.byte	0
 297 0114 C0        		.byte	-64
 298 0115 E7        		.byte	-25
 299 0116 65        		.byte	101
 300 0117 E4        		.byte	-28
 301 0118 01        		.byte	1
 302 0119 01        		.byte	1
 303 011a 01        		.byte	1
 304 011b 01        		.byte	1
 305 011c 01        		.byte	1
 306 011d 01        		.byte	1
 307 011e 01        		.byte	1
 308 011f 01        		.byte	1
 309 0120 01        		.byte	1
 310 0121 01        		.byte	1
 311 0122 01        		.byte	1
 312 0123 01        		.byte	1
 313 0124 01        		.byte	1
 314 0125 01        		.byte	1
 315 0126 01        		.byte	1
 316 0127 01        		.byte	1
 317 0128 01        		.byte	1
 318 0129 01        		.byte	1
 319 012a 01        		.byte	1
 320 012b 01        		.byte	1
 321 012c 01        		.byte	1
 322 012d 01        		.byte	1
 323 012e 01        		.byte	1
 324 012f 01        		.byte	1
 325 0130 01        		.byte	1
 326 0131 01        		.byte	1
 327 0132 01        		.byte	1
 328 0133 01        		.byte	1
 329 0134 01        		.byte	1
 330 0135 01        		.byte	1
 331 0136 01        		.byte	1
 332 0137 01        		.byte	1
 333 0138 01        		.byte	1
 334 0139 01        		.byte	1
 335 013a 01        		.byte	1
 336 013b 01        		.byte	1
 337 013c 01        		.byte	1
 338 013d 01        		.byte	1
 339 013e 01        		.byte	1
 340 013f 01        		.byte	1
 341 0140 00        		.byte	0
 342 0141 01        		.byte	1
 343 0142 01        		.byte	1
 344 0143 00        		.byte	0
 345 0144 01        		.byte	1
 346 0145 01        		.byte	1
 347 0146 01        		.byte	1
 348 0147 01        		.byte	1
 349 0148 01        		.byte	1
 350 0149 01        		.byte	1
 351 014a 01        		.byte	1
 352 014b 01        		.byte	1
 353 014c 01        		.byte	1
 354 014d 01        		.byte	1
 355 014e 00        		.byte	0
 356 014f 52        		.byte	82
 357 0150 01        		.byte	1
 358 0151 01        		.byte	1
 359 0152 01        		.byte	1
 360 0153 00        		.byte	0
 361 0154 00        		.byte	0
 362 0155 01        		.byte	1
 363 0156 00        		.byte	0
 364 0157 00        		.byte	0
 365 0158 00        		.byte	0
 366 0159 00        		.byte	0
 367 015a 01        		.byte	1
 368 015b 50        		.byte	80
 369 015c 51        		.byte	81
 370 015d 4F        		.byte	79
 371 015e 29        		.byte	41
 372 015f 01        		.byte	1
 373 0160 01        		.byte	1
 374 0161 01        		.byte	1
 375 0162 01        		.byte	1
 376 0163 01        		.byte	1
 377 0164 01        		.byte	1
 378 0165 01        		.byte	1
 379 0166 01        		.byte	1
 380 0167 01        		.byte	1
 381 0168 01        		.byte	1
 382 0169 01        		.byte	1
 383 016a 01        		.byte	1
 384 016b 01        		.byte	1
 385 016c 01        		.byte	1
 386 016d 01        		.byte	1
 387 016e 01        		.byte	1
 388 016f 01        		.byte	1
 389 0170 01        		.byte	1
 390 0171 01        		.byte	1
 391 0172 01        		.byte	1
 392 0173 01        		.byte	1
 393 0174 01        		.byte	1
 394 0175 01        		.byte	1
 395 0176 01        		.byte	1
 396 0177 01        		.byte	1
 397 0178 01        		.byte	1
 398 0179 01        		.byte	1
 399 017a 01        		.byte	1
 400 017b 01        		.byte	1
 401 017c 01        		.byte	1
 402 017d 01        		.byte	1
 403 017e 01        		.byte	1
 404 017f 01        		.byte	1
 405 0180 01        		.byte	1
 406 0181 01        		.byte	1
 407 0182 01        		.byte	1
 408 0183 01        		.byte	1
 409 0184 01        		.byte	1
 410 0185 01        		.byte	1
 411 0186 00        		.byte	0
 412 0187 01        		.byte	1
 413 0188 01        		.byte	1
 414 0189 00        		.byte	0
 415 018a 01        		.byte	1
 416 018b 01        		.byte	1
 417 018c 01        		.byte	1
 418 018d 01        		.byte	1
 419 018e 01        		.byte	1
 420 018f 01        		.byte	1
 421 0190 01        		.byte	1
 422 0191 01        		.byte	1
 423 0192 01        		.byte	1
 424 0193 01        		.byte	1
 425 0194 00        		.byte	0
 426 0195 01        		.byte	1
 427 0196 01        		.byte	1
 428 0197 01        		.byte	1
 429 0198 01        		.byte	1
 430 0199 00        		.byte	0
 431 019a 00        		.byte	0
 432 019b 01        		.byte	1
 433 019c 00        		.byte	0
 434 019d 00        		.byte	0
 435 019e 00        		.byte	0
 436 019f 00        		.byte	0
 437 01a0 01        		.byte	1
 438 01a1 01        		.byte	1
 439 01a2 01        		.byte	1
 440 01a3 01        		.byte	1
 441 01a4 29        		.byte	41
 442 01a5 3A        		.byte	58
 443 01a6 3B        		.byte	59
 444 01a7 3C        		.byte	60
 445 01a8 3D        		.byte	61
 446 01a9 3E        		.byte	62
 447 01aa 3F        		.byte	63
 448 01ab 40        		.byte	64
 449 01ac 41        		.byte	65
 450 01ad 42        		.byte	66
 451 01ae 43        		.byte	67
 452 01af 44        		.byte	68
 453 01b0 45        		.byte	69
 454 01b1 01        		.byte	1
 455 01b2 01        		.byte	1
 456 01b3 C2        		.byte	-62
 457 01b4 52        		.byte	82
 458 01b5 01        		.byte	1
 459 01b6 01        		.byte	1
 460 01b7 01        		.byte	1
 461 01b8 01        		.byte	1
 462 01b9 01        		.byte	1
 463 01ba 01        		.byte	1
 464 01bb B2        		.byte	-78
 465 01bc 01        		.byte	1
 466 01bd 4A        		.byte	74
 467 01be 49        		.byte	73
 468 01bf C4        		.byte	-60
 469 01c0 01        		.byte	1
 470 01c1 50        		.byte	80
 471 01c2 51        		.byte	81
 472 01c3 4F        		.byte	79
 473 01c4 01        		.byte	1
 474 01c5 01        		.byte	1
 475 01c6 46        		.byte	70
 476 01c7 47        		.byte	71
 477 01c8 48        		.byte	72
 478 01c9 01        		.byte	1
 479 01ca C3        		.byte	-61
 480 01cb 4D        		.byte	77
 481 01cc 00        		.byte	0
 482 01cd 01        		.byte	1
 483 01ce 01        		.byte	1
 484 01cf 00        		.byte	0
 485 01d0 4C        		.byte	76
 486 01d1 01        		.byte	1
 487 01d2 B5        		.byte	-75
 488 01d3 A8        		.byte	-88
 489 01d4 A9        		.byte	-87
 490 01d5 AA        		.byte	-86
 491 01d6 01        		.byte	1
 492 01d7 4B        		.byte	75
 493 01d8 4E        		.byte	78
 494 01d9 4C        		.byte	76
 495 01da 00        		.byte	0
 496 01db 01        		.byte	1
 497 01dc 01        		.byte	1
 498 01dd 01        		.byte	1
 499 01de 01        		.byte	1
 500 01df 00        		.byte	0
 501 01e0 00        		.byte	0
 502 01e1 C1        		.byte	-63
 503 01e2 00        		.byte	0
 504 01e3 00        		.byte	0
 505 01e4 00        		.byte	0
 506 01e5 00        		.byte	0
 507 01e6 01        		.byte	1
 508 01e7 01        		.byte	1
 509 01e8 01        		.byte	1
 510 01e9 01        		.byte	1
 511 01ea C5        		.byte	-59
 512 01eb C6        		.byte	-58
 513 01ec C7        		.byte	-57
 514 01ed C8        		.byte	-56
 515 01ee 01        		.byte	1
 516 01ef 01        		.byte	1
 517 01f0 01        		.byte	1
 518 01f1 01        		.byte	1
 519 01f2 01        		.byte	1
 520 01f3 01        		.byte	1
 521 01f4 01        		.byte	1
 522 01f5 01        		.byte	1
 523 01f6 01        		.byte	1
 524 01f7 01        		.byte	1
 525 01f8 01        		.byte	1
 526 01f9 C5        		.byte	-59
 527 01fa C8        		.byte	-56
 528 01fb 01        		.byte	1
 529 01fc 01        		.byte	1
 530 01fd 01        		.byte	1
 531 01fe 01        		.byte	1
 532 01ff 01        		.byte	1
 533 0200 01        		.byte	1
 534 0201 01        		.byte	1
 535 0202 01        		.byte	1
 536 0203 01        		.byte	1
 537 0204 01        		.byte	1
 538 0205 01        		.byte	1
 539 0206 01        		.byte	1
 540 0207 01        		.byte	1
 541 0208 01        		.byte	1
 542 0209 C7        		.byte	-57
 543 020a 01        		.byte	1
 544 020b 01        		.byte	1
 545 020c 01        		.byte	1
 546 020d 01        		.byte	1
 547 020e 01        		.byte	1
 548 020f 01        		.byte	1
 549 0210 01        		.byte	1
 550 0211 01        		.byte	1
 551 0212 00        		.byte	0
 552 0213 01        		.byte	1
 553 0214 01        		.byte	1
 554 0215 00        		.byte	0
 555 0216 01        		.byte	1
 556 0217 01        		.byte	1
 557 0218 C6        		.byte	-58
 558 0219 01        		.byte	1
 559 021a 01        		.byte	1
 560 021b 01        		.byte	1
 561 021c 01        		.byte	1
 562 021d 01        		.byte	1
 563 021e 01        		.byte	1
 564 021f 01        		.byte	1
 565 0220 00        		.byte	0
 566 0221 01        		.byte	1
 567 0222 01        		.byte	1
 568 0223 01        		.byte	1
 569 0224 01        		.byte	1
 570 0225 00        		.byte	0
 571 0226 00        		.byte	0
 572 0227 01        		.byte	1
 573 0228 00        		.byte	0
 574 0229 00        		.byte	0
 575 022a 00        		.byte	0
 576 022b 00        		.byte	0
 577 022c 01        		.byte	1
 578 022d 01        		.byte	1
 579 022e 01        		.byte	1
 580 022f 01        		.byte	1
 581               	.global	fn_actions
 584               	fn_actions:
 585 0230 F1A6      		.word	-22799
 586 0232 218A      		.word	-30175
 587 0234 228A      		.word	-30174
 588 0236 2913      		.word	4905
 589 0238 F1A7      		.word	-22543
 590 023a 018C      		.word	-29695
 591 023c 028C      		.word	-29694
 592 023e 048C      		.word	-29692
 593 0240 088C      		.word	-29688
 594               		.comm keymap_config,1,1
 595               		.text
 596               	.Letext0:
DEFINED SYMBOLS
                            *ABS*:00000000 keymap_poker.c
C:\Users\User\AppData\Local\Temp/cc3Nu2IZ.s:2      *ABS*:0000003f __SREG__
C:\Users\User\AppData\Local\Temp/cc3Nu2IZ.s:3      *ABS*:0000003e __SP_H__
C:\Users\User\AppData\Local\Temp/cc3Nu2IZ.s:4      *ABS*:0000003d __SP_L__
C:\Users\User\AppData\Local\Temp/cc3Nu2IZ.s:5      *ABS*:00000034 __CCP__
C:\Users\User\AppData\Local\Temp/cc3Nu2IZ.s:6      *ABS*:00000000 __tmp_reg__
C:\Users\User\AppData\Local\Temp/cc3Nu2IZ.s:7      *ABS*:00000001 __zero_reg__
C:\Users\User\AppData\Local\Temp/cc3Nu2IZ.s:20     .progmem.data:00000000 keymaps
C:\Users\User\AppData\Local\Temp/cc3Nu2IZ.s:584    .progmem.data:00000230 fn_actions
                            *COM*:00000001 keymap_config

UNDEFINED SYMBOLS
__do_clear_bss
